#
# A fatal error has been detected by the Java Runtime Environment:
#
#  EXCEPTION_ACCESS_VIOLATION (0xc0000005) at pc=0x00007ffd9aa4a1a5, pid=9988, tid=22096
#
# JRE version: Java(TM) SE Runtime Environment (9.0+11) (build 9.0.4+11)
# Java VM: Java HotSpot(TM) 64-Bit Server VM (9.0.4+11, mixed mode, tiered, compressed oops, g1 gc, windows-amd64)
# Problematic frame:
# C  [librdi_common.dll+0x17a1a5]
#
# No core dump will be written. Minidumps are not enabled by default on client versions of Windows
#
# If you would like to submit a bug report, please visit:
#   http://bugreport.java.com/bugreport/crash.jsp
# The crash happened outside the Java Virtual Machine in native code.
# See problematic frame for where to report the bug.
#

---------------  S U M M A R Y ------------

Command Line: -Dsun.java2d.pmoffscreen=false -Dsun.java2d.xrender=false -Dsun.java2d.d3d=false -Dsun.awt.nopixfmt=true -Dsun.java2d.dpiaware=true -Dsun.java2d.uiScale.enabled=false -Xverify:none -Dswing.aatext=true -XX:-UsePerfData -Djdk.map.althashing.threshold=512 -XX:StringTableSize=4072 --add-opens=java.base/java.nio=ALL-UNNAMED --add-opens=java.desktop/sun.swing=ALL-UNNAMED --add-opens=java.desktop/javax.swing=ALL-UNNAMED --add-opens=java.desktop/javax.swing.tree=ALL-UNNAMED --add-opens=java.desktop/javax.swing.plaf.basic=ALL-UNNAMED --add-opens=java.desktop/javax.swing.plaf.synth=ALL-UNNAMED --add-opens=java.desktop/com.sun.awt=ALL-UNNAMED -XX:NewSize=60m -XX:MaxNewSize=60m -Xms128m -Xmx3072m -Xss5m 

Host: Intel(R) Core(TM) i9-9880H CPU @ 2.30GHz, 16 cores, 31G,  Windows 10 , 64 bit Build 19041 (10.0.19041.1503)
Time: Tue Mar 01 14:19:03 2022 Eastern Standard Time elapsed time: 2465 seconds (0d 0h 41m 5s)

---------------  T H R E A D  ---------------

Current thread (0x00000206c7f0e800):  JavaThread "AWT-EventQueue-1" [_thread_in_native, id=22096, stack(0x000000fafcf00000,0x000000fafd400000)]

Stack: [0x000000fafcf00000,0x000000fafd400000],  sp=0x000000fafd3fac30,  free space=5099k
Native frames: (J=compiled Java code, j=interpreted, Vv=VM code, C=native code)
C  [librdi_common.dll+0x17a1a5]
C  [librdi_common.dll+0x16ee15]
C  [librdi_common.dll+0x1386da]
C  [librdi_wavedata.dll+0x1e1eff]
C  [librdi_wavedata.dll+0x2621df]
C  [librdi_wavedata.dll+0x269e19]
C  [librdi_wavedata.dll+0x23a4cb]
C  [librdi_wavedata.dll+0x276de7]
C  0x00000206b49609ba

Java frames: (J=compiled Java code, j=interpreted, Vv=VM code)
J 26370  ui.views.waveform.waveformi.WVExecutive_getTooltipTextDelayed(J)Ljava/lang/String; (0 bytes) @ 0x00000206b4960921 [0x00000206b49608e0+0x0000000000000041]
J 26671 c1 ui.views.waveform.b.a.bG(Ljava/awt/event/MouseEvent;)V (135 bytes) @ 0x00000206ac5fce24 [0x00000206ac5fc780+0x00000000000006a4]
J 26432 c1 ui.views.waveform.b.a.mouseMoved(Ljava/awt/event/MouseEvent;)V (32 bytes) @ 0x00000206aef640c4 [0x00000206aef63b20+0x00000000000005a4]
J 17393 c2 java.awt.AWTEventMulticaster.mouseMoved(Ljava/awt/event/MouseEvent;)V java.desktop@9.0.4 (27 bytes) @ 0x00000206b3d8d574 [0x00000206b3d8d4c0+0x00000000000000b4]
J 27544 c2 javax.swing.JComponent.processMouseMotionEvent(Ljava/awt/event/MouseEvent;)V java.desktop@9.0.4 (46 bytes) @ 0x00000206b4b13340 [0x00000206b4b13260+0x00000000000000e0]
J 28849 c1 ui.frmwork.c.i.processMouseMotionEvent(Ljava/awt/event/MouseEvent;)V (131 bytes) @ 0x00000206ae5c03b4 [0x00000206ae5bf480+0x0000000000000f34]
J 14314 c2 java.awt.Container.processEvent(Ljava/awt/AWTEvent;)V java.desktop@9.0.4 (22 bytes) @ 0x00000206b3b94518 [0x00000206b3b943a0+0x0000000000000178]
J 28913 c2 java.awt.Component.dispatchEventImpl(Ljava/awt/AWTEvent;)V java.desktop@9.0.4 (739 bytes) @ 0x00000206b4bedd40 [0x00000206b4becae0+0x0000000000001260]
J 26933 c2 java.awt.Container.dispatchEventImpl(Ljava/awt/AWTEvent;)V java.desktop@9.0.4 (129 bytes) @ 0x00000206b4a19350 [0x00000206b4a18fe0+0x0000000000000370]
J 26670 c2 java.awt.LightweightDispatcher.retargetMouseEvent(Ljava/awt/Component;ILjava/awt/event/MouseEvent;)V java.desktop@9.0.4 (350 bytes) @ 0x00000206b37cea00 [0x00000206b37ce480+0x0000000000000580]
J 26880 c2 java.awt.LightweightDispatcher.processMouseEvent(Ljava/awt/event/MouseEvent;)Z java.desktop@9.0.4 (265 bytes) @ 0x00000206b49efd4c [0x00000206b49ef7c0+0x000000000000058c]
J 26933 c2 java.awt.Container.dispatchEventImpl(Ljava/awt/AWTEvent;)V java.desktop@9.0.4 (129 bytes) @ 0x00000206b4a19568 [0x00000206b4a18fe0+0x0000000000000588]
J 17392 c2 java.awt.Window.dispatchEventImpl(Ljava/awt/AWTEvent;)V java.desktop@9.0.4 (23 bytes) @ 0x00000206b3d8d10c [0x00000206b3d8d0c0+0x000000000000004c]
J 15418 c2 java.awt.EventQueue$3.run()Ljava/lang/Object; java.desktop@9.0.4 (5 bytes) @ 0x00000206b32b3fbc [0x00000206b32b3e00+0x00000000000001bc]
v  ~StubRoutines::call_stub
J 4263  java.security.AccessController.doPrivileged(Ljava/security/PrivilegedAction;Ljava/security/AccessControlContext;)Ljava/lang/Object; java.base@9.0.4 (0 bytes) @ 0x00000206b31258c6 [0x00000206b3125860+0x0000000000000066]
J 17311 c2 java.awt.EventQueue$4.run()Ljava/lang/Object; java.desktop@9.0.4 (5 bytes) @ 0x00000206b3d63da4 [0x00000206b3d63d40+0x0000000000000064]
v  ~StubRoutines::call_stub
J 4263  java.security.AccessController.doPrivileged(Ljava/security/PrivilegedAction;Ljava/security/AccessControlContext;)Ljava/lang/Object; java.base@9.0.4 (0 bytes) @ 0x00000206b31258c6 [0x00000206b3125860+0x0000000000000066]
J 15009 c2 ui.frmwork.b.d.dispatchEvent(Ljava/awt/AWTEvent;)V (34 bytes) @ 0x00000206b30c1834 [0x00000206b30c15c0+0x0000000000000274]
J 26898 c2 java.awt.EventDispatchThread.pumpOneEventForFilters(I)V java.desktop@9.0.4 (218 bytes) @ 0x00000206b4a10c48 [0x00000206b4a0ffe0+0x0000000000000c68]
J 21503% c2 java.awt.EventDispatchThread.pumpEventsForFilter(ILjava/awt/Conditional;Ljava/awt/EventFilter;)V java.desktop@9.0.4 (47 bytes) @ 0x00000206b3b9a8d8 [0x00000206b3b9a7c0+0x0000000000000118]
j  java.awt.EventDispatchThread.pumpEventsForHierarchy(ILjava/awt/Conditional;Ljava/awt/Component;)V+11 java.desktop@9.0.4
j  java.awt.EventDispatchThread.pumpEvents(ILjava/awt/Conditional;)V+4 java.desktop@9.0.4
j  java.awt.EventDispatchThread.pumpEvents(Ljava/awt/Conditional;)V+3 java.desktop@9.0.4
j  java.awt.EventDispatchThread.run()V+9 java.desktop@9.0.4
v  ~StubRoutines::call_stub

siginfo: EXCEPTION_ACCESS_VIOLATION (0xc0000005), reading address 0xffffffffffffffff


Register to memory mapping:

RIP=0x00007ffd9aa4a1a5 librdi_common.dll
RAX=0x000002069a5f9c01 is an unknown value
RBX=0x9006d806e064a885 is an unknown value
RCX=0x000002069a5f9cb0 is an unknown value
RDX=0x9006d806e064a885 is an unknown value
RSP=0x000000fafd3fac30 is pointing into the stack for thread: 0x00000206c7f0e800
RBP=0x000000fafd3fad60 is pointing into the stack for thread: 0x00000206c7f0e800
RSI=0x00000206cf11ec20 is an unknown value
RDI=0x000000fafd3fae48 is pointing into the stack for thread: 0x00000206c7f0e800
R8 =0x000000fafd3fae48 is pointing into the stack for thread: 0x00000206c7f0e800
R9 =0x0000000000000000 is an unknown value
R10=0x00007ffe1e4b0000 VCRUNTIME140.dll
R11=0x0c004208000000a8 is an unknown value
R12=0x000000fafd3fae48 is pointing into the stack for thread: 0x00000206c7f0e800
R13=0x0000000000000000 is an unknown value
R14=0x000002069a457750 is an unknown value
R15=0x9006d806e064a885 is an unknown value


Registers:
RAX=0x000002069a5f9c01, RBX=0x9006d806e064a885, RCX=0x000002069a5f9cb0, RDX=0x9006d806e064a885
RSP=0x000000fafd3fac30, RBP=0x000000fafd3fad60, RSI=0x00000206cf11ec20, RDI=0x000000fafd3fae48
R8 =0x000000fafd3fae48, R9 =0x0000000000000000, R10=0x00007ffe1e4b0000, R11=0x0c004208000000a8
R12=0x000000fafd3fae48, R13=0x0000000000000000, R14=0x000002069a457750, R15=0x9006d806e064a885
RIP=0x00007ffd9aa4a1a5, EFLAGS=0x0000000000010202

Top of Stack: (sp=0x000000fafd3fac30)
0x000000fafd3fac30:   000000fafd3fafe0 00007ffe18d83107
0x000000fafd3fac40:   000000fa00000000 9006d806e064a885
0x000000fafd3fac50:   9006d806e064a885 00007ffd9aa3ee15
0x000000fafd3fac60:   000000317633e132 00007ffe18d8336f
0x000000fafd3fac70:   000048b0fdba162d 0000000000000000
0x000000fafd3fac80:   00000206d6461c60 00000206dbb817d0
0x000000fafd3fac90:   0000000000000002 00007ffd9aaa8985
0x000000fafd3faca0:   00000206cd504c50 00000206dbb817d8
0x000000fafd3facb0:   00000206dbb81818 00000206dbb817d0
0x000000fafd3facc0:   fffffffffffffffe 00007ffd9b016a6d
0x000000fafd3facd0:   fffffffffffffffe 00007ffd9b703fe0
0x000000fafd3face0:   00000206dbb817d0 0000020697688128
0x000000fafd3facf0:   000000fafd3fae48 00007ffd9aaa7c76
0x000000fafd3fad00:   00000206dbb817d0 000000fafd3fae48
0x000000fafd3fad10:   0000020600000002 0000000000000000
0x000000fafd3fad20:   fffffffffffffffe 000000000000000f 

Instructions: (pc=0x00007ffd9aa4a1a5)
0x00007ffd9aa4a185:   20 48 8b d9 e8 22 c4 04 00 48 8b c8 48 8b d3 e8
0x00007ffd9aa4a195:   27 0d 05 00 84 c0 75 08 33 c0 48 83 c4 20 5b c3
0x00007ffd9aa4a1a5:   48 8b 4b 50 48 85 c9 74 0a 48 83 c4 20 5b e9 68
0x00007ffd9aa4a1b5:   e2 04 00 48 8b d3 48 8d 0d 26 fc 73 00 e8 59 b7 



---------------  P R O C E S S  ---------------

Java Threads: ( => current thread )
  0x0000020694bfd000 JavaThread "Relaunch Simulation" [_thread_blocked, id=20564, stack(0x000000fa81700000,0x000000fa81c00000)]
  0x00000206cf394000 JavaThread "Swing-Shell" daemon [_thread_blocked, id=21096, stack(0x000000fa82b00000,0x000000fa83000000)]
  0x00000206cf397000 JavaThread "SyntheticaAnimation 50" daemon [_thread_blocked, id=11452, stack(0x000000fa81c00000,0x000000fa82100000)]
  0x00000206cf399800 JavaThread "Image Animator 0" daemon [_thread_blocked, id=15732, stack(0x000000fa82100000,0x000000fa82600000)]
  0x00000206cf38f000 JavaThread "SyntheticaAnimation 50" daemon [_thread_blocked, id=20492, stack(0x000000fa80000000,0x000000fa80500000)]
  0x00000206cf38e000 JavaThread "Update Runs Swing Worker" [_thread_blocked, id=22120, stack(0x000000fa80a00000,0x000000fa80f00000)]
  0x00000206cf393800 JavaThread "hw_ila_monitor" [_thread_blocked, id=1652, stack(0x000000faff500000,0x000000faffa00000)]
  0x00000206cf392800 JavaThread "Refresh Filesets Swing Worker" [_thread_blocked, id=8860, stack(0x000000faff000000,0x000000faff500000)]
  0x00000206cf392000 JavaThread "SyntheticaAnimation 70" daemon [_thread_blocked, id=20520, stack(0x000000fafd400000,0x000000fafd900000)]
  0x00000206cf391000 JavaThread "SyntheticaAnimation 25" daemon [_thread_blocked, id=13868, stack(0x000000fafeb00000,0x000000faff000000)]
  0x00000206a42f7000 JavaThread "SyntheticaAnimation 50" daemon [_thread_blocked, id=15108, stack(0x000000fafe600000,0x000000fafeb00000)]
  0x00000206a42f7800 JavaThread "Monitor HEventQueue" [_thread_blocked, id=5572, stack(0x000000fafe100000,0x000000fafe600000)]
  0x00000206a42f6000 JavaThread "SyntheticaCleanerThread" daemon [_thread_blocked, id=21684, stack(0x000000fafd900000,0x000000fafde00000)]
  0x00000206a42f8800 JavaThread "Batik CleanerThread" daemon [_thread_blocked, id=9168, stack(0x000000fafc500000,0x000000fafca00000)]
=>0x00000206c7f0e800 JavaThread "AWT-EventQueue-1" [_thread_in_native, id=22096, stack(0x000000fafcf00000,0x000000fafd400000)]
  0x00000206a411b000 JavaThread "Process Messages" [_thread_blocked, id=11828, stack(0x000000fafca00000,0x000000fafcf00000)]
  0x00000206c7b52800 JavaThread "Thread-1" [_thread_in_native, id=20788, stack(0x000000faf4500000,0x000000faf5900000)]
  0x00000206a4438800 JavaThread "TimerQueue" daemon [_thread_blocked, id=19116, stack(0x000000fafbb00000,0x000000fafc000000)]
  0x00000206a3fd0800 JavaThread "AWT-Windows" daemon [_thread_in_native, id=18708, stack(0x000000fafb600000,0x000000fafbb00000)]
  0x00000206a3fe4800 JavaThread "AWT-Shutdown" [_thread_blocked, id=20528, stack(0x000000fafb100000,0x000000fafb600000)]
  0x00000206a3fcb800 JavaThread "Java2D Disposer" daemon [_thread_blocked, id=23540, stack(0x000000fafac00000,0x000000fafb100000)]
  0x000002069eeca000 JavaThread "Service Thread" daemon [_thread_blocked, id=18256, stack(0x000000fafa600000,0x000000fafab00000)]
  0x00000206a2c26800 JavaThread "Common-Cleaner" daemon [_thread_blocked, id=10788, stack(0x000000fafa100000,0x000000fafa600000)]
  0x00000206a2c1c800 JavaThread "Sweeper thread" daemon [_thread_blocked, id=23004, stack(0x000000faf9c00000,0x000000fafa100000)]
  0x00000206a2c1b000 JavaThread "C1 CompilerThread11" daemon [_thread_blocked, id=10696, stack(0x000000faf9b00000,0x000000faf9c00000)]
  0x00000206a2c1a000 JavaThread "C1 CompilerThread10" daemon [_thread_blocked, id=19412, stack(0x000000faf9a00000,0x000000faf9b00000)]
  0x00000206a2c19800 JavaThread "C1 CompilerThread9" daemon [_thread_blocked, id=22744, stack(0x000000faf9900000,0x000000faf9a00000)]
  0x00000206a2c18800 JavaThread "C1 CompilerThread8" daemon [_thread_blocked, id=22820, stack(0x000000faf9800000,0x000000faf9900000)]
  0x00000206a2c13800 JavaThread "C2 CompilerThread7" daemon [_thread_blocked, id=19232, stack(0x000000faf9700000,0x000000faf9800000)]
  0x00000206a2c12000 JavaThread "C2 CompilerThread6" daemon [_thread_blocked, id=23524, stack(0x000000faf9600000,0x000000faf9700000)]
  0x00000206a2c10800 JavaThread "C2 CompilerThread5" daemon [_thread_blocked, id=12128, stack(0x000000faf9500000,0x000000faf9600000)]
  0x00000206a2c10000 JavaThread "C2 CompilerThread4" daemon [_thread_blocked, id=5260, stack(0x000000faf9400000,0x000000faf9500000)]
  0x00000206a2c0b000 JavaThread "C2 CompilerThread3" daemon [_thread_blocked, id=19632, stack(0x000000faf9300000,0x000000faf9400000)]
  0x00000206a2c0a000 JavaThread "C2 CompilerThread2" daemon [_thread_blocked, id=12160, stack(0x000000faf9200000,0x000000faf9300000)]
  0x00000206a2c09000 JavaThread "C2 CompilerThread1" daemon [_thread_blocked, id=15752, stack(0x000000faf9100000,0x000000faf9200000)]
  0x00000206a2c08800 JavaThread "C2 CompilerThread0" daemon [_thread_blocked, id=5252, stack(0x000000faf9000000,0x000000faf9100000)]
  0x00000206a38cd800 JavaThread "Attach Listener" daemon [_thread_blocked, id=9940, stack(0x000000faf8b00000,0x000000faf9000000)]
  0x00000206a38cd000 JavaThread "Signal Dispatcher" daemon [_thread_blocked, id=5228, stack(0x000000faf8600000,0x000000faf8b00000)]
  0x00000206a0f97000 JavaThread "Finalizer" daemon [_thread_blocked, id=14168, stack(0x000000faf8100000,0x000000faf8600000)]
  0x00000206a0f95800 JavaThread "Reference Handler" daemon [_thread_blocked, id=11752, stack(0x000000faf7c00000,0x000000faf8100000)]
  0x00000206a1807800 JavaThread "main" [_thread_blocked, id=22460, stack(0x000000faf5b00000,0x000000faf5c00000)]

Other Threads:
  0x00000206a0f88800 VMThread "VM Thread" [stack: 0x000000faf7b00000,0x000000faf7c00000] [id=9208]
  0x000002069e829800 WatcherThread [stack: 0x000000fafab00000,0x000000fafac00000] [id=5504]
  0x000002069df0a800 GCTaskThread "GC Thread#0" [stack: 0x000000faf5c00000,0x000000faf5d00000] [id=9596]
  0x00000206a0cab800 GCTaskThread "GC Thread#1" [stack: 0x000000faf5d00000,0x000000faf5e00000] [id=2712]
  0x00000206a0268800 GCTaskThread "GC Thread#2" [stack: 0x000000faf5e00000,0x000000faf5f00000] [id=2412]
  0x00000206a0269000 GCTaskThread "GC Thread#3" [stack: 0x000000faf5f00000,0x000000faf6000000] [id=2824]
  0x00000206a2c36800 GCTaskThread "GC Thread#4" [stack: 0x000000faf6000000,0x000000faf6100000] [id=20604]
  0x00000206a0cd3000 GCTaskThread "GC Thread#5" [stack: 0x000000faf6100000,0x000000faf6200000] [id=15704]
  0x00000206a0ddf800 GCTaskThread "GC Thread#6" [stack: 0x000000faf6200000,0x000000faf6300000] [id=15348]
  0x00000206a0de0800 GCTaskThread "GC Thread#7" [stack: 0x000000faf6300000,0x000000faf6400000] [id=9348]
  0x00000206a0f48000 GCTaskThread "GC Thread#8" [stack: 0x000000faf6400000,0x000000faf6500000] [id=1000]
  0x00000206a0f49000 GCTaskThread "GC Thread#9" [stack: 0x000000faf6500000,0x000000faf6600000] [id=2768]
  0x00000206a0f4b800 GCTaskThread "GC Thread#10" [stack: 0x000000faf6600000,0x000000faf6700000] [id=15824]
  0x00000206a0f49800 GCTaskThread "GC Thread#11" [stack: 0x000000faf6700000,0x000000faf6800000] [id=1480]
  0x00000206a0f4e000 GCTaskThread "GC Thread#12" [stack: 0x000000faf6800000,0x000000faf6900000] [id=21132]
  0x00000206a2cce000 ConcurrentGCThread "G1 Main Marker" [stack: 0x000000faf7700000,0x000000faf7800000] [id=22312]
  0x00000206a0f4a000 ConcurrentGCThread "G1 Marker#0" [stack: 0x000000faf7800000,0x000000faf7900000] [id=10080]
  0x00000206a0f4a800 ConcurrentGCThread "G1 Marker#1" [stack: 0x000000faf7900000,0x000000faf7a00000] [id=15104]
  0x00000206a0f4c000 ConcurrentGCThread "G1 Marker#2" [stack: 0x000000faf7a00000,0x000000faf7b00000] [id=15976]
  0x00000206a3504000 ConcurrentGCThread "G1 Refine#0" [stack: 0x000000faf7500000,0x000000faf7600000] [id=14656]
  0x00000206a3502800 ConcurrentGCThread "G1 Refine#1" [stack: 0x000000faf7400000,0x000000faf7500000] [id=10660]
  0x00000206a3503000 ConcurrentGCThread "G1 Refine#2" [stack: 0x000000faf7300000,0x000000faf7400000] [id=6808]
  0x00000206a3501000 ConcurrentGCThread "G1 Refine#3" [stack: 0x000000faf7200000,0x000000faf7300000] [id=19480]
  0x00000206a3500800 ConcurrentGCThread "G1 Refine#4" [stack: 0x000000faf7100000,0x000000faf7200000] [id=20968]
  0x00000206a3504800 ConcurrentGCThread "G1 Refine#5" [stack: 0x000000faf7000000,0x000000faf7100000] [id=11016]
  0x00000206a3502000 ConcurrentGCThread "G1 Refine#6" [stack: 0x000000faf6f00000,0x000000faf7000000] [id=4124]
  0x00000206a3500000 ConcurrentGCThread "G1 Refine#7" [stack: 0x000000faf6e00000,0x000000faf6f00000] [id=15424]
  0x00000206a34fe000 ConcurrentGCThread "G1 Refine#8" [stack: 0x000000faf6d00000,0x000000faf6e00000] [id=16828]
  0x00000206a34ff800 ConcurrentGCThread "G1 Refine#9" [stack: 0x000000faf6c00000,0x000000faf6d00000] [id=21216]
  0x00000206a0f57800 ConcurrentGCThread "G1 Refine#10" [stack: 0x000000faf6b00000,0x000000faf6c00000] [id=4392]
  0x00000206a0f50000 ConcurrentGCThread "G1 Refine#11" [stack: 0x000000faf6a00000,0x000000faf6b00000] [id=12032]
  0x00000206a0bb6800 ConcurrentGCThread "G1 Refine#12" [stack: 0x000000faf6900000,0x000000faf6a00000] [id=5392]
  0x00000206a350f000 ConcurrentGCThread "G1 Young RemSet Sampling" [stack: 0x000000faf7600000,0x000000faf7700000] [id=196]

Threads with active compile tasks:

VM state:not at safepoint (normal execution)

VM Mutex/Monitor currently owned by a thread: None

Heap address: 0x0000000700000000, size: 3072 MB, Compressed Oops mode: Zero based, Oop shift amount: 3
Narrow klass base: 0x0000000000000000, Narrow klass shift: 3
Compressed class space size: 1073741824 Address: 0x00000007c0000000

Heap:
 garbage-first heap   total 400384K, used 199760K [0x0000000700000000, 0x0000000700100c38, 0x00000007c0000000)
  region size 1024K, 45 young (46080K), 1 survivors (1024K)
 Metaspace       used 97470K, capacity 104985K, committed 105216K, reserved 1138688K
  class space    used 14038K, capacity 15311K, committed 15360K, reserved 1048576K
Heap Regions: E=young(eden), S=young(survivor), O=old, HS=humongous(starts), HC=humongous(continues), CS=collection set, F=free, A=archive, TS=gc time stamp, AC=allocation context, TAMS=top-at-mark-start (previous, next)
|   0|0x0000000700000000, 0x00000007000f6220, 0x0000000700100000| 96%| O|  |TS  0|AC  0|TAMS 0x0000000700000000, 0x0000000700000000|
|   1|0x0000000700100000, 0x0000000700200000, 0x0000000700200000|100%|HS|  |TS  0|AC  0|TAMS 0x0000000700100000, 0x0000000700100000|
|   2|0x0000000700200000, 0x0000000700300000, 0x0000000700300000|100%|HC|  |TS  0|AC  0|TAMS 0x0000000700200000, 0x0000000700200000|
|   3|0x0000000700300000, 0x0000000700400000, 0x0000000700400000|100%|HS|  |TS  0|AC  0|TAMS 0x0000000700300000, 0x0000000700300000|
|   4|0x0000000700400000, 0x00000007004f9320, 0x0000000700500000| 97%| O|  |TS  0|AC  0|TAMS 0x0000000700400000, 0x0000000700400000|
|   5|0x0000000700500000, 0x00000007005fffd8, 0x0000000700600000| 99%| O|  |TS  0|AC  0|TAMS 0x0000000700500000, 0x0000000700500000|
|   6|0x0000000700600000, 0x00000007006ffff0, 0x0000000700700000| 99%| O|  |TS  0|AC  0|TAMS 0x0000000700600000, 0x0000000700600000|
|   7|0x0000000700700000, 0x00000007007ffff8, 0x0000000700800000| 99%| O|  |TS  0|AC  0|TAMS 0x0000000700700000, 0x0000000700700000|
|   8|0x0000000700800000, 0x00000007008ffff8, 0x0000000700900000| 99%| O|  |TS  0|AC  0|TAMS 0x0000000700800000, 0x0000000700800000|
|   9|0x0000000700900000, 0x00000007009ffff0, 0x0000000700a00000| 99%| O|  |TS  0|AC  0|TAMS 0x0000000700900000, 0x0000000700900000|
|  10|0x0000000700a00000, 0x0000000700aca768, 0x0000000700b00000| 79%| O|  |TS  0|AC  0|TAMS 0x0000000700a00000, 0x0000000700a00000|
|  11|0x0000000700b00000, 0x0000000700c00000, 0x0000000700c00000|100%|HS|  |TS  0|AC  0|TAMS 0x0000000700b00000, 0x0000000700b00000|
|  12|0x0000000700c00000, 0x0000000700d00000, 0x0000000700d00000|100%|HC|  |TS  0|AC  0|TAMS 0x0000000700c00000, 0x0000000700c00000|
|  13|0x0000000700d00000, 0x0000000700dfeed0, 0x0000000700e00000| 99%| O|  |TS  0|AC  0|TAMS 0x0000000700d00000, 0x0000000700d00000|
|  14|0x0000000700e00000, 0x0000000700efed50, 0x0000000700f00000| 99%| O|  |TS  0|AC  0|TAMS 0x0000000700e00000, 0x0000000700e00000|
|  15|0x0000000700f00000, 0x0000000700ff7748, 0x0000000701000000| 96%| O|  |TS  0|AC  0|TAMS 0x0000000700f00000, 0x0000000700f00000|
|  16|0x0000000701000000, 0x00000007010ffff8, 0x0000000701100000| 99%| O|  |TS  0|AC  0|TAMS 0x0000000701000000, 0x0000000701000000|
|  17|0x0000000701100000, 0x00000007011fffe8, 0x0000000701200000| 99%| O|  |TS  0|AC  0|TAMS 0x0000000701100000, 0x0000000701100000|
|  18|0x0000000701200000, 0x00000007012ffff0, 0x0000000701300000| 99%| O|  |TS  0|AC  0|TAMS 0x0000000701200000, 0x0000000701200000|
|  19|0x0000000701300000, 0x00000007013ffff8, 0x0000000701400000| 99%| O|  |TS  0|AC  0|TAMS 0x0000000701300000, 0x0000000701300000|
|  20|0x0000000701400000, 0x00000007014ffff8, 0x0000000701500000| 99%| O|  |TS  0|AC  0|TAMS 0x0000000701400000, 0x0000000701400000|
|  21|0x0000000701500000, 0x0000000701600000, 0x0000000701600000|100%|HS|  |TS  0|AC  0|TAMS 0x0000000701500000, 0x0000000701500000|
|  22|0x0000000701600000, 0x00000007016ffff0, 0x0000000701700000| 99%| O|  |TS  0|AC  0|TAMS 0x0000000701600000, 0x0000000701600000|
|  23|0x0000000701700000, 0x0000000701800000, 0x0000000701800000|100%|HS|  |TS  0|AC  0|TAMS 0x0000000701700000, 0x0000000701700000|
|  24|0x0000000701800000, 0x0000000701900000, 0x0000000701900000|100%|HS|  |TS  0|AC  0|TAMS 0x0000000701800000, 0x0000000701800000|
|  25|0x0000000701900000, 0x00000007019ffff0, 0x0000000701a00000| 99%| O|  |TS  0|AC  0|TAMS 0x0000000701900000, 0x0000000701900000|
|  26|0x0000000701a00000, 0x0000000701afffe0, 0x0000000701b00000| 99%| O|  |TS  0|AC  0|TAMS 0x0000000701a00000, 0x0000000701a00000|
|  27|0x0000000701b00000, 0x0000000701bffff8, 0x0000000701c00000| 99%| O|  |TS  0|AC  0|TAMS 0x0000000701b00000, 0x0000000701b00000|
|  28|0x0000000701c00000, 0x0000000701cfffe8, 0x0000000701d00000| 99%| O|  |TS  0|AC  0|TAMS 0x0000000701c00000, 0x0000000701c00000|
|  29|0x0000000701d00000, 0x0000000701dfffe8, 0x0000000701e00000| 99%| O|  |TS  0|AC  0|TAMS 0x0000000701d00000, 0x0000000701d00000|
|  30|0x0000000701e00000, 0x0000000701f00000, 0x0000000701f00000|100%| O|  |TS  0|AC  0|TAMS 0x0000000701e00000, 0x0000000701e00000|
|  31|0x0000000701f00000, 0x0000000701fff480, 0x0000000702000000| 99%| O|  |TS  0|AC  0|TAMS 0x0000000701f00000, 0x0000000701f00000|
|  32|0x0000000702000000, 0x00000007020fffd8, 0x0000000702100000| 99%| O|  |TS  0|AC  0|TAMS 0x0000000702000000, 0x0000000702000000|
|  33|0x0000000702100000, 0x00000007021fffb0, 0x0000000702200000| 99%| O|  |TS  0|AC  0|TAMS 0x0000000702100000, 0x0000000702100000|
|  34|0x0000000702200000, 0x00000007022fffe0, 0x0000000702300000| 99%| O|  |TS  0|AC  0|TAMS 0x0000000702200000, 0x0000000702200000|
|  35|0x0000000702300000, 0x0000000702400000, 0x0000000702400000|100%| O|  |TS  0|AC  0|TAMS 0x0000000702300000, 0x0000000702300000|
|  36|0x0000000702400000, 0x00000007024fffd0, 0x0000000702500000| 99%| O|  |TS  0|AC  0|TAMS 0x0000000702400000, 0x0000000702400000|
|  37|0x0000000702500000, 0x0000000702600000, 0x0000000702600000|100%| O|  |TS  0|AC  0|TAMS 0x0000000702500000, 0x0000000702500000|
|  38|0x0000000702600000, 0x00000007026ffff8, 0x0000000702700000| 99%| O|  |TS  0|AC  0|TAMS 0x0000000702600000, 0x0000000702600000|
|  39|0x0000000702700000, 0x00000007027fffc8, 0x0000000702800000| 99%| O|  |TS  0|AC  0|TAMS 0x0000000702700000, 0x0000000702700000|
|  40|0x0000000702800000, 0x00000007028ffff8, 0x0000000702900000| 99%| O|  |TS  0|AC  0|TAMS 0x0000000702800000, 0x0000000702800000|
|  41|0x0000000702900000, 0x00000007029ffff0, 0x0000000702a00000| 99%| O|  |TS  0|AC  0|TAMS 0x0000000702900000, 0x0000000702900000|
|  42|0x0000000702a00000, 0x0000000702afed88, 0x0000000702b00000| 99%| O|  |TS  0|AC  0|TAMS 0x0000000702a00000, 0x0000000702a00000|
|  43|0x0000000702b00000, 0x0000000702bfffe0, 0x0000000702c00000| 99%| O|  |TS  0|AC  0|TAMS 0x0000000702b00000, 0x0000000702b00000|
|  44|0x0000000702c00000, 0x0000000702cfffd0, 0x0000000702d00000| 99%| O|  |TS  0|AC  0|TAMS 0x0000000702c00000, 0x0000000702c00000|
|  45|0x0000000702d00000, 0x0000000702dfffc0, 0x0000000702e00000| 99%| O|  |TS  0|AC  0|TAMS 0x0000000702d00000, 0x0000000702d00000|
|  46|0x0000000702e00000, 0x0000000702efdf20, 0x0000000702f00000| 99%| O|  |TS  0|AC  0|TAMS 0x0000000702e00000, 0x0000000702e00000|
|  47|0x0000000702f00000, 0x0000000702ffffe8, 0x0000000703000000| 99%| O|  |TS  0|AC  0|TAMS 0x0000000702f00000, 0x0000000702f00000|
|  48|0x0000000703000000, 0x00000007030ffff8, 0x0000000703100000| 99%| O|  |TS  0|AC  0|TAMS 0x0000000703000000, 0x0000000703000000|
|  49|0x0000000703100000, 0x00000007031ffff0, 0x0000000703200000| 99%| O|  |TS  0|AC  0|TAMS 0x0000000703100000, 0x0000000703100000|
|  50|0x0000000703200000, 0x0000000703300000, 0x0000000703300000|100%| O|  |TS  0|AC  0|TAMS 0x0000000703200000, 0x0000000703200000|
|  51|0x0000000703300000, 0x00000007033fffb8, 0x0000000703400000| 99%| O|  |TS  0|AC  0|TAMS 0x0000000703300000, 0x0000000703300000|
|  52|0x0000000703400000, 0x00000007034fff30, 0x0000000703500000| 99%| O|  |TS  0|AC  0|TAMS 0x0000000703400000, 0x0000000703400000|
|  53|0x0000000703500000, 0x0000000703600000, 0x0000000703600000|100%| O|  |TS  0|AC  0|TAMS 0x0000000703500000, 0x0000000703500000|
|  54|0x0000000703600000, 0x00000007036ff948, 0x0000000703700000| 99%| O|  |TS  0|AC  0|TAMS 0x0000000703600000, 0x0000000703600000|
|  55|0x0000000703700000, 0x00000007037ffee0, 0x0000000703800000| 99%| O|  |TS  0|AC  0|TAMS 0x0000000703700000, 0x0000000703700000|
|  56|0x0000000703800000, 0x00000007038fffd8, 0x0000000703900000| 99%| O|  |TS  0|AC  0|TAMS 0x0000000703800000, 0x0000000703800000|
|  57|0x0000000703900000, 0x00000007039ffa58, 0x0000000703a00000| 99%| O|  |TS  0|AC  0|TAMS 0x0000000703900000, 0x0000000703900000|
|  58|0x0000000703a00000, 0x0000000703affff8, 0x0000000703b00000| 99%| O|  |TS  0|AC  0|TAMS 0x0000000703a00000, 0x0000000703a00000|
|  59|0x0000000703b00000, 0x0000000703c00000, 0x0000000703c00000|100%| O|  |TS  0|AC  0|TAMS 0x0000000703b00000, 0x0000000703b00000|
|  60|0x0000000703c00000, 0x0000000703cffff0, 0x0000000703d00000| 99%| O|  |TS  0|AC  0|TAMS 0x0000000703c00000, 0x0000000703c00000|
|  61|0x0000000703d00000, 0x0000000703dffff8, 0x0000000703e00000| 99%| O|  |TS  0|AC  0|TAMS 0x0000000703d00000, 0x0000000703d00000|
|  62|0x0000000703e00000, 0x0000000703efff60, 0x0000000703f00000| 99%| O|  |TS  0|AC  0|TAMS 0x0000000703e00000, 0x0000000703e00000|
|  63|0x0000000703f00000, 0x0000000703fffff8, 0x0000000704000000| 99%| O|  |TS  0|AC  0|TAMS 0x0000000703f00000, 0x0000000703f00000|
|  64|0x0000000704000000, 0x00000007040fff90, 0x0000000704100000| 99%| O|  |TS  0|AC  0|TAMS 0x0000000704000000, 0x0000000704000000|
|  65|0x0000000704100000, 0x00000007041fff38, 0x0000000704200000| 99%| O|  |TS  0|AC  0|TAMS 0x0000000704100000, 0x0000000704100000|
|  66|0x0000000704200000, 0x00000007042ffef8, 0x0000000704300000| 99%| O|  |TS  0|AC  0|TAMS 0x0000000704200000, 0x0000000704200000|
|  67|0x0000000704300000, 0x00000007043ffeb0, 0x0000000704400000| 99%| O|  |TS  0|AC  0|TAMS 0x0000000704300000, 0x0000000704300000|
|  68|0x0000000704400000, 0x00000007044ffa98, 0x0000000704500000| 99%| O|  |TS  0|AC  0|TAMS 0x0000000704400000, 0x0000000704400000|
|  69|0x0000000704500000, 0x0000000704600000, 0x0000000704600000|100%| O|  |TS  0|AC  0|TAMS 0x0000000704500000, 0x0000000704500000|
|  70|0x0000000704600000, 0x00000007046ffec8, 0x0000000704700000| 99%| O|  |TS  0|AC  0|TAMS 0x0000000704600000, 0x0000000704600000|
|  71|0x0000000704700000, 0x00000007047fe640, 0x0000000704800000| 99%| O|  |TS  0|AC  0|TAMS 0x0000000704700000, 0x0000000704700000|
|  72|0x0000000704800000, 0x0000000704900000, 0x0000000704900000|100%| O|  |TS  0|AC  0|TAMS 0x0000000704800000, 0x0000000704800000|
|  73|0x0000000704900000, 0x00000007049fffd8, 0x0000000704a00000| 99%| O|  |TS  0|AC  0|TAMS 0x0000000704900000, 0x0000000704900000|
|  74|0x0000000704a00000, 0x0000000704affeb8, 0x0000000704b00000| 99%| O|  |TS  0|AC  0|TAMS 0x0000000704a00000, 0x0000000704a00000|
|  75|0x0000000704b00000, 0x0000000704bfffe0, 0x0000000704c00000| 99%| O|  |TS  0|AC  0|TAMS 0x0000000704b00000, 0x0000000704b00000|
|  76|0x0000000704c00000, 0x0000000704cf4fa0, 0x0000000704d00000| 95%| O|  |TS  0|AC  0|TAMS 0x0000000704c00000, 0x0000000704c00000|
|  77|0x0000000704d00000, 0x0000000704e00000, 0x0000000704e00000|100%| O|  |TS  0|AC  0|TAMS 0x0000000704d00000, 0x0000000704d00000|
|  78|0x0000000704e00000, 0x0000000704efff20, 0x0000000704f00000| 99%| O|  |TS  0|AC  0|TAMS 0x0000000704e00000, 0x0000000704e00000|
|  79|0x0000000704f00000, 0x0000000704fffff0, 0x0000000705000000| 99%| O|  |TS  0|AC  0|TAMS 0x0000000704f00000, 0x0000000704f00000|
|  80|0x0000000705000000, 0x00000007050feec0, 0x0000000705100000| 99%| O|  |TS  0|AC  0|TAMS 0x0000000705000000, 0x0000000705000000|
|  81|0x0000000705100000, 0x00000007051fffc8, 0x0000000705200000| 99%| O|  |TS  0|AC  0|TAMS 0x0000000705100000, 0x0000000705100000|
|  82|0x0000000705200000, 0x00000007052fe7e8, 0x0000000705300000| 99%| O|  |TS  0|AC  0|TAMS 0x0000000705200000, 0x0000000705200000|
|  83|0x0000000705300000, 0x00000007053ffff8, 0x0000000705400000| 99%| O|  |TS  0|AC  0|TAMS 0x0000000705300000, 0x0000000705300000|
|  84|0x0000000705400000, 0x00000007054fffd8, 0x0000000705500000| 99%| O|  |TS  0|AC  0|TAMS 0x0000000705400000, 0x0000000705400000|
|  85|0x0000000705500000, 0x0000000705600000, 0x0000000705600000|100%| O|  |TS  0|AC  0|TAMS 0x0000000705500000, 0x0000000705500000|
|  86|0x0000000705600000, 0x00000007056ffff8, 0x0000000705700000| 99%| O|  |TS  0|AC  0|TAMS 0x0000000705600000, 0x0000000705600000|
|  87|0x0000000705700000, 0x00000007057ffff8, 0x0000000705800000| 99%| O|  |TS  0|AC  0|TAMS 0x0000000705700000, 0x0000000705700000|
|  88|0x0000000705800000, 0x0000000705900000, 0x0000000705900000|100%| O|  |TS  0|AC  0|TAMS 0x0000000705800000, 0x0000000705800000|
|  89|0x0000000705900000, 0x00000007059ffff0, 0x0000000705a00000| 99%| O|  |TS  0|AC  0|TAMS 0x0000000705900000, 0x0000000705900000|
|  90|0x0000000705a00000, 0x0000000705afffe0, 0x0000000705b00000| 99%| O|  |TS  0|AC  0|TAMS 0x0000000705a00000, 0x0000000705a00000|
|  91|0x0000000705b00000, 0x0000000705bfffe8, 0x0000000705c00000| 99%| O|  |TS  0|AC  0|TAMS 0x0000000705b00000, 0x0000000705b00000|
|  92|0x0000000705c00000, 0x0000000705cffff8, 0x0000000705d00000| 99%| O|  |TS  0|AC  0|TAMS 0x0000000705c00000, 0x0000000705c00000|
|  93|0x0000000705d00000, 0x0000000705dfffe0, 0x0000000705e00000| 99%| O|  |TS  0|AC  0|TAMS 0x0000000705d00000, 0x0000000705d00000|
|  94|0x0000000705e00000, 0x0000000705efffe8, 0x0000000705f00000| 99%| O|  |TS  0|AC  0|TAMS 0x0000000705e00000, 0x0000000705e00000|
|  95|0x0000000705f00000, 0x0000000705ffff70, 0x0000000706000000| 99%| O|  |TS  0|AC  0|TAMS 0x0000000705f00000, 0x0000000705f00000|
|  96|0x0000000706000000, 0x00000007060fffb8, 0x0000000706100000| 99%| O|  |TS  0|AC  0|TAMS 0x0000000706000000, 0x0000000706000000|
|  97|0x0000000706100000, 0x00000007061ffff0, 0x0000000706200000| 99%| O|  |TS  0|AC  0|TAMS 0x0000000706100000, 0x0000000706100000|
|  98|0x0000000706200000, 0x00000007062b3ce8, 0x0000000706300000| 70%| O|  |TS  0|AC  0|TAMS 0x0000000706200000, 0x0000000706200000|
|  99|0x0000000706300000, 0x0000000706300000, 0x0000000706400000|  0%| F|  |TS  0|AC  0|TAMS 0x0000000706300000, 0x0000000706300000|
| 100|0x0000000706400000, 0x0000000706400000, 0x0000000706500000|  0%| F|  |TS  0|AC  0|TAMS 0x0000000706400000, 0x0000000706400000|
| 101|0x0000000706500000, 0x0000000706500000, 0x0000000706600000|  0%| F|  |TS  0|AC  0|TAMS 0x0000000706500000, 0x0000000706500000|
| 102|0x0000000706600000, 0x0000000706600000, 0x0000000706700000|  0%| F|  |TS  0|AC  0|TAMS 0x0000000706600000, 0x0000000706600000|
| 103|0x0000000706700000, 0x0000000706700000, 0x0000000706800000|  0%| F|  |TS  0|AC  0|TAMS 0x0000000706700000, 0x0000000706700000|
| 104|0x0000000706800000, 0x0000000706800000, 0x0000000706900000|  0%| F|  |TS  0|AC  0|TAMS 0x0000000706800000, 0x0000000706800000|
| 105|0x0000000706900000, 0x0000000706900000, 0x0000000706a00000|  0%| F|  |TS  0|AC  0|TAMS 0x0000000706900000, 0x0000000706900000|
| 106|0x0000000706a00000, 0x0000000706a00000, 0x0000000706b00000|  0%| F|  |TS  0|AC  0|TAMS 0x0000000706a00000, 0x0000000706a00000|
| 107|0x0000000706b00000, 0x0000000706b00000, 0x0000000706c00000|  0%| F|  |TS  0|AC  0|TAMS 0x0000000706b00000, 0x0000000706b00000|
| 108|0x0000000706c00000, 0x0000000706c00000, 0x0000000706d00000|  0%| F|  |TS  0|AC  0|TAMS 0x0000000706c00000, 0x0000000706c00000|
| 109|0x0000000706d00000, 0x0000000706d00000, 0x0000000706e00000|  0%| F|  |TS  0|AC  0|TAMS 0x0000000706d00000, 0x0000000706d00000|
| 110|0x0000000706e00000, 0x0000000706e00000, 0x0000000706f00000|  0%| F|  |TS  0|AC  0|TAMS 0x0000000706e00000, 0x0000000706e00000|
| 111|0x0000000706f00000, 0x0000000706f00000, 0x0000000707000000|  0%| F|  |TS  0|AC  0|TAMS 0x0000000706f00000, 0x0000000706f00000|
| 112|0x0000000707000000, 0x0000000707000000, 0x0000000707100000|  0%| F|  |TS  0|AC  0|TAMS 0x0000000707000000, 0x0000000707000000|
| 113|0x0000000707100000, 0x0000000707100000, 0x0000000707200000|  0%| F|  |TS  0|AC  0|TAMS 0x0000000707100000, 0x0000000707100000|
| 114|0x0000000707200000, 0x0000000707300000, 0x0000000707300000|100%|HS|  |TS  0|AC  0|TAMS 0x0000000707200000, 0x0000000707200000|
| 115|0x0000000707300000, 0x0000000707400000, 0x0000000707400000|100%|HC|  |TS  0|AC  0|TAMS 0x0000000707300000, 0x0000000707300000|
| 116|0x0000000707400000, 0x0000000707500000, 0x0000000707500000|100%|HC|  |TS  0|AC  0|TAMS 0x0000000707400000, 0x0000000707400000|
| 117|0x0000000707500000, 0x0000000707600000, 0x0000000707600000|100%|HC|  |TS  0|AC  0|TAMS 0x0000000707500000, 0x0000000707500000|
| 118|0x0000000707600000, 0x0000000707600000, 0x0000000707700000|  0%| F|  |TS  0|AC  0|TAMS 0x0000000707600000, 0x0000000707600000|
| 119|0x0000000707700000, 0x0000000707700000, 0x0000000707800000|  0%| F|  |TS  0|AC  0|TAMS 0x0000000707700000, 0x0000000707700000|
| 120|0x0000000707800000, 0x0000000707800000, 0x0000000707900000|  0%| F|  |TS  0|AC  0|TAMS 0x0000000707800000, 0x0000000707800000|
| 121|0x0000000707900000, 0x0000000707900000, 0x0000000707a00000|  0%| F|  |TS  0|AC  0|TAMS 0x0000000707900000, 0x0000000707900000|
| 122|0x0000000707a00000, 0x0000000707a00000, 0x0000000707b00000|  0%| F|  |TS  0|AC  0|TAMS 0x0000000707a00000, 0x0000000707a00000|
| 123|0x0000000707b00000, 0x0000000707b00000, 0x0000000707c00000|  0%| F|  |TS  0|AC  0|TAMS 0x0000000707b00000, 0x0000000707b00000|
| 124|0x0000000707c00000, 0x0000000707c00000, 0x0000000707d00000|  0%| F|  |TS  0|AC  0|TAMS 0x0000000707c00000, 0x0000000707c00000|
| 125|0x0000000707d00000, 0x0000000707d00000, 0x0000000707e00000|  0%| F|  |TS  0|AC  0|TAMS 0x0000000707d00000, 0x0000000707d00000|
| 126|0x0000000707e00000, 0x0000000707e00000, 0x0000000707f00000|  0%| F|  |TS  0|AC  0|TAMS 0x0000000707e00000, 0x0000000707e00000|
| 127|0x0000000707f00000, 0x0000000707f00000, 0x0000000708000000|  0%| F|  |TS  0|AC  0|TAMS 0x0000000707f00000, 0x0000000707f00000|
| 128|0x0000000708000000, 0x0000000708000000, 0x0000000708100000|  0%| F|  |TS  0|AC  0|TAMS 0x0000000708000000, 0x0000000708000000|
| 129|0x0000000708100000, 0x0000000708100000, 0x0000000708200000|  0%| F|  |TS  0|AC  0|TAMS 0x0000000708100000, 0x0000000708100000|
| 130|0x0000000708200000, 0x0000000708200000, 0x0000000708300000|  0%| F|  |TS  0|AC  0|TAMS 0x0000000708200000, 0x0000000708200000|
| 131|0x0000000708300000, 0x0000000708300000, 0x0000000708400000|  0%| F|  |TS  0|AC  0|TAMS 0x0000000708300000, 0x0000000708300000|
| 132|0x0000000708400000, 0x0000000708400000, 0x0000000708500000|  0%| F|  |TS  0|AC  0|TAMS 0x0000000708400000, 0x0000000708400000|
| 133|0x0000000708500000, 0x0000000708500000, 0x0000000708600000|  0%| F|  |TS  0|AC  0|TAMS 0x0000000708500000, 0x0000000708500000|
| 134|0x0000000708600000, 0x0000000708600000, 0x0000000708700000|  0%| F|  |TS  0|AC  0|TAMS 0x0000000708600000, 0x0000000708600000|
| 135|0x0000000708700000, 0x0000000708700000, 0x0000000708800000|  0%| F|  |TS  0|AC  0|TAMS 0x0000000708700000, 0x0000000708700000|
| 136|0x0000000708800000, 0x0000000708800000, 0x0000000708900000|  0%| F|  |TS  0|AC  0|TAMS 0x0000000708800000, 0x0000000708800000|
| 137|0x0000000708900000, 0x0000000708900000, 0x0000000708a00000|  0%| F|  |TS  0|AC  0|TAMS 0x0000000708900000, 0x0000000708900000|
| 138|0x0000000708a00000, 0x0000000708a00000, 0x0000000708b00000|  0%| F|  |TS  0|AC  0|TAMS 0x0000000708a00000, 0x0000000708a00000|
| 139|0x0000000708b00000, 0x0000000708b00000, 0x0000000708c00000|  0%| F|  |TS  0|AC  0|TAMS 0x0000000708b00000, 0x0000000708b00000|
| 140|0x0000000708c00000, 0x0000000708c00000, 0x0000000708d00000|  0%| F|  |TS  0|AC  0|TAMS 0x0000000708c00000, 0x0000000708c00000|
| 141|0x0000000708d00000, 0x0000000708d00000, 0x0000000708e00000|  0%| F|  |TS  0|AC  0|TAMS 0x0000000708d00000, 0x0000000708d00000|
| 142|0x0000000708e00000, 0x0000000708f00000, 0x0000000708f00000|100%|HS|  |TS  0|AC  0|TAMS 0x0000000708e00000, 0x0000000708e00000|
| 143|0x0000000708f00000, 0x0000000709000000, 0x0000000709000000|100%|HC|  |TS  0|AC  0|TAMS 0x0000000708f00000, 0x0000000708f00000|
| 144|0x0000000709000000, 0x0000000709100000, 0x0000000709100000|100%|HC|  |TS  0|AC  0|TAMS 0x0000000709000000, 0x0000000709000000|
| 145|0x0000000709100000, 0x0000000709200000, 0x0000000709200000|100%|HC|  |TS  0|AC  0|TAMS 0x0000000709100000, 0x0000000709100000|
| 146|0x0000000709200000, 0x0000000709300000, 0x0000000709300000|100%|HC|  |TS  0|AC  0|TAMS 0x0000000709200000, 0x0000000709200000|
| 147|0x0000000709300000, 0x0000000709400000, 0x0000000709400000|100%|HC|  |TS  0|AC  0|TAMS 0x0000000709300000, 0x0000000709300000|
| 148|0x0000000709400000, 0x0000000709500000, 0x0000000709500000|100%|HC|  |TS  0|AC  0|TAMS 0x0000000709400000, 0x0000000709400000|
| 149|0x0000000709500000, 0x0000000709600000, 0x0000000709600000|100%|HC|  |TS  0|AC  0|TAMS 0x0000000709500000, 0x0000000709500000|
| 150|0x0000000709600000, 0x0000000709700000, 0x0000000709700000|100%|HC|  |TS  0|AC  0|TAMS 0x0000000709600000, 0x0000000709600000|
| 151|0x0000000709700000, 0x0000000709800000, 0x0000000709800000|100%|HC|  |TS  0|AC  0|TAMS 0x0000000709700000, 0x0000000709700000|
| 152|0x0000000709800000, 0x0000000709900000, 0x0000000709900000|100%|HC|  |TS  0|AC  0|TAMS 0x0000000709800000, 0x0000000709800000|
| 153|0x0000000709900000, 0x0000000709a00000, 0x0000000709a00000|100%|HC|  |TS  0|AC  0|TAMS 0x0000000709900000, 0x0000000709900000|
| 154|0x0000000709a00000, 0x0000000709b00000, 0x0000000709b00000|100%|HC|  |TS  0|AC  0|TAMS 0x0000000709a00000, 0x0000000709a00000|
| 155|0x0000000709b00000, 0x0000000709c00000, 0x0000000709c00000|100%|HC|  |TS  0|AC  0|TAMS 0x0000000709b00000, 0x0000000709b00000|
| 156|0x0000000709c00000, 0x0000000709d00000, 0x0000000709d00000|100%|HC|  |TS  0|AC  0|TAMS 0x0000000709c00000, 0x0000000709c00000|
| 157|0x0000000709d00000, 0x0000000709e00000, 0x0000000709e00000|100%|HC|  |TS  0|AC  0|TAMS 0x0000000709d00000, 0x0000000709d00000|
| 158|0x0000000709e00000, 0x0000000709f00000, 0x0000000709f00000|100%|HC|  |TS  0|AC  0|TAMS 0x0000000709e00000, 0x0000000709e00000|
| 159|0x0000000709f00000, 0x000000070a000000, 0x000000070a000000|100%|HC|  |TS  0|AC  0|TAMS 0x0000000709f00000, 0x0000000709f00000|
| 160|0x000000070a000000, 0x000000070a100000, 0x000000070a100000|100%|HC|  |TS  0|AC  0|TAMS 0x000000070a000000, 0x000000070a000000|
| 161|0x000000070a100000, 0x000000070a200000, 0x000000070a200000|100%|HC|  |TS  0|AC  0|TAMS 0x000000070a100000, 0x000000070a100000|
| 162|0x000000070a200000, 0x000000070a300000, 0x000000070a300000|100%|HC|  |TS  0|AC  0|TAMS 0x000000070a200000, 0x000000070a200000|
| 163|0x000000070a300000, 0x000000070a400000, 0x000000070a400000|100%|HC|  |TS  0|AC  0|TAMS 0x000000070a300000, 0x000000070a300000|
| 164|0x000000070a400000, 0x000000070a500000, 0x000000070a500000|100%|HC|  |TS  0|AC  0|TAMS 0x000000070a400000, 0x000000070a400000|
| 165|0x000000070a500000, 0x000000070a600000, 0x000000070a600000|100%|HC|  |TS  0|AC  0|TAMS 0x000000070a500000, 0x000000070a500000|
| 166|0x000000070a600000, 0x000000070a700000, 0x000000070a700000|100%|HC|  |TS  0|AC  0|TAMS 0x000000070a600000, 0x000000070a600000|
| 167|0x000000070a700000, 0x000000070a800000, 0x000000070a800000|100%|HC|  |TS  0|AC  0|TAMS 0x000000070a700000, 0x000000070a700000|
| 168|0x000000070a800000, 0x000000070a900000, 0x000000070a900000|100%|HC|  |TS  0|AC  0|TAMS 0x000000070a800000, 0x000000070a800000|
| 169|0x000000070a900000, 0x000000070aa00000, 0x000000070aa00000|100%|HC|  |TS  0|AC  0|TAMS 0x000000070a900000, 0x000000070a900000|
| 170|0x000000070aa00000, 0x000000070ab00000, 0x000000070ab00000|100%|HC|  |TS  0|AC  0|TAMS 0x000000070aa00000, 0x000000070aa00000|
| 171|0x000000070ab00000, 0x000000070ac00000, 0x000000070ac00000|100%|HC|  |TS  0|AC  0|TAMS 0x000000070ab00000, 0x000000070ab00000|
| 172|0x000000070ac00000, 0x000000070ad00000, 0x000000070ad00000|100%|HS|  |TS  0|AC  0|TAMS 0x000000070ac00000, 0x000000070ac00000|
| 173|0x000000070ad00000, 0x000000070ae00000, 0x000000070ae00000|100%|HC|  |TS  0|AC  0|TAMS 0x000000070ad00000, 0x000000070ad00000|
| 174|0x000000070ae00000, 0x000000070af00000, 0x000000070af00000|100%|HC|  |TS  0|AC  0|TAMS 0x000000070ae00000, 0x000000070ae00000|
| 175|0x000000070af00000, 0x000000070b000000, 0x000000070b000000|100%|HC|  |TS  0|AC  0|TAMS 0x000000070af00000, 0x000000070af00000|
| 176|0x000000070b000000, 0x000000070b100000, 0x000000070b100000|100%|HC|  |TS  0|AC  0|TAMS 0x000000070b000000, 0x000000070b000000|
| 177|0x000000070b100000, 0x000000070b200000, 0x000000070b200000|100%|HC|  |TS  0|AC  0|TAMS 0x000000070b100000, 0x000000070b100000|
| 178|0x000000070b200000, 0x000000070b300000, 0x000000070b300000|100%|HC|  |TS  0|AC  0|TAMS 0x000000070b200000, 0x000000070b200000|
| 179|0x000000070b300000, 0x000000070b400000, 0x000000070b400000|100%|HC|  |TS  0|AC  0|TAMS 0x000000070b300000, 0x000000070b300000|
| 180|0x000000070b400000, 0x000000070b500000, 0x000000070b500000|100%|HC|  |TS  0|AC  0|TAMS 0x000000070b400000, 0x000000070b400000|
| 181|0x000000070b500000, 0x000000070b600000, 0x000000070b600000|100%|HC|  |TS  0|AC  0|TAMS 0x000000070b500000, 0x000000070b500000|
| 182|0x000000070b600000, 0x000000070b700000, 0x000000070b700000|100%|HC|  |TS  0|AC  0|TAMS 0x000000070b600000, 0x000000070b600000|
| 183|0x000000070b700000, 0x000000070b800000, 0x000000070b800000|100%|HC|  |TS  0|AC  0|TAMS 0x000000070b700000, 0x000000070b700000|
| 184|0x000000070b800000, 0x000000070b900000, 0x000000070b900000|100%|HC|  |TS  0|AC  0|TAMS 0x000000070b800000, 0x000000070b800000|
| 185|0x000000070b900000, 0x000000070ba00000, 0x000000070ba00000|100%|HC|  |TS  0|AC  0|TAMS 0x000000070b900000, 0x000000070b900000|
| 186|0x000000070ba00000, 0x000000070bb00000, 0x000000070bb00000|100%|HC|  |TS  0|AC  0|TAMS 0x000000070ba00000, 0x000000070ba00000|
| 187|0x000000070bb00000, 0x000000070bc00000, 0x000000070bc00000|100%|HC|  |TS  0|AC  0|TAMS 0x000000070bb00000, 0x000000070bb00000|
| 188|0x000000070bc00000, 0x000000070bd00000, 0x000000070bd00000|100%|HC|  |TS  0|AC  0|TAMS 0x000000070bc00000, 0x000000070bc00000|
| 189|0x000000070bd00000, 0x000000070be00000, 0x000000070be00000|100%|HC|  |TS  0|AC  0|TAMS 0x000000070bd00000, 0x000000070bd00000|
| 190|0x000000070be00000, 0x000000070bf00000, 0x000000070bf00000|100%|HC|  |TS  0|AC  0|TAMS 0x000000070be00000, 0x000000070be00000|
| 191|0x000000070bf00000, 0x000000070bf00000, 0x000000070c000000|  0%| F|  |TS  0|AC  0|TAMS 0x000000070bf00000, 0x000000070bf00000|
| 192|0x000000070c000000, 0x000000070c000000, 0x000000070c100000|  0%| F|  |TS  0|AC  0|TAMS 0x000000070c000000, 0x000000070c000000|
| 193|0x000000070c100000, 0x000000070c100000, 0x000000070c200000|  0%| F|  |TS  0|AC  0|TAMS 0x000000070c100000, 0x000000070c100000|
| 194|0x000000070c200000, 0x000000070c200000, 0x000000070c300000|  0%| F|  |TS  0|AC  0|TAMS 0x000000070c200000, 0x000000070c200000|
| 195|0x000000070c300000, 0x000000070c300000, 0x000000070c400000|  0%| F|  |TS  0|AC  0|TAMS 0x000000070c300000, 0x000000070c300000|
| 196|0x000000070c400000, 0x000000070c400000, 0x000000070c500000|  0%| F|  |TS  0|AC  0|TAMS 0x000000070c400000, 0x000000070c400000|
| 197|0x000000070c500000, 0x000000070c500000, 0x000000070c600000|  0%| F|  |TS  0|AC  0|TAMS 0x000000070c500000, 0x000000070c500000|
| 198|0x000000070c600000, 0x000000070c600000, 0x000000070c700000|  0%| F|  |TS  0|AC  0|TAMS 0x000000070c600000, 0x000000070c600000|
| 199|0x000000070c700000, 0x000000070c700000, 0x000000070c800000|  0%| F|  |TS  0|AC  0|TAMS 0x000000070c700000, 0x000000070c700000|
| 200|0x000000070c800000, 0x000000070c800000, 0x000000070c900000|  0%| F|  |TS  0|AC  0|TAMS 0x000000070c800000, 0x000000070c800000|
| 201|0x000000070c900000, 0x000000070c900000, 0x000000070ca00000|  0%| F|  |TS  0|AC  0|TAMS 0x000000070c900000, 0x000000070c900000|
| 202|0x000000070ca00000, 0x000000070ca00000, 0x000000070cb00000|  0%| F|  |TS  0|AC  0|TAMS 0x000000070ca00000, 0x000000070ca00000|
| 203|0x000000070cb00000, 0x000000070cb00000, 0x000000070cc00000|  0%| F|  |TS  0|AC  0|TAMS 0x000000070cb00000, 0x000000070cb00000|
| 204|0x000000070cc00000, 0x000000070cc00000, 0x000000070cd00000|  0%| F|  |TS  0|AC  0|TAMS 0x000000070cc00000, 0x000000070cc00000|
| 205|0x000000070cd00000, 0x000000070cd00000, 0x000000070ce00000|  0%| F|  |TS  0|AC  0|TAMS 0x000000070cd00000, 0x000000070cd00000|
| 206|0x000000070ce00000, 0x000000070ce00000, 0x000000070cf00000|  0%| F|  |TS  0|AC  0|TAMS 0x000000070ce00000, 0x000000070ce00000|
| 207|0x000000070cf00000, 0x000000070cf00000, 0x000000070d000000|  0%| F|  |TS  0|AC  0|TAMS 0x000000070cf00000, 0x000000070cf00000|
| 208|0x000000070d000000, 0x000000070d000000, 0x000000070d100000|  0%| F|  |TS  0|AC  0|TAMS 0x000000070d000000, 0x000000070d000000|
| 209|0x000000070d100000, 0x000000070d100000, 0x000000070d200000|  0%| F|  |TS  0|AC  0|TAMS 0x000000070d100000, 0x000000070d100000|
| 210|0x000000070d200000, 0x000000070d200000, 0x000000070d300000|  0%| F|  |TS  0|AC  0|TAMS 0x000000070d200000, 0x000000070d200000|
| 211|0x000000070d300000, 0x000000070d300000, 0x000000070d400000|  0%| F|  |TS  0|AC  0|TAMS 0x000000070d300000, 0x000000070d300000|
| 212|0x000000070d400000, 0x000000070d400000, 0x000000070d500000|  0%| F|  |TS  0|AC  0|TAMS 0x000000070d400000, 0x000000070d400000|
| 213|0x000000070d500000, 0x000000070d500000, 0x000000070d600000|  0%| F|  |TS  0|AC  0|TAMS 0x000000070d500000, 0x000000070d500000|
| 214|0x000000070d600000, 0x000000070d600000, 0x000000070d700000|  0%| F|  |TS  0|AC  0|TAMS 0x000000070d600000, 0x000000070d600000|
| 215|0x000000070d700000, 0x000000070d700000, 0x000000070d800000|  0%| F|  |TS  0|AC  0|TAMS 0x000000070d700000, 0x000000070d700000|
| 216|0x000000070d800000, 0x000000070d800000, 0x000000070d900000|  0%| F|  |TS  0|AC  0|TAMS 0x000000070d800000, 0x000000070d800000|
| 217|0x000000070d900000, 0x000000070d900000, 0x000000070da00000|  0%| F|  |TS  0|AC  0|TAMS 0x000000070d900000, 0x000000070d900000|
| 218|0x000000070da00000, 0x000000070da00000, 0x000000070db00000|  0%| F|  |TS  0|AC  0|TAMS 0x000000070da00000, 0x000000070da00000|
| 219|0x000000070db00000, 0x000000070db00000, 0x000000070dc00000|  0%| F|  |TS  0|AC  0|TAMS 0x000000070db00000, 0x000000070db00000|
| 220|0x000000070dc00000, 0x000000070dc00000, 0x000000070dd00000|  0%| F|  |TS  0|AC  0|TAMS 0x000000070dc00000, 0x000000070dc00000|
| 221|0x000000070dd00000, 0x000000070dd00000, 0x000000070de00000|  0%| F|  |TS  0|AC  0|TAMS 0x000000070dd00000, 0x000000070dd00000|
| 222|0x000000070de00000, 0x000000070de00000, 0x000000070df00000|  0%| F|  |TS  0|AC  0|TAMS 0x000000070de00000, 0x000000070de00000|
| 223|0x000000070df00000, 0x000000070df00000, 0x000000070e000000|  0%| F|  |TS  0|AC  0|TAMS 0x000000070df00000, 0x000000070df00000|
| 224|0x000000070e000000, 0x000000070e000000, 0x000000070e100000|  0%| F|  |TS  0|AC  0|TAMS 0x000000070e000000, 0x000000070e000000|
| 225|0x000000070e100000, 0x000000070e100000, 0x000000070e200000|  0%| F|  |TS  0|AC  0|TAMS 0x000000070e100000, 0x000000070e100000|
| 226|0x000000070e200000, 0x000000070e200000, 0x000000070e300000|  0%| F|  |TS  0|AC  0|TAMS 0x000000070e200000, 0x000000070e200000|
| 227|0x000000070e300000, 0x000000070e300000, 0x000000070e400000|  0%| F|  |TS  0|AC  0|TAMS 0x000000070e300000, 0x000000070e300000|
| 228|0x000000070e400000, 0x000000070e400000, 0x000000070e500000|  0%| F|  |TS  0|AC  0|TAMS 0x000000070e400000, 0x000000070e400000|
| 229|0x000000070e500000, 0x000000070e500000, 0x000000070e600000|  0%| F|  |TS  0|AC  0|TAMS 0x000000070e500000, 0x000000070e500000|
| 230|0x000000070e600000, 0x000000070e600000, 0x000000070e700000|  0%| F|  |TS  0|AC  0|TAMS 0x000000070e600000, 0x000000070e600000|
| 231|0x000000070e700000, 0x000000070e700000, 0x000000070e800000|  0%| F|  |TS  0|AC  0|TAMS 0x000000070e700000, 0x000000070e700000|
| 232|0x000000070e800000, 0x000000070e800000, 0x000000070e900000|  0%| F|  |TS  0|AC  0|TAMS 0x000000070e800000, 0x000000070e800000|
| 233|0x000000070e900000, 0x000000070e900000, 0x000000070ea00000|  0%| F|  |TS  0|AC  0|TAMS 0x000000070e900000, 0x000000070e900000|
| 234|0x000000070ea00000, 0x000000070ea00000, 0x000000070eb00000|  0%| F|  |TS  0|AC  0|TAMS 0x000000070ea00000, 0x000000070ea00000|
| 235|0x000000070eb00000, 0x000000070eb00000, 0x000000070ec00000|  0%| F|  |TS  0|AC  0|TAMS 0x000000070eb00000, 0x000000070eb00000|
| 236|0x000000070ec00000, 0x000000070ec00000, 0x000000070ed00000|  0%| F|  |TS  0|AC  0|TAMS 0x000000070ec00000, 0x000000070ec00000|
| 237|0x000000070ed00000, 0x000000070ed00000, 0x000000070ee00000|  0%| F|  |TS  0|AC  0|TAMS 0x000000070ed00000, 0x000000070ed00000|
| 238|0x000000070ee00000, 0x000000070ee00000, 0x000000070ef00000|  0%| F|  |TS  0|AC  0|TAMS 0x000000070ee00000, 0x000000070ee00000|
| 239|0x000000070ef00000, 0x000000070ef00000, 0x000000070f000000|  0%| F|  |TS  0|AC  0|TAMS 0x000000070ef00000, 0x000000070ef00000|
| 240|0x000000070f000000, 0x000000070f000000, 0x000000070f100000|  0%| F|  |TS  0|AC  0|TAMS 0x000000070f000000, 0x000000070f000000|
| 241|0x000000070f100000, 0x000000070f100000, 0x000000070f200000|  0%| F|  |TS  0|AC  0|TAMS 0x000000070f100000, 0x000000070f100000|
| 242|0x000000070f200000, 0x000000070f200000, 0x000000070f300000|  0%| F|  |TS  0|AC  0|TAMS 0x000000070f200000, 0x000000070f200000|
| 243|0x000000070f300000, 0x000000070f300000, 0x000000070f400000|  0%| F|  |TS  0|AC  0|TAMS 0x000000070f300000, 0x000000070f300000|
| 244|0x000000070f400000, 0x000000070f400000, 0x000000070f500000|  0%| F|  |TS  0|AC  0|TAMS 0x000000070f400000, 0x000000070f400000|
| 245|0x000000070f500000, 0x000000070f500000, 0x000000070f600000|  0%| F|  |TS  0|AC  0|TAMS 0x000000070f500000, 0x000000070f500000|
| 246|0x000000070f600000, 0x000000070f600000, 0x000000070f700000|  0%| F|  |TS  0|AC  0|TAMS 0x000000070f600000, 0x000000070f600000|
| 247|0x000000070f700000, 0x000000070f700000, 0x000000070f800000|  0%| F|  |TS  0|AC  0|TAMS 0x000000070f700000, 0x000000070f700000|
| 248|0x000000070f800000, 0x000000070f800000, 0x000000070f900000|  0%| F|  |TS  0|AC  0|TAMS 0x000000070f800000, 0x000000070f800000|
| 249|0x000000070f900000, 0x000000070f900000, 0x000000070fa00000|  0%| F|  |TS  0|AC  0|TAMS 0x000000070f900000, 0x000000070f900000|
| 250|0x000000070fa00000, 0x000000070fa00000, 0x000000070fb00000|  0%| F|  |TS  0|AC  0|TAMS 0x000000070fa00000, 0x000000070fa00000|
| 251|0x000000070fb00000, 0x000000070fb00000, 0x000000070fc00000|  0%| F|  |TS  0|AC  0|TAMS 0x000000070fb00000, 0x000000070fb00000|
| 252|0x000000070fc00000, 0x000000070fc00000, 0x000000070fd00000|  0%| F|  |TS  0|AC  0|TAMS 0x000000070fc00000, 0x000000070fc00000|
| 253|0x000000070fd00000, 0x000000070fd00000, 0x000000070fe00000|  0%| F|  |TS  0|AC  0|TAMS 0x000000070fd00000, 0x000000070fd00000|
| 254|0x000000070fe00000, 0x000000070fe00000, 0x000000070ff00000|  0%| F|  |TS  0|AC  0|TAMS 0x000000070fe00000, 0x000000070fe00000|
| 255|0x000000070ff00000, 0x000000070ff00000, 0x0000000710000000|  0%| F|  |TS  0|AC  0|TAMS 0x000000070ff00000, 0x000000070ff00000|
| 256|0x0000000710000000, 0x0000000710000000, 0x0000000710100000|  0%| F|  |TS  0|AC  0|TAMS 0x0000000710000000, 0x0000000710000000|
| 257|0x0000000710100000, 0x0000000710100000, 0x0000000710200000|  0%| F|  |TS  0|AC  0|TAMS 0x0000000710100000, 0x0000000710100000|
| 258|0x0000000710200000, 0x0000000710200000, 0x0000000710300000|  0%| F|  |TS  0|AC  0|TAMS 0x0000000710200000, 0x0000000710200000|
| 259|0x0000000710300000, 0x0000000710300000, 0x0000000710400000|  0%| F|  |TS  0|AC  0|TAMS 0x0000000710300000, 0x0000000710300000|
| 260|0x0000000710400000, 0x0000000710400000, 0x0000000710500000|  0%| F|  |TS  0|AC  0|TAMS 0x0000000710400000, 0x0000000710400000|
| 261|0x0000000710500000, 0x0000000710500000, 0x0000000710600000|  0%| F|  |TS  0|AC  0|TAMS 0x0000000710500000, 0x0000000710500000|
| 262|0x0000000710600000, 0x0000000710600000, 0x0000000710700000|  0%| F|  |TS  0|AC  0|TAMS 0x0000000710600000, 0x0000000710600000|
| 263|0x0000000710700000, 0x0000000710700000, 0x0000000710800000|  0%| F|  |TS  0|AC  0|TAMS 0x0000000710700000, 0x0000000710700000|
| 264|0x0000000710800000, 0x0000000710800000, 0x0000000710900000|  0%| F|  |TS  0|AC  0|TAMS 0x0000000710800000, 0x0000000710800000|
| 265|0x0000000710900000, 0x0000000710900000, 0x0000000710a00000|  0%| F|  |TS  0|AC  0|TAMS 0x0000000710900000, 0x0000000710900000|
| 266|0x0000000710a00000, 0x0000000710a00000, 0x0000000710b00000|  0%| F|  |TS  0|AC  0|TAMS 0x0000000710a00000, 0x0000000710a00000|
| 267|0x0000000710b00000, 0x0000000710b00000, 0x0000000710c00000|  0%| F|  |TS  0|AC  0|TAMS 0x0000000710b00000, 0x0000000710b00000|
| 268|0x0000000710c00000, 0x0000000710c00000, 0x0000000710d00000|  0%| F|  |TS  0|AC  0|TAMS 0x0000000710c00000, 0x0000000710c00000|
| 269|0x0000000710d00000, 0x0000000710d00000, 0x0000000710e00000|  0%| F|  |TS  0|AC  0|TAMS 0x0000000710d00000, 0x0000000710d00000|
| 270|0x0000000710e00000, 0x0000000710e00000, 0x0000000710f00000|  0%| F|  |TS  0|AC  0|TAMS 0x0000000710e00000, 0x0000000710e00000|
| 271|0x0000000710f00000, 0x0000000710f00000, 0x0000000711000000|  0%| F|  |TS  0|AC  0|TAMS 0x0000000710f00000, 0x0000000710f00000|
| 272|0x0000000711000000, 0x0000000711000000, 0x0000000711100000|  0%| F|  |TS  0|AC  0|TAMS 0x0000000711000000, 0x0000000711000000|
| 273|0x0000000711100000, 0x0000000711100000, 0x0000000711200000|  0%| F|  |TS  0|AC  0|TAMS 0x0000000711100000, 0x0000000711100000|
| 274|0x0000000711200000, 0x0000000711200000, 0x0000000711300000|  0%| F|  |TS  0|AC  0|TAMS 0x0000000711200000, 0x0000000711200000|
| 275|0x0000000711300000, 0x0000000711300000, 0x0000000711400000|  0%| F|  |TS  0|AC  0|TAMS 0x0000000711300000, 0x0000000711300000|
| 276|0x0000000711400000, 0x0000000711400000, 0x0000000711500000|  0%| F|  |TS  0|AC  0|TAMS 0x0000000711400000, 0x0000000711400000|
| 277|0x0000000711500000, 0x0000000711500000, 0x0000000711600000|  0%| F|  |TS  0|AC  0|TAMS 0x0000000711500000, 0x0000000711500000|
| 278|0x0000000711600000, 0x0000000711600000, 0x0000000711700000|  0%| F|  |TS  0|AC  0|TAMS 0x0000000711600000, 0x0000000711600000|
| 279|0x0000000711700000, 0x0000000711700000, 0x0000000711800000|  0%| F|  |TS  0|AC  0|TAMS 0x0000000711700000, 0x0000000711700000|
| 280|0x0000000711800000, 0x0000000711800000, 0x0000000711900000|  0%| F|  |TS  0|AC  0|TAMS 0x0000000711800000, 0x0000000711800000|
| 281|0x0000000711900000, 0x0000000711900000, 0x0000000711a00000|  0%| F|  |TS  0|AC  0|TAMS 0x0000000711900000, 0x0000000711900000|
| 282|0x0000000711a00000, 0x0000000711a00000, 0x0000000711b00000|  0%| F|  |TS  0|AC  0|TAMS 0x0000000711a00000, 0x0000000711a00000|
| 283|0x0000000711b00000, 0x0000000711b00000, 0x0000000711c00000|  0%| F|  |TS  0|AC  0|TAMS 0x0000000711b00000, 0x0000000711b00000|
| 284|0x0000000711c00000, 0x0000000711c00000, 0x0000000711d00000|  0%| F|  |TS  0|AC  0|TAMS 0x0000000711c00000, 0x0000000711c00000|
| 285|0x0000000711d00000, 0x0000000711d00000, 0x0000000711e00000|  0%| F|  |TS  0|AC  0|TAMS 0x0000000711d00000, 0x0000000711d00000|
| 286|0x0000000711e00000, 0x0000000711e00000, 0x0000000711f00000|  0%| F|  |TS  0|AC  0|TAMS 0x0000000711e00000, 0x0000000711e00000|
| 287|0x0000000711f00000, 0x0000000711f00000, 0x0000000712000000|  0%| F|  |TS  0|AC  0|TAMS 0x0000000711f00000, 0x0000000711f00000|
| 288|0x0000000712000000, 0x0000000712000000, 0x0000000712100000|  0%| F|  |TS  0|AC  0|TAMS 0x0000000712000000, 0x0000000712000000|
| 289|0x0000000712100000, 0x0000000712100000, 0x0000000712200000|  0%| F|  |TS  0|AC  0|TAMS 0x0000000712100000, 0x0000000712100000|
| 290|0x0000000712200000, 0x0000000712200000, 0x0000000712300000|  0%| F|  |TS  0|AC  0|TAMS 0x0000000712200000, 0x0000000712200000|
| 291|0x0000000712300000, 0x0000000712300000, 0x0000000712400000|  0%| F|  |TS  0|AC  0|TAMS 0x0000000712300000, 0x0000000712300000|
| 292|0x0000000712400000, 0x0000000712400000, 0x0000000712500000|  0%| F|  |TS  0|AC  0|TAMS 0x0000000712400000, 0x0000000712400000|
| 293|0x0000000712500000, 0x0000000712500000, 0x0000000712600000|  0%| F|  |TS  0|AC  0|TAMS 0x0000000712500000, 0x0000000712500000|
| 294|0x0000000712600000, 0x0000000712600000, 0x0000000712700000|  0%| F|  |TS  0|AC  0|TAMS 0x0000000712600000, 0x0000000712600000|
| 295|0x0000000712700000, 0x0000000712700000, 0x0000000712800000|  0%| F|  |TS  0|AC  0|TAMS 0x0000000712700000, 0x0000000712700000|
| 296|0x0000000712800000, 0x0000000712800000, 0x0000000712900000|  0%| F|  |TS  0|AC  0|TAMS 0x0000000712800000, 0x0000000712800000|
| 297|0x0000000712900000, 0x0000000712900000, 0x0000000712a00000|  0%| F|  |TS  0|AC  0|TAMS 0x0000000712900000, 0x0000000712900000|
| 298|0x0000000712a00000, 0x0000000712a00000, 0x0000000712b00000|  0%| F|  |TS  0|AC  0|TAMS 0x0000000712a00000, 0x0000000712a00000|
| 299|0x0000000712b00000, 0x0000000712b00000, 0x0000000712c00000|  0%| F|  |TS  0|AC  0|TAMS 0x0000000712b00000, 0x0000000712b00000|
| 300|0x0000000712c00000, 0x0000000712c00000, 0x0000000712d00000|  0%| F|  |TS  0|AC  0|TAMS 0x0000000712c00000, 0x0000000712c00000|
| 301|0x0000000712d00000, 0x0000000712d00000, 0x0000000712e00000|  0%| F|  |TS  0|AC  0|TAMS 0x0000000712d00000, 0x0000000712d00000|
| 302|0x0000000712e00000, 0x0000000712e00000, 0x0000000712f00000|  0%| F|  |TS  0|AC  0|TAMS 0x0000000712e00000, 0x0000000712e00000|
| 303|0x0000000712f00000, 0x0000000712f00000, 0x0000000713000000|  0%| F|  |TS  0|AC  0|TAMS 0x0000000712f00000, 0x0000000712f00000|
| 304|0x0000000713000000, 0x0000000713000000, 0x0000000713100000|  0%| F|  |TS  0|AC  0|TAMS 0x0000000713000000, 0x0000000713000000|
| 305|0x0000000713100000, 0x0000000713100000, 0x0000000713200000|  0%| F|  |TS  0|AC  0|TAMS 0x0000000713100000, 0x0000000713100000|
| 306|0x0000000713200000, 0x0000000713200000, 0x0000000713300000|  0%| F|  |TS  0|AC  0|TAMS 0x0000000713200000, 0x0000000713200000|
| 307|0x0000000713300000, 0x0000000713300000, 0x0000000713400000|  0%| F|  |TS  0|AC  0|TAMS 0x0000000713300000, 0x0000000713300000|
| 308|0x0000000713400000, 0x0000000713400000, 0x0000000713500000|  0%| F|  |TS  0|AC  0|TAMS 0x0000000713400000, 0x0000000713400000|
| 309|0x0000000713500000, 0x0000000713500000, 0x0000000713600000|  0%| F|  |TS  0|AC  0|TAMS 0x0000000713500000, 0x0000000713500000|
| 310|0x0000000713600000, 0x0000000713600000, 0x0000000713700000|  0%| F|  |TS  0|AC  0|TAMS 0x0000000713600000, 0x0000000713600000|
| 311|0x0000000713700000, 0x0000000713700000, 0x0000000713800000|  0%| F|  |TS  0|AC  0|TAMS 0x0000000713700000, 0x0000000713700000|
| 312|0x0000000713800000, 0x0000000713800000, 0x0000000713900000|  0%| F|  |TS  0|AC  0|TAMS 0x0000000713800000, 0x0000000713800000|
| 313|0x0000000713900000, 0x0000000713900000, 0x0000000713a00000|  0%| F|  |TS  0|AC  0|TAMS 0x0000000713900000, 0x0000000713900000|
| 314|0x0000000713a00000, 0x0000000713a00000, 0x0000000713b00000|  0%| F|  |TS  0|AC  0|TAMS 0x0000000713a00000, 0x0000000713a00000|
| 315|0x0000000713b00000, 0x0000000713b00000, 0x0000000713c00000|  0%| F|  |TS  0|AC  0|TAMS 0x0000000713b00000, 0x0000000713b00000|
| 316|0x0000000713c00000, 0x0000000713c00000, 0x0000000713d00000|  0%| F|  |TS  0|AC  0|TAMS 0x0000000713c00000, 0x0000000713c00000|
| 317|0x0000000713d00000, 0x0000000713d00000, 0x0000000713e00000|  0%| F|  |TS  0|AC  0|TAMS 0x0000000713d00000, 0x0000000713d00000|
| 318|0x0000000713e00000, 0x0000000713e00000, 0x0000000713f00000|  0%| F|  |TS  0|AC  0|TAMS 0x0000000713e00000, 0x0000000713e00000|
| 319|0x0000000713f00000, 0x0000000713f00000, 0x0000000714000000|  0%| F|  |TS  0|AC  0|TAMS 0x0000000713f00000, 0x0000000713f00000|
| 320|0x0000000714000000, 0x0000000714000000, 0x0000000714100000|  0%| F|  |TS  0|AC  0|TAMS 0x0000000714000000, 0x0000000714000000|
| 321|0x0000000714100000, 0x0000000714100000, 0x0000000714200000|  0%| F|  |TS  0|AC  0|TAMS 0x0000000714100000, 0x0000000714100000|
| 322|0x0000000714200000, 0x0000000714200000, 0x0000000714300000|  0%| F|  |TS  0|AC  0|TAMS 0x0000000714200000, 0x0000000714200000|
| 323|0x0000000714300000, 0x0000000714300000, 0x0000000714400000|  0%| F|  |TS  0|AC  0|TAMS 0x0000000714300000, 0x0000000714300000|
| 324|0x0000000714400000, 0x0000000714400000, 0x0000000714500000|  0%| F|  |TS  0|AC  0|TAMS 0x0000000714400000, 0x0000000714400000|
| 325|0x0000000714500000, 0x0000000714500000, 0x0000000714600000|  0%| F|  |TS  0|AC  0|TAMS 0x0000000714500000, 0x0000000714500000|
| 326|0x0000000714600000, 0x0000000714600000, 0x0000000714700000|  0%| F|  |TS  0|AC  0|TAMS 0x0000000714600000, 0x0000000714600000|
| 327|0x0000000714700000, 0x0000000714700000, 0x0000000714800000|  0%| F|  |TS  0|AC  0|TAMS 0x0000000714700000, 0x0000000714700000|
| 328|0x0000000714800000, 0x0000000714800000, 0x0000000714900000|  0%| F|  |TS  0|AC  0|TAMS 0x0000000714800000, 0x0000000714800000|
| 329|0x0000000714900000, 0x0000000714900000, 0x0000000714a00000|  0%| F|  |TS  0|AC  0|TAMS 0x0000000714900000, 0x0000000714900000|
| 330|0x0000000714a00000, 0x0000000714ac66d8, 0x0000000714b00000| 77%| S|CS|TS 13|AC  0|TAMS 0x0000000714a00000, 0x0000000714a00000|
| 331|0x0000000714b00000, 0x0000000714b00000, 0x0000000714c00000|  0%| F|  |TS 13|AC  0|TAMS 0x0000000714b00000, 0x0000000714b00000|
| 332|0x0000000714c00000, 0x0000000714c00000, 0x0000000714d00000|  0%| F|  |TS 13|AC  0|TAMS 0x0000000714c00000, 0x0000000714c00000|
| 333|0x0000000714d00000, 0x0000000714d00000, 0x0000000714e00000|  0%| F|  |TS 13|AC  0|TAMS 0x0000000714d00000, 0x0000000714d00000|
| 334|0x0000000714e00000, 0x0000000714e00000, 0x0000000714f00000|  0%| F|  |TS 13|AC  0|TAMS 0x0000000714e00000, 0x0000000714e00000|
| 335|0x0000000714f00000, 0x0000000714f00000, 0x0000000715000000|  0%| F|  |TS 13|AC  0|TAMS 0x0000000714f00000, 0x0000000714f00000|
| 336|0x0000000715000000, 0x0000000715000000, 0x0000000715100000|  0%| F|  |TS 13|AC  0|TAMS 0x0000000715000000, 0x0000000715000000|
| 337|0x0000000715100000, 0x0000000715100000, 0x0000000715200000|  0%| F|  |TS 13|AC  0|TAMS 0x0000000715100000, 0x0000000715100000|
| 338|0x0000000715200000, 0x0000000715200000, 0x0000000715300000|  0%| F|  |TS 13|AC  0|TAMS 0x0000000715200000, 0x0000000715200000|
| 339|0x0000000715300000, 0x0000000715300000, 0x0000000715400000|  0%| F|  |TS 13|AC  0|TAMS 0x0000000715300000, 0x0000000715300000|
| 340|0x0000000715400000, 0x0000000715400000, 0x0000000715500000|  0%| F|  |TS 13|AC  0|TAMS 0x0000000715400000, 0x0000000715400000|
| 341|0x0000000715500000, 0x0000000715500000, 0x0000000715600000|  0%| F|  |TS 13|AC  0|TAMS 0x0000000715500000, 0x0000000715500000|
| 342|0x0000000715600000, 0x0000000715600000, 0x0000000715700000|  0%| F|  |TS 13|AC  0|TAMS 0x0000000715600000, 0x0000000715600000|
| 343|0x0000000715700000, 0x0000000715700000, 0x0000000715800000|  0%| F|  |TS 13|AC  0|TAMS 0x0000000715700000, 0x0000000715700000|
| 344|0x0000000715800000, 0x0000000715800000, 0x0000000715900000|  0%| F|  |TS 13|AC  0|TAMS 0x0000000715800000, 0x0000000715800000|
| 345|0x0000000715900000, 0x0000000715900000, 0x0000000715a00000|  0%| F|  |TS 13|AC  0|TAMS 0x0000000715900000, 0x0000000715900000|
| 346|0x0000000715a00000, 0x0000000715a00000, 0x0000000715b00000|  0%| F|  |TS 13|AC  0|TAMS 0x0000000715a00000, 0x0000000715a00000|
| 347|0x0000000715b00000, 0x0000000715b99680, 0x0000000715c00000| 59%| E|  |TS 13|AC  0|TAMS 0x0000000715b00000, 0x0000000715b00000|
| 348|0x0000000715c00000, 0x0000000715d00000, 0x0000000715d00000|100%| E|CS|TS 13|AC  0|TAMS 0x0000000715c00000, 0x0000000715c00000|
| 349|0x0000000715d00000, 0x0000000715e00000, 0x0000000715e00000|100%| E|CS|TS 13|AC  0|TAMS 0x0000000715d00000, 0x0000000715d00000|
| 350|0x0000000715e00000, 0x0000000715f00000, 0x0000000715f00000|100%| E|CS|TS 13|AC  0|TAMS 0x0000000715e00000, 0x0000000715e00000|
| 351|0x0000000715f00000, 0x0000000716000000, 0x0000000716000000|100%| E|CS|TS 13|AC  0|TAMS 0x0000000715f00000, 0x0000000715f00000|
| 352|0x0000000716000000, 0x0000000716100000, 0x0000000716100000|100%| E|CS|TS 13|AC  0|TAMS 0x0000000716000000, 0x0000000716000000|
| 353|0x0000000716100000, 0x0000000716200000, 0x0000000716200000|100%| E|CS|TS 13|AC  0|TAMS 0x0000000716100000, 0x0000000716100000|
| 354|0x0000000716200000, 0x0000000716300000, 0x0000000716300000|100%| E|CS|TS 13|AC  0|TAMS 0x0000000716200000, 0x0000000716200000|
| 355|0x0000000716300000, 0x0000000716400000, 0x0000000716400000|100%| E|CS|TS 13|AC  0|TAMS 0x0000000716300000, 0x0000000716300000|
| 356|0x0000000716400000, 0x0000000716500000, 0x0000000716500000|100%| E|CS|TS 13|AC  0|TAMS 0x0000000716400000, 0x0000000716400000|
| 357|0x0000000716500000, 0x0000000716600000, 0x0000000716600000|100%| E|CS|TS 13|AC  0|TAMS 0x0000000716500000, 0x0000000716500000|
| 358|0x0000000716600000, 0x0000000716700000, 0x0000000716700000|100%| E|CS|TS 13|AC  0|TAMS 0x0000000716600000, 0x0000000716600000|
| 359|0x0000000716700000, 0x0000000716800000, 0x0000000716800000|100%| E|CS|TS 13|AC  0|TAMS 0x0000000716700000, 0x0000000716700000|
| 360|0x0000000716800000, 0x0000000716900000, 0x0000000716900000|100%| E|CS|TS 13|AC  0|TAMS 0x0000000716800000, 0x0000000716800000|
| 361|0x0000000716900000, 0x0000000716a00000, 0x0000000716a00000|100%| E|CS|TS 13|AC  0|TAMS 0x0000000716900000, 0x0000000716900000|
| 362|0x0000000716a00000, 0x0000000716b00000, 0x0000000716b00000|100%| E|CS|TS 13|AC  0|TAMS 0x0000000716a00000, 0x0000000716a00000|
| 363|0x0000000716b00000, 0x0000000716c00000, 0x0000000716c00000|100%| E|CS|TS 13|AC  0|TAMS 0x0000000716b00000, 0x0000000716b00000|
| 364|0x0000000716c00000, 0x0000000716d00000, 0x0000000716d00000|100%| E|CS|TS 13|AC  0|TAMS 0x0000000716c00000, 0x0000000716c00000|
| 365|0x0000000716d00000, 0x0000000716e00000, 0x0000000716e00000|100%| E|CS|TS 13|AC  0|TAMS 0x0000000716d00000, 0x0000000716d00000|
| 366|0x0000000716e00000, 0x0000000716f00000, 0x0000000716f00000|100%| E|CS|TS 13|AC  0|TAMS 0x0000000716e00000, 0x0000000716e00000|
| 367|0x0000000716f00000, 0x0000000717000000, 0x0000000717000000|100%| E|CS|TS 13|AC  0|TAMS 0x0000000716f00000, 0x0000000716f00000|
| 368|0x0000000717000000, 0x0000000717100000, 0x0000000717100000|100%| E|CS|TS 13|AC  0|TAMS 0x0000000717000000, 0x0000000717000000|
| 369|0x0000000717100000, 0x0000000717200000, 0x0000000717200000|100%| E|CS|TS 13|AC  0|TAMS 0x0000000717100000, 0x0000000717100000|
| 370|0x0000000717200000, 0x0000000717300000, 0x0000000717300000|100%| E|CS|TS 13|AC  0|TAMS 0x0000000717200000, 0x0000000717200000|
| 371|0x0000000717300000, 0x0000000717400000, 0x0000000717400000|100%| E|CS|TS 13|AC  0|TAMS 0x0000000717300000, 0x0000000717300000|
| 372|0x0000000717400000, 0x0000000717500000, 0x0000000717500000|100%| E|CS|TS 13|AC  0|TAMS 0x0000000717400000, 0x0000000717400000|
| 373|0x0000000717500000, 0x0000000717600000, 0x0000000717600000|100%| E|CS|TS 13|AC  0|TAMS 0x0000000717500000, 0x0000000717500000|
| 374|0x0000000717600000, 0x0000000717700000, 0x0000000717700000|100%| E|CS|TS 13|AC  0|TAMS 0x0000000717600000, 0x0000000717600000|
| 375|0x0000000717700000, 0x0000000717800000, 0x0000000717800000|100%| E|CS|TS 13|AC  0|TAMS 0x0000000717700000, 0x0000000717700000|
| 376|0x0000000717800000, 0x0000000717900000, 0x0000000717900000|100%| E|CS|TS 13|AC  0|TAMS 0x0000000717800000, 0x0000000717800000|
| 377|0x0000000717900000, 0x0000000717a00000, 0x0000000717a00000|100%| E|CS|TS 13|AC  0|TAMS 0x0000000717900000, 0x0000000717900000|
| 378|0x0000000717a00000, 0x0000000717b00000, 0x0000000717b00000|100%| E|CS|TS 13|AC  0|TAMS 0x0000000717a00000, 0x0000000717a00000|
| 379|0x0000000717b00000, 0x0000000717c00000, 0x0000000717c00000|100%| E|CS|TS 13|AC  0|TAMS 0x0000000717b00000, 0x0000000717b00000|
| 380|0x0000000717c00000, 0x0000000717d00000, 0x0000000717d00000|100%| E|CS|TS 13|AC  0|TAMS 0x0000000717c00000, 0x0000000717c00000|
| 381|0x0000000717d00000, 0x0000000717e00000, 0x0000000717e00000|100%| E|CS|TS 13|AC  0|TAMS 0x0000000717d00000, 0x0000000717d00000|
| 382|0x0000000717e00000, 0x0000000717f00000, 0x0000000717f00000|100%| E|CS|TS 13|AC  0|TAMS 0x0000000717e00000, 0x0000000717e00000|
| 383|0x0000000717f00000, 0x0000000718000000, 0x0000000718000000|100%| E|CS|TS 13|AC  0|TAMS 0x0000000717f00000, 0x0000000717f00000|
| 384|0x0000000718000000, 0x0000000718100000, 0x0000000718100000|100%| E|CS|TS 13|AC  0|TAMS 0x0000000718000000, 0x0000000718000000|
| 385|0x0000000718100000, 0x0000000718200000, 0x0000000718200000|100%| E|CS|TS 13|AC  0|TAMS 0x0000000718100000, 0x0000000718100000|
| 386|0x0000000718200000, 0x0000000718300000, 0x0000000718300000|100%| E|CS|TS 13|AC  0|TAMS 0x0000000718200000, 0x0000000718200000|
| 387|0x0000000718300000, 0x0000000718400000, 0x0000000718400000|100%| E|CS|TS 13|AC  0|TAMS 0x0000000718300000, 0x0000000718300000|
| 388|0x0000000718400000, 0x0000000718500000, 0x0000000718500000|100%| E|CS|TS 13|AC  0|TAMS 0x0000000718400000, 0x0000000718400000|
| 389|0x0000000718500000, 0x0000000718600000, 0x0000000718600000|100%| E|CS|TS 13|AC  0|TAMS 0x0000000718500000, 0x0000000718500000|
| 390|0x0000000718600000, 0x0000000718700000, 0x0000000718700000|100%| E|CS|TS 13|AC  0|TAMS 0x0000000718600000, 0x0000000718600000|

Card table byte_map: [0x00000206baee0000,0x00000206bb4e0000] byte_map_base: 0x00000206b76e0000

Marking Bits (Prev, Next): (CMBitMap*) 0x00000206a2ccd700, (CMBitMap*) 0x00000206a2ccd738
 Prev Bits: [0x00000206bbae0000, 0x00000206beae0000)
 Next Bits: [0x00000206beae0000, 0x00000206c1ae0000)

Polling page: 0x0000020697630000

CodeHeap 'non-profiled nmethods': size=119168Kb used=30103Kb max_used=30103Kb free=89064Kb
 bounds [0x00000206b2e80000, 0x00000206b4c20000, 0x00000206ba2e0000]
CodeHeap 'profiled nmethods': size=119168Kb used=57317Kb max_used=57317Kb free=61850Kb
 bounds [0x00000206aba20000, 0x00000206af280000, 0x00000206b2e80000]
CodeHeap 'non-nmethods': size=7424Kb used=3535Kb max_used=3605Kb free=3888Kb
 bounds [0x00000206ab2e0000, 0x00000206ab670000, 0x00000206aba20000]
 total_blobs=42725 nmethods=22596 adapters=1203
 compilation: enabled

Compilation events (10 events):
Event: 2458.383 Thread 0x00000206a2c18800 nmethod 28999 0x00000206ae0ca910 code [0x00000206ae0caac0, 0x00000206ae0cacd8]
Event: 2458.383 Thread 0x00000206a2c19800 nmethod 29000 0x00000206ae187390 code [0x00000206ae187560, 0x00000206ae187810]
Event: 2458.383 Thread 0x00000206a2c1b000 nmethod 29001 0x00000206ae601f90 code [0x00000206ae602140, 0x00000206ae602370]
Event: 2458.383 Thread 0x00000206a2c1a000 nmethod 28997 0x00000206af275210 code [0x00000206af2754e0, 0x00000206af2763c0]
Event: 2458.884 Thread 0x00000206a2c19800 29003       3       ui.views.waveform.f.a::a (7 bytes)
Event: 2458.884 Thread 0x00000206a2c19800 nmethod 29003 0x00000206adf2fa90 code [0x00000206adf2fc40, 0x00000206adf2fd98]
Event: 2458.918 Thread 0x00000206a2c1b000 29004       3       java.awt.Window::isFocused (16 bytes)
Event: 2458.918 Thread 0x00000206a2c1b000 nmethod 29004 0x00000206ae9f8790 code [0x00000206ae9f89c0, 0x00000206ae9f9070]
Event: 2460.643 Thread 0x00000206a2c10000 29005       4       ui.data.h.a::a (62 bytes)
Event: 2460.646 Thread 0x00000206a2c10000 nmethod 29005 0x00000206b43b0810 code [0x00000206b43b0a00, 0x00000206b43b0e30]

GC Heap History (10 events):
Event: 2456.557 GC heap before
{Heap before GC invocations=749 (full 149):
 garbage-first heap   total 400384K, used 215672K [0x0000000700000000, 0x0000000700100c38, 0x00000007c0000000)
  region size 1024K, 60 young (61440K), 1 survivors (1024K)
 Metaspace       used 97460K, capacity 104921K, committed 105216K, reserved 1138688K
  class space    used 14038K, capacity 15311K, committed 15360K, reserved 1048576K
}
Event: 2456.559 GC heap after
{Heap after GC invocations=750 (full 149):
 garbage-first heap   total 400384K, used 155451K [0x0000000700000000, 0x0000000700100c38, 0x00000007c0000000)
  region size 1024K, 1 young (1024K), 1 survivors (1024K)
 Metaspace       used 97460K, capacity 104921K, committed 105216K, reserved 1138688K
  class space    used 14038K, capacity 15311K, committed 15360K, reserved 1048576K
}
Event: 2457.311 GC heap before
{Heap before GC invocations=750 (full 149):
 garbage-first heap   total 400384K, used 215867K [0x0000000700000000, 0x0000000700100c38, 0x00000007c0000000)
  region size 1024K, 60 young (61440K), 1 survivors (1024K)
 Metaspace       used 97463K, capacity 104921K, committed 105216K, reserved 1138688K
  class space    used 14038K, capacity 15311K, committed 15360K, reserved 1048576K
}
Event: 2457.313 GC heap after
{Heap after GC invocations=751 (full 149):
 garbage-first heap   total 400384K, used 155450K [0x0000000700000000, 0x0000000700100c38, 0x00000007c0000000)
  region size 1024K, 1 young (1024K), 1 survivors (1024K)
 Metaspace       used 97463K, capacity 104921K, committed 105216K, reserved 1138688K
  class space    used 14038K, capacity 15311K, committed 15360K, reserved 1048576K
}
Event: 2457.564 GC heap before
{Heap before GC invocations=751 (full 149):
 garbage-first heap   total 400384K, used 215866K [0x0000000700000000, 0x0000000700100c38, 0x00000007c0000000)
  region size 1024K, 60 young (61440K), 1 survivors (1024K)
 Metaspace       used 97463K, capacity 104921K, committed 105216K, reserved 1138688K
  class space    used 14038K, capacity 15311K, committed 15360K, reserved 1048576K
}
Event: 2457.566 GC heap after
{Heap after GC invocations=752 (full 149):
 garbage-first heap   total 400384K, used 155478K [0x0000000700000000, 0x0000000700100c38, 0x00000007c0000000)
  region size 1024K, 1 young (1024K), 1 survivors (1024K)
 Metaspace       used 97463K, capacity 104921K, committed 105216K, reserved 1138688K
  class space    used 14038K, capacity 15311K, committed 15360K, reserved 1048576K
}
Event: 2458.805 GC heap before
{Heap before GC invocations=752 (full 149):
 garbage-first heap   total 400384K, used 215894K [0x0000000700000000, 0x0000000700100c38, 0x00000007c0000000)
  region size 1024K, 60 young (61440K), 1 survivors (1024K)
 Metaspace       used 97470K, capacity 104985K, committed 105216K, reserved 1138688K
  class space    used 14038K, capacity 15311K, committed 15360K, reserved 1048576K
}
Event: 2458.810 GC heap after
{Heap after GC invocations=753 (full 149):
 garbage-first heap   total 400384K, used 155597K [0x0000000700000000, 0x0000000700100c38, 0x00000007c0000000)
  region size 1024K, 1 young (1024K), 1 survivors (1024K)
 Metaspace       used 97470K, capacity 104985K, committed 105216K, reserved 1138688K
  class space    used 14038K, capacity 15311K, committed 15360K, reserved 1048576K
}
Event: 2460.968 GC heap before
{Heap before GC invocations=753 (full 149):
 garbage-first heap   total 400384K, used 216013K [0x0000000700000000, 0x0000000700100c38, 0x00000007c0000000)
  region size 1024K, 60 young (61440K), 1 survivors (1024K)
 Metaspace       used 97470K, capacity 104985K, committed 105216K, reserved 1138688K
  class space    used 14038K, capacity 15311K, committed 15360K, reserved 1048576K
}
Event: 2460.970 GC heap after
{Heap after GC invocations=754 (full 149):
 garbage-first heap   total 400384K, used 155728K [0x0000000700000000, 0x0000000700100c38, 0x00000007c0000000)
  region size 1024K, 1 young (1024K), 1 survivors (1024K)
 Metaspace       used 97470K, capacity 104985K, committed 105216K, reserved 1138688K
  class space    used 14038K, capacity 15311K, committed 15360K, reserved 1048576K
}

Deoptimization events (10 events):
Event: 2343.280 Thread 0x00000206c7f0e800 Uncommon trap: reason=bimorphic_or_optimized_type_check action=maybe_recompile pc=0x00000206b40ae6e4 method=com.jidesoft.plaf.basic.BasicJideTabbedPaneUI$TabbedPaneLayout.calculateSize(Z)Ljava/awt/Dimension; @ 169 c2
Event: 2343.280 Thread 0x00000206c7f0e800 Uncommon trap: reason=bimorphic_or_optimized_type_check action=maybe_recompile pc=0x00000206b40ae6e4 method=com.jidesoft.plaf.basic.BasicJideTabbedPaneUI$TabbedPaneLayout.calculateSize(Z)Ljava/awt/Dimension; @ 169 c2
Event: 2343.419 Thread 0x00000206c7f0e800 Uncommon trap: reason=unstable_if action=reinterpret pc=0x00000206b4b216a4 method=ui.data.simulation.c.equals(Ljava/lang/Object;)Z @ 4 c2
Event: 2393.103 Thread 0x00000206c7f0e800 Uncommon trap: reason=class_check action=maybe_recompile pc=0x00000206b4a90cb0 method=java.awt.DefaultKeyboardFocusManager.processKeyEvent(Ljava/awt/Component;Ljava/awt/event/KeyEvent;)V @ 261 c2
Event: 2393.715 Thread 0x00000206c7f0e800 Uncommon trap: reason=class_check action=maybe_recompile pc=0x00000206b4a90cb0 method=java.awt.DefaultKeyboardFocusManager.processKeyEvent(Ljava/awt/Component;Ljava/awt/event/KeyEvent;)V @ 261 c2
Event: 2394.135 Thread 0x00000206c7f0e800 Uncommon trap: reason=class_check action=maybe_recompile pc=0x00000206b4a90cb0 method=java.awt.DefaultKeyboardFocusManager.processKeyEvent(Ljava/awt/Component;Ljava/awt/event/KeyEvent;)V @ 261 c2
Event: 2394.249 Thread 0x00000206c7f0e800 Uncommon trap: reason=class_check action=maybe_recompile pc=0x00000206b4a90cb0 method=java.awt.DefaultKeyboardFocusManager.processKeyEvent(Ljava/awt/Component;Ljava/awt/event/KeyEvent;)V @ 261 c2
Event: 2422.859 Thread 0x00000206c7f0e800 Uncommon trap: reason=unstable_if action=reinterpret pc=0x00000206b4961c88 method=java.awt.GradientPaintContext.getCachedRaster(Ljava/awt/image/ColorModel;II)Ljava/awt/image/Raster; @ 32 c2
Event: 2422.859 Thread 0x00000206c7f0e800 Uncommon trap: reason=unstable_if action=reinterpret pc=0x00000206b3d23ae8 method=java.awt.GradientPaintContext.putCachedRaster(Ljava/awt/image/ColorModel;Ljava/awt/image/Raster;)V @ 17 c2
Event: 2458.735 Thread 0x00000206c7f0e800 Uncommon trap: reason=bimorphic_or_optimized_type_check action=maybe_recompile pc=0x00000206b4bf08ac method=java.awt.DefaultKeyboardFocusManager.processKeyEvent(Ljava/awt/Component;Ljava/awt/event/KeyEvent;)V @ 261 c2

Classes redefined (0 events):
No events

Internal exceptions (10 events):
Event: 2286.713 Thread 0x00000206c7f0e800 Exception <a 'java/lang/NoSuchMethodError'{0x0000000718d35c40}: java.lang.invoke.DirectMethodHandle$Holder.invokeSpecial(Ljava/lang/Object;Ljava/lang/Object;Ljava/lang/Object;Ljava/lang/Object;Ljava/lang/Object;Ljava/lang/Object;Ljava/lang/Object;Ljava/la
Event: 2286.734 Thread 0x00000206c7f0e800 Exception <a 'java/lang/NoSuchMethodError'{0x0000000718bcf9c8}: java.lang.invoke.DirectMethodHandle$Holder.invokeSpecial(Ljava/lang/Object;Ljava/lang/Object;IILjava/lang/Object;Ljava/lang/Object;Ljava/lang/Object;Ljava/lang/Object;Ljava/lang/Object;Ljava/
Event: 2286.734 Thread 0x00000206c7f0e800 Exception <a 'java/lang/NoSuchMethodError'{0x0000000718bd4540}: java.lang.invoke.DelegatingMethodHandle$Holder.reinvoke_L(Ljava/lang/Object;IILjava/lang/Object;Ljava/lang/Object;Ljava/lang/Object;Ljava/lang/Object;Ljava/lang/Object;Ljava/lang/Object;Ljava
Event: 2286.740 Thread 0x00000206c7f0e800 Exception <a 'java/lang/NoSuchMethodError'{0x0000000718ab48b8}: java.lang.invoke.DirectMethodHandle$Holder.invokeSpecial(Ljava/lang/Object;Ljava/lang/Object;Ljava/lang/Object;Ljava/lang/Object;Ljava/lang/Object;Ljava/lang/Object;Ljava/lang/Object;Ljava/la
Event: 2287.070 Thread 0x00000206c7f0e800 Implicit null exception at 0x00000206b40319a7 to 0x00000206b4031c02
Event: 2287.253 Thread 0x00000206c7f0e800 Implicit null exception at 0x00000206b31cdd50 to 0x00000206b31cddd0
Event: 2287.721 Thread 0x00000206c7f0e800 Implicit null exception at 0x00000206b3dc73b2 to 0x00000206b3dc7995
Event: 2290.013 Thread 0x00000206c7f0e800 Implicit null exception at 0x00000206b2f5ebc4 to 0x00000206b2f5ec16
Event: 2335.170 Thread 0x0000020694bfc000 Exception <a 'java/lang/InterruptedException'{0x0000000718698940}: sleep interrupted> (0x0000000718698940) thrown at [t:/workspace/hotspot/src/share/vm/prims/jvm.cpp, line 3023]
Event: 2337.937 Thread 0x0000020694bfd000 Exception <a 'java/lang/InterruptedException'{0x00000007177812f0}: sleep interrupted> (0x00000007177812f0) thrown at [t:/workspace/hotspot/src/share/vm/prims/jvm.cpp, line 2984]

Events (10 events):
Event: 2460.968 Executing VM operation: G1IncCollectionPause
Event: 2460.970 Executing VM operation: G1IncCollectionPause done
Event: 2461.642 Thread 0x0000020694c00000 Thread added: 0x0000020694c00000
Event: 2461.645 Thread 0x0000020694c00000 Thread exited: 0x0000020694c00000
Event: 2462.643 Thread 0x0000020694c01800 Thread added: 0x0000020694c01800
Event: 2462.646 Thread 0x0000020694c01800 Thread exited: 0x0000020694c01800
Event: 2463.644 Thread 0x0000020694c00000 Thread added: 0x0000020694c00000
Event: 2463.647 Thread 0x0000020694c00000 Thread exited: 0x0000020694c00000
Event: 2464.646 Thread 0x0000020694c00000 Thread added: 0x0000020694c00000
Event: 2464.649 Thread 0x0000020694c00000 Thread exited: 0x0000020694c00000


Dynamic libraries:
0x00007ff79da70000 - 0x00007ff79daa0000 	C:\Xilinx\Vivado\2019.1\bin\unwrapped\win64.o\vivado.exe
0x00007ffe3c050000 - 0x00007ffe3c245000 	C:\WINDOWS\SYSTEM32\ntdll.dll
0x00007ffe3b2f0000 - 0x00007ffe3b3ae000 	C:\WINDOWS\System32\KERNEL32.DLL
0x00007ffe39b00000 - 0x00007ffe39dc8000 	C:\WINDOWS\System32\KERNELBASE.dll
0x00007ffe39dd0000 - 0x00007ffe39ed0000 	C:\WINDOWS\System32\ucrtbase.dll
0x00007ffe18d70000 - 0x00007ffe18dfd000 	C:\WINDOWS\SYSTEM32\MSVCP140.dll
0x00007ffe1e4b0000 - 0x00007ffe1e4cb000 	C:\WINDOWS\SYSTEM32\VCRUNTIME140.dll
0x00007ffe2eb10000 - 0x00007ffe2eb24000 	C:\Xilinx\Vivado\2019.1\lib\win64.o\libboost_signals.dll
0x00007ffe2fcd0000 - 0x00007ffe2fcdc000 	C:\WINDOWS\SYSTEM32\VCRUNTIME140_1.dll
0x00007ffe1e5f0000 - 0x00007ffe1e604000 	C:\Xilinx\Vivado\2019.1\lib\win64.o\librdi_commonmain.dll
0x00007ffe1e0e0000 - 0x00007ffe1e106000 	C:\Xilinx\Vivado\2019.1\lib\win64.o\libboost_filesystem.dll
0x00007ffe3ad80000 - 0x00007ffe3ae2e000 	C:\WINDOWS\System32\ADVAPI32.dll
0x00007ffe3bbe0000 - 0x00007ffe3bc7e000 	C:\WINDOWS\System32\msvcrt.dll
0x00007ffe3a0a0000 - 0x00007ffe3a13c000 	C:\WINDOWS\System32\sechost.dll
0x00007ffe3b080000 - 0x00007ffe3b1a5000 	C:\WINDOWS\System32\RPCRT4.dll
0x00007ffe2f1f0000 - 0x00007ffe2f1fa000 	C:\Xilinx\Vivado\2019.1\lib\win64.o\librdi_commonversion.dll
0x000000006f5c0000 - 0x000000006f6eb000 	C:\Xilinx\Vivado\2019.1\lib\win64.o\tcl85t.dll
0x00007ffe3a970000 - 0x00007ffe3ab10000 	C:\WINDOWS\System32\USER32.dll
0x00007ffe39970000 - 0x00007ffe39992000 	C:\WINDOWS\System32\win32u.dll
0x00007ffe3bc80000 - 0x00007ffe3bcab000 	C:\WINDOWS\System32\GDI32.dll
0x00007ffe399a0000 - 0x00007ffe39aad000 	C:\WINDOWS\System32\gdi32full.dll
0x00007ffe39f60000 - 0x00007ffe39ffd000 	C:\WINDOWS\System32\msvcp_win.dll
0x00007ffe3ae60000 - 0x00007ffe3aecb000 	C:\WINDOWS\System32\WS2_32.dll
0x00007ffe2b640000 - 0x00007ffe2b64b000 	C:\Xilinx\Vivado\2019.1\lib\win64.o\libboost_system.dll
0x00007ffdf5740000 - 0x00007ffdf5861000 	C:\Xilinx\Vivado\2019.1\lib\win64.o\librdi_commonxillic.dll
0x00007ffda9350000 - 0x00007ffda9628000 	C:\Xilinx\Vivado\2019.1\lib\win64.o\libXil_lmgr11.dll
0x00007ffe3b3b0000 - 0x00007ffe3b48a000 	C:\WINDOWS\System32\COMDLG32.dll
0x00007ffe3bcb0000 - 0x00007ffe3c005000 	C:\WINDOWS\System32\combase.dll
0x00007ffe3ab40000 - 0x00007ffe3abed000 	C:\WINDOWS\System32\shcore.dll
0x00007ffe3a810000 - 0x00007ffe3a865000 	C:\WINDOWS\System32\SHLWAPI.dll
0x00007ffe3b490000 - 0x00007ffe3bbd4000 	C:\WINDOWS\System32\SHELL32.dll
0x00007ffe3a740000 - 0x00007ffe3a80d000 	C:\WINDOWS\System32\OLEAUT32.dll
0x00007ffe3ac50000 - 0x00007ffe3ad7a000 	C:\WINDOWS\System32\ole32.dll
0x00007ffe3a000000 - 0x00007ffe3a069000 	C:\WINDOWS\System32\WINTRUST.dll
0x00007ffe39760000 - 0x00007ffe398b6000 	C:\WINDOWS\System32\CRYPT32.dll
0x00007ffdf5620000 - 0x00007ffdf5734000 	C:\Xilinx\Vivado\2019.1\lib\win64.o\libboost_regex.dll
0x00007ffe2d480000 - 0x00007ffe2d499000 	C:\WINDOWS\SYSTEM32\NETAPI32.dll
0x00007ffe12ec0000 - 0x00007ffe12f70000 	C:\WINDOWS\WinSxS\amd64_microsoft.windows.common-controls_6595b64144ccf1df_5.82.19041.1110_none_792d1c772443f647\COMCTL32.dll
0x00007ffe1b330000 - 0x00007ffe1b339000 	C:\WINDOWS\SYSTEM32\WSOCK32.dll
0x00007ffe2d960000 - 0x00007ffe2d97d000 	C:\WINDOWS\SYSTEM32\dhcpcsvc.DLL
0x00007ffd9a8d0000 - 0x00007ffd9b7b2000 	C:\Xilinx\Vivado\2019.1\lib\win64.o\librdi_common.dll
0x00007ffda8320000 - 0x00007ffda868e000 	C:\Xilinx\Vivado\2019.1\lib\win64.o\libCOIN-all.dll
0x00007ffe19190000 - 0x00007ffe191a4000 	C:\Xilinx\Vivado\2019.1\lib\win64.o\libboost_date_time.dll
0x00007ffe17230000 - 0x00007ffe17251000 	C:\Xilinx\Vivado\2019.1\lib\win64.o\libboost_thread.dll
0x00007ffe19060000 - 0x00007ffe190df000 	C:\Xilinx\Vivado\2019.1\lib\win64.o\libboost_program_options.dll
0x00007ffe222b0000 - 0x00007ffe222bf000 	C:\Xilinx\Vivado\2019.1\lib\win64.o\libboost_xilinx.dll
0x00007ffdfb2f0000 - 0x00007ffdfb372000 	C:\Xilinx\Vivado\2019.1\lib\win64.o\libhdlpsolve.dll
0x00007ffdfaf20000 - 0x00007ffdfafc5000 	C:\Xilinx\Vivado\2019.1\lib\win64.o\libhdxml.dll
0x00007ffe128e0000 - 0x00007ffe12945000 	C:\Xilinx\Vivado\2019.1\lib\win64.o\liblmx6.0.dll
0x00007ffe08360000 - 0x00007ffe0838e000 	C:\Xilinx\Vivado\2019.1\lib\win64.o\libisl_sysinfo.dll
0x00007ffe18d50000 - 0x00007ffe18d6a000 	C:\Xilinx\Vivado\2019.1\lib\win64.o\pthreadVC2.dll
0x0000000012000000 - 0x0000000012270000 	C:\Xilinx\Vivado\2019.1\lib\win64.o\xerces-c_3_1.dll
0x00007ffe17320000 - 0x00007ffe1733c000 	C:\Xilinx\Vivado\2019.1\lib\win64.o\librdiconfig.dll
0x00007ffe02a30000 - 0x00007ffe02a51000 	C:\Xilinx\Vivado\2019.1\lib\win64.o\librdizlib.dll
0x00007ffe1ebb0000 - 0x00007ffe1f088000 	C:\WINDOWS\SYSTEM32\WININET.dll
0x00007ffe24600000 - 0x00007ffe2470c000 	C:\WINDOWS\SYSTEM32\WINHTTP.dll
0x00007ffd96790000 - 0x00007ffd9733f400 	C:\Xilinx\Vivado\2019.1\lib\win64.o\libisl_iostreams.dll
0x00007ffe25b80000 - 0x00007ffe25d6b000 	C:\WINDOWS\SYSTEM32\urlmon.dll
0x00007ffe02250000 - 0x00007ffe02281000 	C:\WINDOWS\SYSTEM32\VCOMP140.DLL
0x00007ffe19330000 - 0x00007ffe1933d000 	C:\Xilinx\Vivado\2019.1\lib\win64.o\libboost_chrono.dll
0x00007ffd958f0000 - 0x00007ffd96781000 	C:\Xilinx\Vivado\2019.1\lib\win64.o\gurobi65.dll
0x00007ffe248e0000 - 0x00007ffe24908000 	C:\WINDOWS\SYSTEM32\srvcli.dll
0x00007ffe24910000 - 0x00007ffe24bc1000 	C:\WINDOWS\SYSTEM32\iertutil.dll
0x00007ffe38cc0000 - 0x00007ffe38ccc000 	C:\WINDOWS\SYSTEM32\netutils.dll
0x00007ffe08120000 - 0x00007ffe0813b000 	C:\Xilinx\Vivado\2019.1\lib\win64.o\libboost_iostreams.dll
0x00007ffe00d60000 - 0x00007ffe00d85000 	C:\Xilinx\Vivado\2019.1\lib\win64.o\libisl_iosutils.dll
0x00007ffe3ab10000 - 0x00007ffe3ab40000 	C:\WINDOWS\System32\IMM32.DLL
0x00007ffe39340000 - 0x00007ffe39352000 	C:\WINDOWS\SYSTEM32\MSASN1.dll
0x00007ffe37fe0000 - 0x00007ffe37ff2000 	C:\WINDOWS\SYSTEM32\kernel.appcore.dll
0x00007ffd953d0000 - 0x00007ffd958e7000 	C:\Xilinx\Vivado\2019.1\lib\win64.o\librdi_commontasks.dll
0x00007ffe2dc80000 - 0x00007ffe2dc8a000 	C:\WINDOWS\SYSTEM32\VERSION.dll
0x000000006e470000 - 0x000000006ee95000 	C:\Xilinx\Vivado\2019.1\tps\win64\jre9.0.4\bin\server\jvm.dll
0x00007ffe3ae30000 - 0x00007ffe3ae38000 	C:\WINDOWS\System32\PSAPI.DLL
0x00007ffe24ed0000 - 0x00007ffe24ef7000 	C:\WINDOWS\SYSTEM32\WINMM.dll
0x00007ffdf3100000 - 0x00007ffdf31ef000 	C:\WINDOWS\SYSTEM32\MSVCR120.dll
0x00007ffdb6ba0000 - 0x00007ffdb6e26000 	C:\Xilinx\Vivado\2019.1\lib\win64.o\librdi_sio.dll
0x00007ffe38bb0000 - 0x00007ffe38beb000 	C:\WINDOWS\SYSTEM32\IPHLPAPI.DLL
0x00007ffe38f10000 - 0x00007ffe38f7a000 	C:\WINDOWS\SYSTEM32\MSWSOCK.DLL
0x00007ffe37560000 - 0x00007ffe37cf4000 	C:\WINDOWS\SYSTEM32\windows.storage.dll
0x00007ffe391b0000 - 0x00007ffe391de000 	C:\WINDOWS\SYSTEM32\Wldp.dll
0x00007ffd8d470000 - 0x00007ffd8f92c000 	C:\Xilinx\Vivado\2019.1\lib\win64.o\librdi_tcltasks.dll
0x00007ffdf55a0000 - 0x00007ffdf5618000 	C:\Xilinx\Vivado\2019.1\lib\win64.o\librdi_boarddep.dll
0x00007ffd98340000 - 0x00007ffd98748000 	C:\Xilinx\Vivado\2019.1\lib\win64.o\librdi_bitstream.dll
0x00007ffdebdc0000 - 0x00007ffdebf51000 	C:\Xilinx\Vivado\2019.1\lib\win64.o\librdi_board.dll
0x00007ffdad490000 - 0x00007ffdad57b000 	C:\Xilinx\Vivado\2019.1\lib\win64.o\librdi_chipscope.dll
0x00007ffdabb80000 - 0x00007ffdabd3d000 	C:\Xilinx\Vivado\2019.1\lib\win64.o\librdi_chipscopeimpl.dll
0x00007ffdace50000 - 0x00007ffdacfa6000 	C:\Xilinx\Vivado\2019.1\lib\win64.o\librdi_containers.dll
0x00007ffd89420000 - 0x00007ffd8d463000 	C:\Xilinx\Vivado\2019.1\lib\win64.o\librdi_designutils.dll
0x00007ffd87a30000 - 0x00007ffd8941a000 	C:\Xilinx\Vivado\2019.1\lib\win64.o\librdi_constraints.dll
0x00007ffda21f0000 - 0x00007ffda250e000 	C:\Xilinx\Vivado\2019.1\lib\win64.o\librdi_dlyest.dll
0x00007ffd85b70000 - 0x00007ffd87a21000 	C:\Xilinx\Vivado\2019.1\lib\win64.o\librdi_coregen.dll
0x00007ffdf3030000 - 0x00007ffdf30f4000 	C:\Xilinx\Vivado\2019.1\lib\win64.o\librdi_dsp.dll
0x00007ffd94e30000 - 0x00007ffd953ca000 	C:\Xilinx\Vivado\2019.1\lib\win64.o\librdi_drc.dll
0x00007ffd94750000 - 0x00007ffd94e2a000 	C:\Xilinx\Vivado\2019.1\lib\win64.o\librdi_coregenipxact.dll
0x00007ffd73740000 - 0x00007ffd85b6c000 	C:\Xilinx\Vivado\2019.1\lib\win64.o\librdi_device.dll
0x00007ffd9f870000 - 0x00007ffd9fb53000 	C:\Xilinx\Vivado\2019.1\lib\win64.o\librdi_guitools.dll
0x00007ffd730f0000 - 0x00007ffd7373d000 	C:\Xilinx\Vivado\2019.1\lib\win64.o\librdi_filemgmt.dll
0x00007ffdf4a00000 - 0x00007ffdf4a65000 	C:\Xilinx\Vivado\2019.1\lib\win64.o\librdi_hdf.dll
0x00007ffdf3460000 - 0x00007ffdf34d3000 	C:\Xilinx\Vivado\2019.1\lib\win64.o\librdi_memoryarray.dll
0x00007ffd71b30000 - 0x00007ffd730f0000 	C:\Xilinx\Vivado\2019.1\lib\win64.o\librdi_implflow.dll
0x00007ffd71510000 - 0x00007ffd71b25000 	C:\Xilinx\Vivado\2019.1\lib\win64.o\librdi_memdata.dll
0x00007ffd6e820000 - 0x00007ffd71506000 	C:\Xilinx\Vivado\2019.1\lib\win64.o\librdi_mig.dll
0x00007ffe00810000 - 0x00007ffe0085b000 	C:\Xilinx\Vivado\2019.1\lib\win64.o\librdi_pfi.dll
0x00007ffd6e170000 - 0x00007ffd6e812000 	C:\Xilinx\Vivado\2019.1\lib\win64.o\librdi_netlist.dll
0x00007ffd9b870000 - 0x00007ffd9bb7f000 	C:\Xilinx\Vivado\2019.1\lib\win64.o\librdi_platform.dll
0x00007ffd6baf0000 - 0x00007ffd6e166000 	C:\Xilinx\Vivado\2019.1\lib\win64.o\librdi_place.dll
0x00007ffd6b3a0000 - 0x00007ffd6baea000 	C:\Xilinx\Vivado\2019.1\lib\win64.o\librdi_power.dll
0x00007ffd6ac90000 - 0x00007ffd6b399000 	C:\Xilinx\Vivado\2019.1\lib\win64.o\librdi_psta.dll
0x00007ffd6a710000 - 0x00007ffd6ac8f000 	C:\Xilinx\Vivado\2019.1\lib\win64.o\librdi_project.dll
0x00007ffd6a000000 - 0x00007ffd6a706000 	C:\Xilinx\Vivado\2019.1\lib\win64.o\librdi_rsb.dll
0x00007ffd69c00000 - 0x00007ffd69ff1000 	C:\Xilinx\Vivado\2019.1\lib\win64.o\librdi_runs.dll
0x00007ffdad220000 - 0x00007ffdad31a000 	C:\Xilinx\Vivado\2019.1\lib\win64.o\librdi_runsbase.dll
0x00007ffd9fcb0000 - 0x00007ffd9ff06000 	C:\Xilinx\Vivado\2019.1\lib\win64.o\librdi_simdata.dll
0x00007ffd9d910000 - 0x00007ffd9da82000 	C:\Xilinx\Vivado\2019.1\lib\win64.o\librdi_advchipscopeimpl.dll
0x00007ffd68de0000 - 0x00007ffd69bf1000 	C:\Xilinx\Vivado\2019.1\lib\win64.o\librdi_timing.dll
0x00007ffe00130000 - 0x00007ffe0017c000 	C:\Xilinx\Vivado\2019.1\lib\win64.o\libboost_serialization.dll
0x00007ffd689f0000 - 0x00007ffd68dd5000 	C:\Xilinx\Vivado\2019.1\lib\win64.o\librdi_hip_config.dll
0x00007ffd68850000 - 0x00007ffd689ef000 	C:\Xilinx\Vivado\2019.1\lib\win64.o\librdi_hip_devdesign.dll
0x00007ffdfb2a0000 - 0x00007ffdfb2e3000 	C:\Xilinx\Vivado\2019.1\lib\win64.o\librdi_noc_frameworks.dll
0x00007ffd68300000 - 0x00007ffd6884e000 	C:\Xilinx\Vivado\2019.1\lib\win64.o\librdi_xdm.dll
0x00007ffdb1a10000 - 0x00007ffdb1ad2000 	C:\Xilinx\Vivado\2019.1\lib\win64.o\librdi_ipconfig_readwrite.dll
0x00007ffde4210000 - 0x00007ffde42ae000 	C:\Xilinx\Vivado\2019.1\lib\win64.o\libise.dll
0x00007ffd67d00000 - 0x00007ffd682fc000 	C:\Xilinx\Vivado\2019.1\lib\win64.o\librdi_wavedata.dll
0x00007ffdfaee0000 - 0x00007ffdfaf20000 	C:\Xilinx\Vivado\2019.1\lib\win64.o\librdi_wavedata_SimpleApi.dll
0x00007ffd671b0000 - 0x00007ffd67cf7000 	C:\Xilinx\Vivado\2019.1\lib\win64.o\libverific.dll
0x00007ffdfae00000 - 0x00007ffdfae3f000 	C:\Xilinx\Vivado\2019.1\lib\win64.o\librdi_schedmon.dll
0x00007ffd64050000 - 0x00007ffd651dd000 	C:\Xilinx\Vivado\2019.1\lib\win64.o\librdi_route.dll
0x00007ffd651e0000 - 0x00007ffd671ad000 	C:\Xilinx\Vivado\2019.1\lib\win64.o\librdi_synth.dll

VM Arguments:
jvm_args: -Dsun.java2d.pmoffscreen=false -Dsun.java2d.xrender=false -Dsun.java2d.d3d=false -Dsun.awt.nopixfmt=true -Dsun.java2d.dpiaware=true -Dsun.java2d.uiScale.enabled=false -Xverify:none -Dswing.aatext=true -XX:-UsePerfData -Djdk.map.althashing.threshold=512 -XX:StringTableSize=4072 --add-opens=java.base/java.nio=ALL-UNNAMED --add-opens=java.desktop/sun.swing=ALL-UNNAMED --add-opens=java.desktop/javax.swing=ALL-UNNAMED --add-opens=java.desktop/javax.swing.tree=ALL-UNNAMED --add-opens=java.desktop/javax.swing.plaf.basic=ALL-UNNAMED --add-opens=java.desktop/javax.swing.plaf.synth=ALL-UNNAMED --add-opens=java.desktop/com.sun.awt=ALL-UNNAMED -XX:NewSize=60m -XX:MaxNewSize=60m -Xms128m -Xmx3072m -Xss5m 
java_command: <unknown>
java_class_path (initial): C:/Xilinx/Vivado/2019.1\lib\classes\alloy.jar;C:/Xilinx/Vivado/2019.1\lib\classes\autopilot.scelaborator.jar;C:/Xilinx/Vivado/2019.1\lib\classes\autopilot.sourceprocessor.jar;C:/Xilinx/Vivado/2019.1\lib\classes\autopilot.tbprocessor.jar;C:/Xilinx/Vivado/2019.1\lib\classes\batik-anim.jar;C:/Xilinx/Vivado/2019.1\lib\classes\batik-awt-util.jar;C:/Xilinx/Vivado/2019.1\lib\classes\batik-bridge.jar;C:/Xilinx/Vivado/2019.1\lib\classes\batik-codec.jar;C:/Xilinx/Vivado/2019.1\lib\classes\batik-css.jar;C:/Xilinx/Vivado/2019.1\lib\classes\batik-dom.jar;C:/Xilinx/Vivado/2019.1\lib\classes\batik-ext.jar;C:/Xilinx/Vivado/2019.1\lib\classes\batik-gui-util.jar;C:/Xilinx/Vivado/2019.1\lib\classes\batik-gvt.jar;C:/Xilinx/Vivado/2019.1\lib\classes\batik-parser.jar;C:/Xilinx/Vivado/2019.1\lib\classes\batik-script.jar;C:/Xilinx/Vivado/2019.1\lib\classes\batik-svg-dom.jar;C:/Xilinx/Vivado/2019.1\lib\classes\batik-swing.jar;C:/Xilinx/Vivado/2019.1\lib\classes\batik-transcoder.jar;C:/Xilinx/Vivado/2019.1\lib\classes\batik-util.jar;C:/Xilinx/Vivado/2019.1\lib\classes\batik-xml.jar;C:/Xilinx/Vivado/2019.1\lib\classes\com.google.gson_2.7.0.v20170129-0911.jar;C:/Xilinx/Vivado/2019.1\lib\classes\com.google.guava_21.0.0.v20170206-1425.jar;C:/Xilinx/Vivado/2019.1\lib\classes\com.google.inject_3.0.0.v201605172100.jar;C:/Xilinx/Vivado/2019.1\lib\classes\com.ibm.icu_4.4.2.v20110208.jar;C:/Xilinx/Vivado/2019.1\lib\classes\com.sigasi.hdt.annotations.runtime_4.3.0.201903071210.jar;C:/Xilinx/Vivado/2019.1\lib\classes\com.sigasi.hdt.blockdiagram.model_4.3.0.201903071210.jar;C:/Xilinx/Vivado/2019.1\lib\classes\com.sigasi.hdt.connection_4.3.0.201903071210.jar;C:/Xilinx/Vivado/2019.1\lib\classes\com.sigasi.hdt.dependencies.model_4.3.0.201903071210.jar;C:/Xilinx/Vivado/2019.1\lib\classes\com.sigasi.hdt.epl_4.3.0.201903071210.jar;C:/Xilinx/Vivado/2019.1\lib\classes\com.sigasi.hdt.graphics.model_4.3.0.201903071210.jar;C:/Xilinx/Vivado/2019.1\lib\classes\com.sigasi.hdt.project_4.3.0
Launcher Type: generic

Logging:
Log output configuration:
#0: stdout all=warning uptime,level,tags
#1: stderr all=off uptime,level,tags

Environment Variables:
JAVA_HOME=C:\Program Files\Java\jdk1.6.0_45
PATH=C:/Xilinx/Vivado/2019.1/bin;C:/Xilinx/Vivado/2019.1/lib/win64.o;C:/Xilinx/Vivado/2019.1/tps/win64/jre9.0.4/bin/server;C:/Xilinx/Vivado/2019.1/tps/win64/jre9.0.4/bin;C:/Xilinx/SDK/2019.1/bin;C:/Xilinx/Vivado/2019.1/ids_lite/ISE/bin/nt64;C:/Xilinx/Vivado/2019.1/ids_lite/ISE/lib/nt64;;C:\WINDOWS\system32;C:\WINDOWS;C:\WINDOWS\System32\Wbem;C:\WINDOWS\System32\WindowsPowerShell\v1.0\;C:\WINDOWS\System32\OpenSSH\;C:\Program Files\PuTTY\;C:\Program Files\MATLAB\R2021a\bin;C:\Program Files\Git\cmd;C:\ProgramData\chocolatey\bin;C:\Program Files (x86)\NVIDIA Corporation\PhysX\Common;C:\Program Files\Apache Software Foundation\apache-ant-1.9.14\bin;C:\Users\jones\AppData\Local\Programs\Python\Python38\Scripts\;C:\Users\jones\AppData\Local\Programs\Python\Python38\;C:\Users\jones\AppData\Local\Microsoft\WindowsApps;C:\altera\13.0sp1\modelsim_ase\win32aloem;C:\Users\jones\AppData\Local\Programs\Microsoft VS Code\bin;C:\Users\jones\AppData\Local\GitHubDesktop\bin;C:\Program Files\Java\jdk1.6.0_45\bin;C:/Xilinx/Vivado/2019.1\tps\mingw\6.2.0\win64.o\nt\bin;C:/Xilinx/Vivado/2019.1\tps\mingw\6.2.0\win64.o\nt\libexec\gcc\x86_64-w64-mingw32\6.2.0;C:/Xilinx/Vivado/2019.1\tps\win64\python-2.7.5;C:/Xilinx/Vivado/2019.1\tps\win64\python-2.7.5\lib;C:/Xilinx/Vivado/2019.1\tps\win64\python-2.7.5\Lib\lib-tk;C:/Xilinx/Vivado/2019.1\tps\win64\python-2.7.5\lib\site-packages
USERNAME=jones
OS=Windows_NT
PROCESSOR_IDENTIFIER=Intel64 Family 6 Model 158 Stepping 13, GenuineIntel



---------------  S Y S T E M  ---------------

OS: Windows 10 , 64 bit Build 19041 (10.0.19041.1503)

CPU:total 16 (initial active 16) (8 cores per cpu, 2 threads per core) family 6 model 158 stepping 13, cmov, cx8, fxsr, mmx, sse, sse2, sse3, ssse3, sse4.1, sse4.2, popcnt, avx, avx2, aes, clmul, erms, 3dnowpref, lzcnt, ht, tsc, tscinvbit, bmi1, bmi2, adx, fma

Memory: 4k page, physical 33249172k(22037404k free), swap 38229908k(22939936k free)

vm_info: Java HotSpot(TM) 64-Bit Server VM (9.0.4+11) for windows-amd64 JRE (9.0.4+11), built on Dec 20 2017 02:18:54 by "mach5one" with MS VC++ 12.0 (VS2013)

END.
