
*** Running vivado
    with args -log top_level.vds -m64 -product Vivado -mode batch -messageDb vivado.pb -notrace -source top_level.tcl


****** Vivado v2019.1 (64-bit)
  **** SW Build 2552052 on Fri May 24 14:49:42 MDT 2019
  **** IP Build 2548770 on Fri May 24 18:01:18 MDT 2019
    ** Copyright 1986-2019 Xilinx, Inc. All Rights Reserved.

source top_level.tcl -notrace
Command: synth_design -top top_level -part xc7z007sclg400-1
Starting synth_design
Attempting to get a license for feature 'Synthesis' and/or device 'xc7z007s'
INFO: [Common 17-349] Got license for feature 'Synthesis' and/or device 'xc7z007s'
INFO: [Device 21-403] Loading part xc7z007sclg400-1
INFO: Launching helper process for spawning children vivado processes
INFO: Helper process launched with PID 20664 
---------------------------------------------------------------------------------
Starting RTL Elaboration : Time (s): cpu = 00:00:03 ; elapsed = 00:00:04 . Memory (MB): peak = 818.098 ; gain = 177.531
---------------------------------------------------------------------------------
INFO: [Synth 8-638] synthesizing module 'top_level' [C:/Users/jones/Desktop/EE316-Lab3/Lab3/Lab3.srcs/sources_1/new/top_level.vhd:27]
INFO: [Synth 8-3491] module 'system_controller' declared at 'C:/Users/jones/Desktop/EE316-Lab3/Lab3/Lab3.srcs/sources_1/imports/Lab2/system_controller.vhd:5' bound to instance 'Inst_system_controller' of component 'system_controller' [C:/Users/jones/Desktop/EE316-Lab3/Lab3/Lab3.srcs/sources_1/new/top_level.vhd:130]
INFO: [Synth 8-638] synthesizing module 'system_controller' [C:/Users/jones/Desktop/EE316-Lab3/Lab3/Lab3.srcs/sources_1/imports/Lab2/system_controller.vhd:28]
INFO: [Synth 8-256] done synthesizing module 'system_controller' (1#1) [C:/Users/jones/Desktop/EE316-Lab3/Lab3/Lab3.srcs/sources_1/imports/Lab2/system_controller.vhd:28]
	Parameter ADC_ADDRESS bound to: 7'b1001111 
INFO: [Synth 8-3491] module 'i2c_adc_user' declared at 'C:/Users/jones/Desktop/EE316-Lab3/Lab3/Lab3.srcs/sources_1/new/i2c_adc_user.vhd:6' bound to instance 'Inst_i2c_adc_user' of component 'i2c_adc_user' [C:/Users/jones/Desktop/EE316-Lab3/Lab3/Lab3.srcs/sources_1/new/top_level.vhd:145]
INFO: [Synth 8-638] synthesizing module 'i2c_adc_user' [C:/Users/jones/Desktop/EE316-Lab3/Lab3/Lab3.srcs/sources_1/new/i2c_adc_user.vhd:29]
	Parameter ADC_ADDRESS bound to: 7'b1001111 
	Parameter input_clk bound to: 125000000 - type: integer 
	Parameter bus_clk bound to: 400000 - type: integer 
INFO: [Synth 8-3491] module 'i2c_master' declared at 'C:/Users/jones/Desktop/EE316-Lab3/Lab3/Lab3.srcs/sources_1/imports/Lab2/i2c_master.vhd:36' bound to instance 'Inst_i2c_master' of component 'i2c_master' [C:/Users/jones/Desktop/EE316-Lab3/Lab3/Lab3.srcs/sources_1/new/i2c_adc_user.vhd:69]
INFO: [Synth 8-638] synthesizing module 'i2c_master' [C:/Users/jones/Desktop/EE316-Lab3/Lab3/Lab3.srcs/sources_1/imports/Lab2/i2c_master.vhd:54]
	Parameter input_clk bound to: 125000000 - type: integer 
	Parameter bus_clk bound to: 400000 - type: integer 
INFO: [Synth 8-256] done synthesizing module 'i2c_master' (2#1) [C:/Users/jones/Desktop/EE316-Lab3/Lab3/Lab3.srcs/sources_1/imports/Lab2/i2c_master.vhd:54]
INFO: [Synth 8-256] done synthesizing module 'i2c_adc_user' (3#1) [C:/Users/jones/Desktop/EE316-Lab3/Lab3/Lab3.srcs/sources_1/new/i2c_adc_user.vhd:29]
INFO: [Synth 8-3491] module 'PWM' declared at 'C:/Users/jones/Desktop/EE316-Lab3/Lab3/Lab3.srcs/sources_1/imports/Lab2/PWM.vhd:5' bound to instance 'Inst_PWM' of component 'PWM' [C:/Users/jones/Desktop/EE316-Lab3/Lab3/Lab3.srcs/sources_1/new/top_level.vhd:159]
INFO: [Synth 8-638] synthesizing module 'PWM' [C:/Users/jones/Desktop/EE316-Lab3/Lab3/Lab3.srcs/sources_1/imports/Lab2/PWM.vhd:18]
INFO: [Synth 8-256] done synthesizing module 'PWM' (4#1) [C:/Users/jones/Desktop/EE316-Lab3/Lab3/Lab3.srcs/sources_1/imports/Lab2/PWM.vhd:18]
	Parameter CNTR_MAX bound to: 16'b1111111111111111 
INFO: [Synth 8-3491] module 'btn_debounce_toggle' declared at 'C:/Users/jones/Desktop/EE316-Lab3/Lab3/Lab3.srcs/sources_1/imports/Lab2/btn_debounce_toggle.vhd:32' bound to instance 'Inst_state_toggle' of component 'btn_debounce_toggle' [C:/Users/jones/Desktop/EE316-Lab3/Lab3/Lab3.srcs/sources_1/new/top_level.vhd:168]
INFO: [Synth 8-638] synthesizing module 'btn_debounce_toggle' [C:/Users/jones/Desktop/EE316-Lab3/Lab3/Lab3.srcs/sources_1/imports/Lab2/btn_debounce_toggle.vhd:42]
	Parameter CNTR_MAX bound to: 16'b1111111111111111 
INFO: [Synth 8-256] done synthesizing module 'btn_debounce_toggle' (5#1) [C:/Users/jones/Desktop/EE316-Lab3/Lab3/Lab3.srcs/sources_1/imports/Lab2/btn_debounce_toggle.vhd:42]
	Parameter CNTR_MAX bound to: 16'b1111111111111111 
INFO: [Synth 8-3491] module 'btn_debounce_toggle' declared at 'C:/Users/jones/Desktop/EE316-Lab3/Lab3/Lab3.srcs/sources_1/imports/Lab2/btn_debounce_toggle.vhd:32' bound to instance 'Inst_reset_deb' of component 'btn_debounce_toggle' [C:/Users/jones/Desktop/EE316-Lab3/Lab3/Lab3.srcs/sources_1/new/top_level.vhd:177]
INFO: [Synth 8-3491] module 'Reset_Delay' declared at 'C:/Users/jones/Desktop/EE316-Lab3/Lab3/Lab3.srcs/sources_1/imports/Lab2/reset_delay.vhd:9' bound to instance 'Inst_reset_delay' of component 'reset_delay' [C:/Users/jones/Desktop/EE316-Lab3/Lab3/Lab3.srcs/sources_1/new/top_level.vhd:186]
INFO: [Synth 8-638] synthesizing module 'Reset_Delay' [C:/Users/jones/Desktop/EE316-Lab3/Lab3/Lab3.srcs/sources_1/imports/Lab2/reset_delay.vhd:17]
INFO: [Synth 8-256] done synthesizing module 'Reset_Delay' (6#1) [C:/Users/jones/Desktop/EE316-Lab3/Lab3/Lab3.srcs/sources_1/imports/Lab2/reset_delay.vhd:17]
WARNING: [Synth 8-3848] Net clock_o in module/entity top_level does not have driver. [C:/Users/jones/Desktop/EE316-Lab3/Lab3/Lab3.srcs/sources_1/new/top_level.vhd:23]
INFO: [Synth 8-256] done synthesizing module 'top_level' (7#1) [C:/Users/jones/Desktop/EE316-Lab3/Lab3/Lab3.srcs/sources_1/new/top_level.vhd:27]
WARNING: [Synth 8-3331] design top_level has unconnected port clock_o
WARNING: [Synth 8-3331] design top_level has unconnected port lcd_sda
WARNING: [Synth 8-3331] design top_level has unconnected port lcd_scl
---------------------------------------------------------------------------------
Finished RTL Elaboration : Time (s): cpu = 00:00:05 ; elapsed = 00:00:05 . Memory (MB): peak = 881.477 ; gain = 240.910
---------------------------------------------------------------------------------

Report Check Netlist: 
+------+------------------+-------+---------+-------+------------------+
|      |Item              |Errors |Warnings |Status |Description       |
+------+------------------+-------+---------+-------+------------------+
|1     |multi_driven_nets |      0|        0|Passed |Multi driven nets |
+------+------------------+-------+---------+-------+------------------+
---------------------------------------------------------------------------------
Start Handling Custom Attributes
---------------------------------------------------------------------------------
---------------------------------------------------------------------------------
Finished Handling Custom Attributes : Time (s): cpu = 00:00:05 ; elapsed = 00:00:05 . Memory (MB): peak = 881.477 ; gain = 240.910
---------------------------------------------------------------------------------
---------------------------------------------------------------------------------
Finished RTL Optimization Phase 1 : Time (s): cpu = 00:00:05 ; elapsed = 00:00:05 . Memory (MB): peak = 881.477 ; gain = 240.910
---------------------------------------------------------------------------------
INFO: [Project 1-570] Preparing netlist for logic optimization

Processing XDC Constraints
Initializing timing engine
Parsing XDC File [C:/Users/jones/Desktop/EE316-Lab3/Lab3/Lab3.srcs/constrs_1/imports/XDC Files/Cora-Z7-07S-Master.xdc]
Finished Parsing XDC File [C:/Users/jones/Desktop/EE316-Lab3/Lab3/Lab3.srcs/constrs_1/imports/XDC Files/Cora-Z7-07S-Master.xdc]
INFO: [Project 1-236] Implementation specific constraints were found while reading constraint file [C:/Users/jones/Desktop/EE316-Lab3/Lab3/Lab3.srcs/constrs_1/imports/XDC Files/Cora-Z7-07S-Master.xdc]. These constraints will be ignored for synthesis but will be used in implementation. Impacted constraints are listed in the file [.Xil/top_level_propImpl.xdc].
Resolution: To avoid this warning, move constraints listed in [.Xil/top_level_propImpl.xdc] to another XDC file and exclude this new file from synthesis with the used_in_synthesis property (File Properties dialog in GUI) and re-run elaboration/synthesis.
Completed Processing XDC Constraints

Netlist sorting complete. Time (s): cpu = 00:00:00 ; elapsed = 00:00:00 . Memory (MB): peak = 1007.004 ; gain = 0.000
INFO: [Project 1-111] Unisim Transformation Summary:
No Unisim elements were transformed.

Constraint Validation Runtime : Time (s): cpu = 00:00:00 ; elapsed = 00:00:00.004 . Memory (MB): peak = 1007.004 ; gain = 0.000
---------------------------------------------------------------------------------
Finished Constraint Validation : Time (s): cpu = 00:00:10 ; elapsed = 00:00:10 . Memory (MB): peak = 1007.004 ; gain = 366.438
---------------------------------------------------------------------------------
---------------------------------------------------------------------------------
Start Loading Part and Timing Information
---------------------------------------------------------------------------------
Loading part: xc7z007sclg400-1
---------------------------------------------------------------------------------
Finished Loading Part and Timing Information : Time (s): cpu = 00:00:10 ; elapsed = 00:00:10 . Memory (MB): peak = 1007.004 ; gain = 366.438
---------------------------------------------------------------------------------
---------------------------------------------------------------------------------
Start Applying 'set_property' XDC Constraints
---------------------------------------------------------------------------------
---------------------------------------------------------------------------------
Finished applying 'set_property' XDC Constraints : Time (s): cpu = 00:00:10 ; elapsed = 00:00:10 . Memory (MB): peak = 1007.004 ; gain = 366.438
---------------------------------------------------------------------------------
INFO: [Synth 8-802] inferred FSM for state register 'next_state_reg' in module 'system_controller'
INFO: [Synth 8-802] inferred FSM for state register 'state_reg' in module 'i2c_master'
---------------------------------------------------------------------------------------------------
                   State |                     New Encoding |                Previous Encoding 
---------------------------------------------------------------------------------------------------
                    init |                              000 |                              000
                    adc0 |                              001 |                              001
                    adc1 |                              010 |                              011
                 adc1clk |                              011 |                              100
                    adc2 |                              100 |                              101
                    adc3 |                              101 |                              110
                 adc3clk |                              110 |                              111
---------------------------------------------------------------------------------------------------
INFO: [Synth 8-3354] encoded FSM with state register 'next_state_reg' using encoding 'sequential' in module 'system_controller'
---------------------------------------------------------------------------------------------------
                   State |                     New Encoding |                Previous Encoding 
---------------------------------------------------------------------------------------------------
                   ready |                        000000001 |                             0000
                   start |                        000000010 |                             0001
                 command |                        000000100 |                             0010
                slv_ack1 |                        000001000 |                             0011
                      wr |                        000010000 |                             0100
                slv_ack2 |                        000100000 |                             0110
                      rd |                        001000000 |                             0101
                mstr_ack |                        010000000 |                             0111
                    stop |                        100000000 |                             1000
---------------------------------------------------------------------------------------------------
INFO: [Synth 8-3354] encoded FSM with state register 'state_reg' using encoding 'one-hot' in module 'i2c_master'
---------------------------------------------------------------------------------
Finished RTL Optimization Phase 2 : Time (s): cpu = 00:00:10 ; elapsed = 00:00:11 . Memory (MB): peak = 1007.004 ; gain = 366.438
---------------------------------------------------------------------------------

Report RTL Partitions: 
+-+--------------+------------+----------+
| |RTL Partition |Replication |Instances |
+-+--------------+------------+----------+
+-+--------------+------------+----------+
---------------------------------------------------------------------------------
Start RTL Component Statistics 
---------------------------------------------------------------------------------
Detailed RTL Component Info : 
+---Adders : 
	   2 Input      9 Bit       Adders := 1     
	   2 Input      8 Bit       Adders := 1     
	   2 Input      4 Bit       Adders := 1     
	   2 Input      3 Bit       Adders := 1     
+---XORs : 
	   2 Input      1 Bit         XORs := 2     
+---Registers : 
	                9 Bit    Registers := 1     
	                8 Bit    Registers := 7     
	                3 Bit    Registers := 1     
	                2 Bit    Registers := 4     
	                1 Bit    Registers := 28    
+---Muxes : 
	   2 Input      9 Bit        Muxes := 10    
	   9 Input      9 Bit        Muxes := 1     
	   7 Input      8 Bit        Muxes := 1     
	   6 Input      8 Bit        Muxes := 2     
	   2 Input      8 Bit        Muxes := 3     
	   7 Input      3 Bit        Muxes := 1     
	   2 Input      3 Bit        Muxes := 2     
	   6 Input      3 Bit        Muxes := 1     
	   2 Input      2 Bit        Muxes := 3     
	   7 Input      2 Bit        Muxes := 1     
	   2 Input      1 Bit        Muxes := 14    
	   7 Input      1 Bit        Muxes := 10    
	   4 Input      1 Bit        Muxes := 2     
	   3 Input      1 Bit        Muxes := 1     
	   9 Input      1 Bit        Muxes := 7     
	   6 Input      1 Bit        Muxes := 15    
---------------------------------------------------------------------------------
Finished RTL Component Statistics 
---------------------------------------------------------------------------------
---------------------------------------------------------------------------------
Start RTL Hierarchical Component Statistics 
---------------------------------------------------------------------------------
Hierarchical RTL Component report 
Module system_controller 
Detailed RTL Component Info : 
+---Registers : 
	                8 Bit    Registers := 1     
	                2 Bit    Registers := 1     
	                1 Bit    Registers := 5     
+---Muxes : 
	   7 Input      8 Bit        Muxes := 1     
	   7 Input      3 Bit        Muxes := 1     
	   2 Input      3 Bit        Muxes := 1     
	   2 Input      2 Bit        Muxes := 2     
	   7 Input      2 Bit        Muxes := 1     
	   2 Input      1 Bit        Muxes := 2     
	   7 Input      1 Bit        Muxes := 10    
Module i2c_master 
Detailed RTL Component Info : 
+---Adders : 
	   2 Input      9 Bit       Adders := 1     
	   2 Input      4 Bit       Adders := 1     
	   2 Input      3 Bit       Adders := 1     
+---Registers : 
	                9 Bit    Registers := 1     
	                8 Bit    Registers := 4     
	                3 Bit    Registers := 1     
	                1 Bit    Registers := 8     
+---Muxes : 
	   2 Input      9 Bit        Muxes := 10    
	   9 Input      9 Bit        Muxes := 1     
	   6 Input      8 Bit        Muxes := 1     
	   2 Input      8 Bit        Muxes := 3     
	   2 Input      3 Bit        Muxes := 1     
	   4 Input      1 Bit        Muxes := 2     
	   2 Input      1 Bit        Muxes := 7     
	   3 Input      1 Bit        Muxes := 1     
	   9 Input      1 Bit        Muxes := 7     
	   6 Input      1 Bit        Muxes := 3     
Module i2c_adc_user 
Detailed RTL Component Info : 
+---Registers : 
	                8 Bit    Registers := 1     
	                2 Bit    Registers := 1     
	                1 Bit    Registers := 5     
+---Muxes : 
	   6 Input      8 Bit        Muxes := 1     
	   6 Input      3 Bit        Muxes := 1     
	   2 Input      2 Bit        Muxes := 1     
	   6 Input      1 Bit        Muxes := 12    
	   2 Input      1 Bit        Muxes := 2     
Module PWM 
Detailed RTL Component Info : 
+---Adders : 
	   2 Input      8 Bit       Adders := 1     
+---Registers : 
	                8 Bit    Registers := 1     
	                1 Bit    Registers := 1     
+---Muxes : 
	   2 Input      1 Bit        Muxes := 1     
Module btn_debounce_toggle 
Detailed RTL Component Info : 
+---XORs : 
	   2 Input      1 Bit         XORs := 1     
+---Registers : 
	                2 Bit    Registers := 1     
	                1 Bit    Registers := 4     
+---Muxes : 
	   2 Input      1 Bit        Muxes := 1     
Module Reset_Delay 
Detailed RTL Component Info : 
+---Registers : 
	                1 Bit    Registers := 1     
---------------------------------------------------------------------------------
Finished RTL Hierarchical Component Statistics
---------------------------------------------------------------------------------
---------------------------------------------------------------------------------
Start Part Resource Summary
---------------------------------------------------------------------------------
Part Resources:
DSPs: 66 (col length:40)
BRAMs: 100 (col length: RAMB18 40 RAMB36 20)
---------------------------------------------------------------------------------
Finished Part Resource Summary
---------------------------------------------------------------------------------
---------------------------------------------------------------------------------
Start Cross Boundary and Area Optimization
---------------------------------------------------------------------------------
Warning: Parallel synthesis criteria is not met 
WARNING: [Synth 8-3331] design top_level has unconnected port clock_o
WARNING: [Synth 8-3331] design top_level has unconnected port lcd_sda
WARNING: [Synth 8-3331] design top_level has unconnected port lcd_scl
INFO: [Synth 8-3333] propagating constant 0 across sequential element (\Inst_i2c_adc_user/data_valid_reg )
INFO: [Synth 8-3886] merging instance 'Inst_i2c_adc_user/Inst_i2c_master/addr_rw_reg[6]' (FDE) to 'Inst_i2c_adc_user/Inst_i2c_master/addr_rw_reg[5]'
INFO: [Synth 8-3886] merging instance 'Inst_i2c_adc_user/Inst_i2c_master/addr_rw_reg[7]' (FDE) to 'Inst_i2c_adc_user/Inst_i2c_master/addr_rw_reg[1]'
INFO: [Synth 8-3886] merging instance 'Inst_i2c_adc_user/Inst_i2c_master/addr_rw_reg[1]' (FDE) to 'Inst_i2c_adc_user/Inst_i2c_master/addr_rw_reg[2]'
INFO: [Synth 8-3886] merging instance 'Inst_i2c_adc_user/Inst_i2c_master/addr_rw_reg[2]' (FDE) to 'Inst_i2c_adc_user/Inst_i2c_master/addr_rw_reg[3]'
INFO: [Synth 8-3886] merging instance 'Inst_i2c_adc_user/Inst_i2c_master/addr_rw_reg[3]' (FDE) to 'Inst_i2c_adc_user/Inst_i2c_master/addr_rw_reg[4]'
INFO: [Synth 8-3333] propagating constant 1 across sequential element (\Inst_i2c_adc_user/Inst_i2c_master/addr_rw_reg[4] )
INFO: [Synth 8-3333] propagating constant 0 across sequential element (\Inst_i2c_adc_user/Inst_i2c_master/addr_rw_reg[5] )
INFO: [Synth 8-3886] merging instance 'Inst_i2c_adc_user/data_o_reg[0]' (FDRE) to 'Inst_i2c_adc_user/data_o_reg[1]'
INFO: [Synth 8-3886] merging instance 'Inst_i2c_adc_user/data_o_reg[2]' (FDRE) to 'Inst_i2c_adc_user/data_o_reg[1]'
INFO: [Synth 8-3886] merging instance 'Inst_i2c_adc_user/data_o_reg[3]' (FDRE) to 'Inst_i2c_adc_user/data_o_reg[1]'
INFO: [Synth 8-3886] merging instance 'Inst_i2c_adc_user/data_o_reg[4]' (FDRE) to 'Inst_i2c_adc_user/data_o_reg[1]'
INFO: [Synth 8-3886] merging instance 'Inst_i2c_adc_user/data_o_reg[5]' (FDRE) to 'Inst_i2c_adc_user/data_o_reg[1]'
INFO: [Synth 8-3886] merging instance 'Inst_i2c_adc_user/data_o_reg[6]' (FDRE) to 'Inst_i2c_adc_user/data_o_reg[1]'
INFO: [Synth 8-3886] merging instance 'Inst_i2c_adc_user/data_o_reg[7]' (FDRE) to 'Inst_i2c_adc_user/data_o_reg[1]'
INFO: [Synth 8-3333] propagating constant 0 across sequential element (\Inst_i2c_adc_user/data_o_reg[1] )
INFO: [Synth 8-3333] propagating constant 1 across sequential element (\Inst_i2c_adc_user/busy_h_reg )
INFO: [Synth 8-3333] propagating constant 0 across sequential element (\Inst_i2c_adc_user/i2c_data_reg[1] )
INFO: [Synth 8-3333] propagating constant 0 across sequential element (\Inst_i2c_adc_user/i2c_data_reg[0] )
INFO: [Synth 8-3886] merging instance 'Inst_i2c_adc_user/Inst_i2c_master/data_tx_reg[1]' (FDE) to 'Inst_i2c_adc_user/Inst_i2c_master/data_tx_reg[0]'
INFO: [Synth 8-3886] merging instance 'Inst_i2c_adc_user/Inst_i2c_master/addr_rw_reg[5]' (FDE) to 'Inst_i2c_adc_user/Inst_i2c_master/data_tx_reg[0]'
INFO: [Synth 8-3333] propagating constant 0 across sequential element (\Inst_i2c_adc_user/rw_reg )
INFO: [Synth 8-3886] merging instance 'Inst_i2c_adc_user/Inst_i2c_master/addr_rw_reg[0]' (FDE) to 'Inst_i2c_adc_user/Inst_i2c_master/data_tx_reg[0]'
INFO: [Synth 8-3333] propagating constant 0 across sequential element (\Inst_i2c_adc_user/i2c_enable_reg )
INFO: [Synth 8-3886] merging instance 'Inst_system_controller/data_out_reg[2]' (FDE) to 'Inst_system_controller/data_out_reg[7]'
INFO: [Synth 8-3886] merging instance 'Inst_system_controller/data_out_reg[3]' (FDE) to 'Inst_system_controller/data_out_reg[7]'
INFO: [Synth 8-3886] merging instance 'Inst_system_controller/data_out_reg[4]' (FDE) to 'Inst_system_controller/data_out_reg[7]'
INFO: [Synth 8-3886] merging instance 'Inst_system_controller/data_out_reg[5]' (FDE) to 'Inst_system_controller/data_out_reg[7]'
INFO: [Synth 8-3886] merging instance 'Inst_system_controller/data_out_reg[6]' (FDE) to 'Inst_system_controller/data_out_reg[7]'
INFO: [Synth 8-3333] propagating constant 0 across sequential element (\Inst_system_controller/data_out_reg[7] )
INFO: [Synth 8-3333] propagating constant 0 across sequential element (\Inst_i2c_adc_user/Inst_i2c_master/data_tx_reg[0] )
INFO: [Synth 8-3886] merging instance 'Inst_system_controller/data_out_reg[7]' (FDE) to 'Inst_system_controller/data_out_reg[0]'
INFO: [Synth 8-3886] merging instance 'Inst_system_controller/data_out_reg[0]' (FDE) to 'Inst_system_controller/data_out_reg[1]'
INFO: [Synth 8-3333] propagating constant 0 across sequential element (\Inst_system_controller/data_out_reg[1] )
INFO: [Synth 8-3333] propagating constant 0 across sequential element (\Inst_i2c_adc_user/Inst_i2c_master/scl_ena_reg )
INFO: [Synth 8-3886] merging instance 'Inst_i2c_adc_user/Inst_i2c_master/FSM_onehot_state_reg[1]' (FDCE) to 'Inst_i2c_adc_user/Inst_i2c_master/FSM_onehot_state_reg[3]'
INFO: [Synth 8-3886] merging instance 'Inst_i2c_adc_user/Inst_i2c_master/FSM_onehot_state_reg[2]' (FDCE) to 'Inst_i2c_adc_user/Inst_i2c_master/FSM_onehot_state_reg[3]'
INFO: [Synth 8-3886] merging instance 'Inst_i2c_adc_user/Inst_i2c_master/FSM_onehot_state_reg[6]' (FDCE) to 'Inst_i2c_adc_user/Inst_i2c_master/FSM_onehot_state_reg[3]'
INFO: [Synth 8-3886] merging instance 'Inst_i2c_adc_user/Inst_i2c_master/FSM_onehot_state_reg[7]' (FDCE) to 'Inst_i2c_adc_user/Inst_i2c_master/FSM_onehot_state_reg[3]'
INFO: [Synth 8-3333] propagating constant 0 across sequential element (\Inst_i2c_adc_user/Inst_i2c_master/FSM_onehot_state_reg[3] )
WARNING: [Synth 8-3332] Sequential element (Inst_system_controller/FSM_sequential_next_state_reg[2]) is unused and will be removed from module top_level.
WARNING: [Synth 8-3332] Sequential element (Inst_system_controller/FSM_sequential_next_state_reg[1]) is unused and will be removed from module top_level.
WARNING: [Synth 8-3332] Sequential element (Inst_system_controller/FSM_sequential_next_state_reg[0]) is unused and will be removed from module top_level.
WARNING: [Synth 8-3332] Sequential element (Inst_i2c_adc_user/Inst_i2c_master/FSM_onehot_state_reg[8]) is unused and will be removed from module top_level.
WARNING: [Synth 8-3332] Sequential element (Inst_i2c_adc_user/Inst_i2c_master/FSM_onehot_state_reg[5]) is unused and will be removed from module top_level.
WARNING: [Synth 8-3332] Sequential element (Inst_i2c_adc_user/Inst_i2c_master/FSM_onehot_state_reg[4]) is unused and will be removed from module top_level.
WARNING: [Synth 8-3332] Sequential element (Inst_i2c_adc_user/Inst_i2c_master/FSM_onehot_state_reg[3]) is unused and will be removed from module top_level.
WARNING: [Synth 8-3332] Sequential element (Inst_i2c_adc_user/Inst_i2c_master/FSM_onehot_state_reg[0]) is unused and will be removed from module top_level.
CRITICAL WARNING: [Synth 8-6859] multi-driven net on pin Q with 1st driver pin 'Inst_i2c_adc_user/state_reg[2]/Q' [C:/Users/jones/Desktop/EE316-Lab3/Lab3/Lab3.srcs/sources_1/new/i2c_adc_user.vhd:67]
CRITICAL WARNING: [Synth 8-6859] multi-driven net on pin Q with 2nd driver pin 'GND' [C:/Users/jones/Desktop/EE316-Lab3/Lab3/Lab3.srcs/sources_1/new/i2c_adc_user.vhd:67]
CRITICAL WARNING: [Synth 8-6858] multi-driven net Q is connected to at least one constant driver which has been preserved, other driver is ignored [C:/Users/jones/Desktop/EE316-Lab3/Lab3/Lab3.srcs/sources_1/new/i2c_adc_user.vhd:67]
CRITICAL WARNING: [Synth 8-6859] multi-driven net on pin Q with 1st driver pin 'Inst_i2c_adc_user/state_reg[1]/Q' [C:/Users/jones/Desktop/EE316-Lab3/Lab3/Lab3.srcs/sources_1/new/i2c_adc_user.vhd:67]
CRITICAL WARNING: [Synth 8-6859] multi-driven net on pin Q with 2nd driver pin 'GND' [C:/Users/jones/Desktop/EE316-Lab3/Lab3/Lab3.srcs/sources_1/new/i2c_adc_user.vhd:67]
CRITICAL WARNING: [Synth 8-6858] multi-driven net Q is connected to at least one constant driver which has been preserved, other driver is ignored [C:/Users/jones/Desktop/EE316-Lab3/Lab3/Lab3.srcs/sources_1/new/i2c_adc_user.vhd:67]
CRITICAL WARNING: [Synth 8-6859] multi-driven net on pin Q with 1st driver pin 'Inst_i2c_adc_user/state_reg[0]/Q' [C:/Users/jones/Desktop/EE316-Lab3/Lab3/Lab3.srcs/sources_1/new/i2c_adc_user.vhd:67]
CRITICAL WARNING: [Synth 8-6859] multi-driven net on pin Q with 2nd driver pin 'GND' [C:/Users/jones/Desktop/EE316-Lab3/Lab3/Lab3.srcs/sources_1/new/i2c_adc_user.vhd:67]
CRITICAL WARNING: [Synth 8-6858] multi-driven net Q is connected to at least one constant driver which has been preserved, other driver is ignored [C:/Users/jones/Desktop/EE316-Lab3/Lab3/Lab3.srcs/sources_1/new/i2c_adc_user.vhd:67]
---------------------------------------------------------------------------------
Finished Cross Boundary and Area Optimization : Time (s): cpu = 00:00:11 ; elapsed = 00:00:12 . Memory (MB): peak = 1007.004 ; gain = 366.438
---------------------------------------------------------------------------------

Report RTL Partitions: 
+-+--------------+------------+----------+
| |RTL Partition |Replication |Instances |
+-+--------------+------------+----------+
+-+--------------+------------+----------+
---------------------------------------------------------------------------------
Start Applying XDC Timing Constraints
---------------------------------------------------------------------------------
---------------------------------------------------------------------------------
Finished Applying XDC Timing Constraints : Time (s): cpu = 00:00:18 ; elapsed = 00:00:19 . Memory (MB): peak = 1007.004 ; gain = 366.438
---------------------------------------------------------------------------------
---------------------------------------------------------------------------------
Start Timing Optimization
---------------------------------------------------------------------------------
---------------------------------------------------------------------------------
Finished Timing Optimization : Time (s): cpu = 00:00:18 ; elapsed = 00:00:19 . Memory (MB): peak = 1007.004 ; gain = 366.438
---------------------------------------------------------------------------------

Report RTL Partitions: 
+-+--------------+------------+----------+
| |RTL Partition |Replication |Instances |
+-+--------------+------------+----------+
+-+--------------+------------+----------+
---------------------------------------------------------------------------------
Start Technology Mapping
---------------------------------------------------------------------------------
---------------------------------------------------------------------------------
Finished Technology Mapping : Time (s): cpu = 00:00:18 ; elapsed = 00:00:19 . Memory (MB): peak = 1007.004 ; gain = 366.438
---------------------------------------------------------------------------------

Report RTL Partitions: 
+-+--------------+------------+----------+
| |RTL Partition |Replication |Instances |
+-+--------------+------------+----------+
+-+--------------+------------+----------+
---------------------------------------------------------------------------------
Start IO Insertion
---------------------------------------------------------------------------------
---------------------------------------------------------------------------------
Start Flattening Before IO Insertion
---------------------------------------------------------------------------------
---------------------------------------------------------------------------------
Finished Flattening Before IO Insertion
---------------------------------------------------------------------------------
---------------------------------------------------------------------------------
Start Final Netlist Cleanup
---------------------------------------------------------------------------------
---------------------------------------------------------------------------------
Finished Final Netlist Cleanup
---------------------------------------------------------------------------------
---------------------------------------------------------------------------------
Finished IO Insertion : Time (s): cpu = 00:00:20 ; elapsed = 00:00:20 . Memory (MB): peak = 1009.305 ; gain = 368.738
---------------------------------------------------------------------------------

Report Check Netlist: 
+------+------------------+-------+---------+-------+------------------+
|      |Item              |Errors |Warnings |Status |Description       |
+------+------------------+-------+---------+-------+------------------+
|1     |multi_driven_nets |      0|        0|Passed |Multi driven nets |
+------+------------------+-------+---------+-------+------------------+
---------------------------------------------------------------------------------
Start Renaming Generated Instances
---------------------------------------------------------------------------------
---------------------------------------------------------------------------------
Finished Renaming Generated Instances : Time (s): cpu = 00:00:20 ; elapsed = 00:00:20 . Memory (MB): peak = 1009.305 ; gain = 368.738
---------------------------------------------------------------------------------

Report RTL Partitions: 
+-+--------------+------------+----------+
| |RTL Partition |Replication |Instances |
+-+--------------+------------+----------+
+-+--------------+------------+----------+
---------------------------------------------------------------------------------
Start Rebuilding User Hierarchy
---------------------------------------------------------------------------------
---------------------------------------------------------------------------------
Finished Rebuilding User Hierarchy : Time (s): cpu = 00:00:20 ; elapsed = 00:00:20 . Memory (MB): peak = 1009.305 ; gain = 368.738
---------------------------------------------------------------------------------
---------------------------------------------------------------------------------
Start Renaming Generated Ports
---------------------------------------------------------------------------------
---------------------------------------------------------------------------------
Finished Renaming Generated Ports : Time (s): cpu = 00:00:20 ; elapsed = 00:00:20 . Memory (MB): peak = 1009.305 ; gain = 368.738
---------------------------------------------------------------------------------
---------------------------------------------------------------------------------
Start Handling Custom Attributes
---------------------------------------------------------------------------------
---------------------------------------------------------------------------------
Finished Handling Custom Attributes : Time (s): cpu = 00:00:20 ; elapsed = 00:00:20 . Memory (MB): peak = 1009.305 ; gain = 368.738
---------------------------------------------------------------------------------
---------------------------------------------------------------------------------
Start Renaming Generated Nets
---------------------------------------------------------------------------------
---------------------------------------------------------------------------------
Finished Renaming Generated Nets : Time (s): cpu = 00:00:20 ; elapsed = 00:00:20 . Memory (MB): peak = 1009.305 ; gain = 368.738
---------------------------------------------------------------------------------
---------------------------------------------------------------------------------
Start Writing Synthesis Report
---------------------------------------------------------------------------------

Report BlackBoxes: 
+-+--------------+----------+
| |BlackBox name |Instances |
+-+--------------+----------+
+-+--------------+----------+

Report Cell Usage: 
+------+-------+------+
|      |Cell   |Count |
+------+-------+------+
|1     |BUFG   |     1|
|2     |CARRY4 |    10|
|3     |LUT1   |     3|
|4     |LUT2   |    12|
|5     |LUT3   |     3|
|6     |LUT4   |     6|
|7     |LUT5   |     6|
|8     |LUT6   |     3|
|9     |FDRE   |    47|
|10    |IBUF   |     2|
|11    |OBUF   |     1|
|12    |OBUFT  |     1|
+------+-------+------+

Report Instance Areas: 
+------+-------------------+--------------------+------+
|      |Instance           |Module              |Cells |
+------+-------------------+--------------------+------+
|1     |top                |                    |    95|
|2     |  Inst_PWM         |PWM                 |    28|
|3     |  Inst_reset_deb   |btn_debounce_toggle |    29|
|4     |  Inst_reset_delay |Reset_Delay         |    33|
+------+-------------------+--------------------+------+
---------------------------------------------------------------------------------
Finished Writing Synthesis Report : Time (s): cpu = 00:00:20 ; elapsed = 00:00:20 . Memory (MB): peak = 1009.305 ; gain = 368.738
---------------------------------------------------------------------------------
Synthesis finished with 0 errors, 9 critical warnings and 11 warnings.
Synthesis Optimization Runtime : Time (s): cpu = 00:00:13 ; elapsed = 00:00:19 . Memory (MB): peak = 1009.305 ; gain = 243.211
Synthesis Optimization Complete : Time (s): cpu = 00:00:20 ; elapsed = 00:00:21 . Memory (MB): peak = 1009.305 ; gain = 368.738
INFO: [Project 1-571] Translating synthesized netlist
INFO: [Netlist 29-17] Analyzing 10 Unisim elements for replacement
INFO: [Netlist 29-28] Unisim Transformation completed in 0 CPU seconds
INFO: [Project 1-570] Preparing netlist for logic optimization
INFO: [Opt 31-138] Pushed 0 inverter(s) to 0 load pin(s).
Netlist sorting complete. Time (s): cpu = 00:00:00 ; elapsed = 00:00:00 . Memory (MB): peak = 1029.242 ; gain = 0.000
INFO: [Project 1-111] Unisim Transformation Summary:
No Unisim elements were transformed.

INFO: [Common 17-83] Releasing license: Synthesis
77 Infos, 15 Warnings, 9 Critical Warnings and 0 Errors encountered.
synth_design completed successfully
synth_design: Time (s): cpu = 00:00:25 ; elapsed = 00:00:39 . Memory (MB): peak = 1029.242 ; gain = 652.543
Netlist sorting complete. Time (s): cpu = 00:00:00 ; elapsed = 00:00:00 . Memory (MB): peak = 1029.242 ; gain = 0.000
WARNING: [Constraints 18-5210] No constraints selected for write.
Resolution: This message can indicate that there are no constraints for the design, or it can indicate that the used_in flags are set such that the constraints are ignored. This later case is used when running synth_design to not write synthesis constraints to the resulting checkpoint. Instead, project constraints are read when the synthesized design is opened.
INFO: [Common 17-1381] The checkpoint 'C:/Users/jones/Desktop/EE316-Lab3/Lab3/Lab3.runs/synth_1/top_level.dcp' has been generated.
INFO: [runtcl-4] Executing : report_utilization -file top_level_utilization_synth.rpt -pb top_level_utilization_synth.pb
INFO: [Common 17-206] Exiting Vivado at Thu Feb 17 20:10:15 2022...
