#-----------------------------------------------------------
# Vivado v2019.1.3 (64-bit)
# SW Build 2644227 on Wed Sep  4 09:45:24 MDT 2019
# IP Build 2633630 on Wed Sep  4 12:30:14 MDT 2019
# Start of session at: Tue Mar  1 17:23:43 2022
# Process ID: 3156
# Current directory: C:/Users/jones/Desktop/EE316-Lab3/Lab3
# Command line: vivado.exe -gui_launcher_event rodinguilauncherevent3684 C:\Users\jones\Desktop\EE316-Lab3\Lab3\Lab3.xpr
# Log file: C:/Users/jones/Desktop/EE316-Lab3/Lab3/vivado.log
# Journal file: C:/Users/jones/Desktop/EE316-Lab3/Lab3\vivado.jou
#-----------------------------------------------------------
start_gui
open_project C:/Users/jones/Desktop/EE316-Lab3/Lab3/Lab3.xpr
Scanning sources...
Finished scanning sources
INFO: [IP_Flow 19-234] Refreshing IP repositories
INFO: [IP_Flow 19-1704] No user IP repositories specified
INFO: [IP_Flow 19-2313] Loaded Vivado IP repository 'C:/Xilinx/Vivado/2019.1/data/ip'.
open_project: Time (s): cpu = 00:00:08 ; elapsed = 00:00:06 . Memory (MB): peak = 875.102 ; gain = 189.859
update_compile_order -fileset sources_1
launch_simulation
INFO: [Vivado 12-5682] Launching behavioral simulation in 'C:/Users/jones/Desktop/EE316-Lab3/Lab3/Lab3.sim/sim_1/behav/xsim'
INFO: [SIM-utils-51] Simulation object is 'sim_1'
INFO: [SIM-utils-54] Inspecting design source files for 'LCD_Transmitter_tb' in fileset 'sim_1'...
INFO: [USF-XSim-97] Finding global include files...
INFO: [USF-XSim-98] Fetching design files from 'sim_1'...
INFO: [USF-XSim-2] XSim::Compile design
INFO: [USF-XSim-61] Executing 'COMPILE and ANALYZE' step in 'C:/Users/jones/Desktop/EE316-Lab3/Lab3/Lab3.sim/sim_1/behav/xsim'
"xvhdl --incr --relax -prj LCD_Transmitter_tb_vhdl.prj"
INFO: [VRFC 10-163] Analyzing VHDL file "C:/Users/jones/Desktop/EE316-Lab3/Lab3/Lab3.srcs/sources_1/new/LCD_Transmitter.vhd" into library xil_defaultlib
INFO: [VRFC 10-3107] analyzing entity 'LCD_Transmitter'
INFO: [VRFC 10-163] Analyzing VHDL file "C:/Users/jones/Desktop/EE316-Lab3/Lab3/Lab3.srcs/sources_1/imports/Lab2/i2c_master.vhd" into library xil_defaultlib
INFO: [VRFC 10-3107] analyzing entity 'i2c_master'
WARNING: [VRFC 10-471] case choice must be a locally static expression [C:/Users/jones/Desktop/EE316-Lab3/Lab3/Lab3.srcs/sources_1/imports/Lab2/i2c_master.vhd:86]
WARNING: [VRFC 10-471] case choice must be a locally static expression [C:/Users/jones/Desktop/EE316-Lab3/Lab3/Lab3.srcs/sources_1/imports/Lab2/i2c_master.vhd:89]
WARNING: [VRFC 10-471] case choice must be a locally static expression [C:/Users/jones/Desktop/EE316-Lab3/Lab3/Lab3.srcs/sources_1/imports/Lab2/i2c_master.vhd:92]
INFO: [VRFC 10-163] Analyzing VHDL file "C:/Users/jones/Desktop/EE316-Lab3/Lab3/Lab3.srcs/sim_1/new/LCD_Transmitter_tb.vhd" into library xil_defaultlib
INFO: [VRFC 10-3107] analyzing entity 'LCD_Transmitter_tb'
INFO: [USF-XSim-69] 'compile' step finished in '1' seconds
INFO: [USF-XSim-3] XSim::Elaborate design
INFO: [USF-XSim-61] Executing 'ELABORATE' step in 'C:/Users/jones/Desktop/EE316-Lab3/Lab3/Lab3.sim/sim_1/behav/xsim'
"xelab -wto ff80832b0e8b4e3c96c429f19234a3dc --incr --debug typical --relax --mt 2 -L xil_defaultlib -L secureip --snapshot LCD_Transmitter_tb_behav xil_defaultlib.LCD_Transmitter_tb -log elaborate.log"
Vivado Simulator 2019.1
Copyright 1986-1999, 2001-2019 Xilinx, Inc. All Rights Reserved.
Running: C:/Xilinx/Vivado/2019.1/bin/unwrapped/win64.o/xelab.exe -wto ff80832b0e8b4e3c96c429f19234a3dc --incr --debug typical --relax --mt 2 -L xil_defaultlib -L secureip --snapshot LCD_Transmitter_tb_behav xil_defaultlib.LCD_Transmitter_tb -log elaborate.log 
Using 2 slave threads.
Starting static elaboration
Completed static elaboration
Starting simulation data flow analysis
Completed simulation data flow analysis
Time Resolution for simulation is 1ps
Compiling package std.standard
Compiling package std.textio
Compiling package ieee.std_logic_1164
Compiling package ieee.numeric_std
Compiling package ieee.std_logic_arith
Compiling package ieee.std_logic_unsigned
Compiling architecture logic of entity xil_defaultlib.i2c_master [\i2c_master(input_clk=125000000,...]
Compiling architecture user_logic of entity xil_defaultlib.LCD_Transmitter [lcd_transmitter_default]
Compiling architecture behavioral of entity xil_defaultlib.lcd_transmitter_tb
Built simulation snapshot LCD_Transmitter_tb_behav
INFO: [USF-XSim-69] 'elaborate' step finished in '3' seconds
INFO: [USF-XSim-4] XSim::Simulate design
INFO: [USF-XSim-61] Executing 'SIMULATE' step in 'C:/Users/jones/Desktop/EE316-Lab3/Lab3/Lab3.sim/sim_1/behav/xsim'
INFO: [USF-XSim-98] *** Running xsim
   with args "LCD_Transmitter_tb_behav -key {Behavioral:sim_1:Functional:LCD_Transmitter_tb} -tclbatch {LCD_Transmitter_tb.tcl} -view {C:/Users/jones/Desktop/EE316-Lab3/Lab3/Lab3.sim/sim_1/system_controller_tb_behav.wcfg} -view {C:/Users/jones/Desktop/EE316-Lab3/Lab3/Lab3.sim/i2c_adc_user_behav.wcfg} -view {C:/Users/jones/Desktop/EE316-Lab3/Lab3/LCD_Transmitter_tb_behav.wcfg} -log {simulate.log}"
INFO: [USF-XSim-8] Loading simulator feature
Vivado Simulator 2019.1
Time resolution is 1 ps
open_wave_config C:/Users/jones/Desktop/EE316-Lab3/Lab3/Lab3.sim/sim_1/system_controller_tb_behav.wcfg
WARNING: Simulation object /system_controller_tb/clk was not found in the design.
WARNING: Simulation object /system_controller_tb/reset_h was not found in the design.
WARNING: Simulation object /system_controller_tb/DUT/state was not found in the design.
WARNING: Simulation object /system_controller_tb/state_btn was not found in the design.
WARNING: Simulation object /system_controller_tb/adc_read was not found in the design.
WARNING: Simulation object /system_controller_tb/change_ch was not found in the design.
WARNING: Simulation object /system_controller_tb/adc_sel was not found in the design.
WARNING: Simulation object /system_controller_tb/adc_busy was not found in the design.
WARNING: Simulation object /system_controller_tb/adc_val was not found in the design.
WARNING: Simulation object /system_controller_tb/adc_data was not found in the design.
WARNING: Simulation object /system_controller_tb/data_out was not found in the design.
WARNING: Simulation object /system_controller_tb/run_clk was not found in the design.
open_wave_config C:/Users/jones/Desktop/EE316-Lab3/Lab3/Lab3.sim/i2c_adc_user_behav.wcfg
WARNING: Simulation object /i2c_adc_user_tb/clk was not found in the design.
WARNING: Simulation object /i2c_adc_user_tb/reset_h was not found in the design.
WARNING: Simulation object /i2c_adc_user_tb/busy_h was not found in the design.
WARNING: Simulation object /i2c_adc_user_tb/DUT/state was not found in the design.
WARNING: Simulation object /i2c_adc_user_tb/read_adc was not found in the design.
WARNING: Simulation object /i2c_adc_user_tb/change_ch was not found in the design.
WARNING: Simulation object /i2c_adc_user_tb/adc_sel was not found in the design.
WARNING: Simulation object /i2c_adc_user_tb/data_o was not found in the design.
WARNING: Simulation object /i2c_adc_user_tb/data_valid was not found in the design.
WARNING: Simulation object /i2c_adc_user_tb/DUT/i2c_busy was not found in the design.
WARNING: Simulation object /i2c_adc_user_tb/DUT/i2c_data was not found in the design.
WARNING: Simulation object /i2c_adc_user_tb/DUT/i2c_enable was not found in the design.
WARNING: Simulation object /i2c_adc_user_tb/sda_adc was not found in the design.
WARNING: Simulation object /i2c_adc_user_tb/scl_adc was not found in the design.
open_wave_config C:/Users/jones/Desktop/EE316-Lab3/Lab3/LCD_Transmitter_tb_behav.wcfg
source LCD_Transmitter_tb.tcl
# set curr_wave [current_wave_config]
# if { [string length $curr_wave] == 0 } {
#   if { [llength [get_objects]] > 0} {
#     add_wave /
#     set_property needs_save false [current_wave_config]
#   } else {
#      send_msg_id Add_Wave-1 WARNING "No top level signals found. Simulator will start without a wave window. If you want to open a wave window go to 'File->New Waveform Configuration' or type 'create_wave_config' in the TCL console."
#   }
# }
# run 1000ns
INFO: [USF-XSim-96] XSim completed. Design snapshot 'LCD_Transmitter_tb_behav' loaded.
INFO: [USF-XSim-97] XSim simulation ran for 1000ns
launch_simulation: Time (s): cpu = 00:00:07 ; elapsed = 00:00:08 . Memory (MB): peak = 951.758 ; gain = 44.684
run 300 ms
run: Time (s): cpu = 00:00:28 ; elapsed = 00:00:26 . Memory (MB): peak = 951.758 ; gain = 0.000
run 50 ms
run 175 ms
run: Time (s): cpu = 00:00:15 ; elapsed = 00:00:16 . Memory (MB): peak = 951.758 ; gain = 0.000
relaunch_sim
INFO: [Vivado 12-5682] Launching behavioral simulation in 'C:/Users/jones/Desktop/EE316-Lab3/Lab3/Lab3.sim/sim_1/behav/xsim'
INFO: [SIM-utils-51] Simulation object is 'sim_1'
INFO: [SIM-utils-54] Inspecting design source files for 'LCD_Transmitter_tb' in fileset 'sim_1'...
INFO: [USF-XSim-97] Finding global include files...
INFO: [USF-XSim-98] Fetching design files from 'sim_1'...
INFO: [USF-XSim-2] XSim::Compile design
INFO: [USF-XSim-61] Executing 'COMPILE and ANALYZE' step in 'C:/Users/jones/Desktop/EE316-Lab3/Lab3/Lab3.sim/sim_1/behav/xsim'
"xvhdl --incr --relax -prj LCD_Transmitter_tb_vhdl.prj"
INFO: [VRFC 10-163] Analyzing VHDL file "C:/Users/jones/Desktop/EE316-Lab3/Lab3/Lab3.srcs/sources_1/new/LCD_Transmitter.vhd" into library xil_defaultlib
INFO: [VRFC 10-3107] analyzing entity 'LCD_Transmitter'
INFO: [USF-XSim-69] 'compile' step finished in '1' seconds
INFO: [Vivado 12-5682] Launching behavioral simulation in 'C:/Users/jones/Desktop/EE316-Lab3/Lab3/Lab3.sim/sim_1/behav/xsim'
INFO: [USF-XSim-3] XSim::Elaborate design
INFO: [USF-XSim-61] Executing 'ELABORATE' step in 'C:/Users/jones/Desktop/EE316-Lab3/Lab3/Lab3.sim/sim_1/behav/xsim'
"xelab -wto ff80832b0e8b4e3c96c429f19234a3dc --incr --debug typical --relax --mt 2 -L xil_defaultlib -L secureip --snapshot LCD_Transmitter_tb_behav xil_defaultlib.LCD_Transmitter_tb -log elaborate.log"
Vivado Simulator 2019.1
Copyright 1986-1999, 2001-2019 Xilinx, Inc. All Rights Reserved.
Running: C:/Xilinx/Vivado/2019.1/bin/unwrapped/win64.o/xelab.exe -wto ff80832b0e8b4e3c96c429f19234a3dc --incr --debug typical --relax --mt 2 -L xil_defaultlib -L secureip --snapshot LCD_Transmitter_tb_behav xil_defaultlib.LCD_Transmitter_tb -log elaborate.log 
Using 2 slave threads.
Starting static elaboration
Completed static elaboration
Starting simulation data flow analysis
Completed simulation data flow analysis
Time Resolution for simulation is 1ps
Compiling package std.standard
Compiling package std.textio
Compiling package ieee.std_logic_1164
Compiling package ieee.numeric_std
Compiling package ieee.std_logic_arith
Compiling package ieee.std_logic_unsigned
Compiling architecture logic of entity xil_defaultlib.i2c_master [\i2c_master(input_clk=125000000,...]
Compiling architecture user_logic of entity xil_defaultlib.LCD_Transmitter [lcd_transmitter_default]
Compiling architecture behavioral of entity xil_defaultlib.lcd_transmitter_tb
Built simulation snapshot LCD_Transmitter_tb_behav
INFO: [USF-XSim-69] 'elaborate' step finished in '1' seconds
Vivado Simulator 2019.1
Time resolution is 1 ps
relaunch_sim: Time (s): cpu = 00:00:01 ; elapsed = 00:00:07 . Memory (MB): peak = 951.758 ; gain = 0.000
run 300 ms
run: Time (s): cpu = 00:00:26 ; elapsed = 00:00:26 . Memory (MB): peak = 951.758 ; gain = 0.000
save_wave_config {C:/Users/jones/Desktop/EE316-Lab3/Lab3/LCD_Transmitter_tb_behav.wcfg}
close_sim
INFO: [Simtcl 6-16] Simulation closed
exit
INFO: [Common 17-206] Exiting Vivado at Tue Mar  1 17:45:18 2022...
