#-----------------------------------------------------------
# Vivado v2019.1.3 (64-bit)
# SW Build 2644227 on Wed Sep  4 09:45:24 MDT 2019
# IP Build 2633630 on Wed Sep  4 12:30:14 MDT 2019
# Start of session at: Tue Mar  1 18:08:01 2022
# Process ID: 7300
# Current directory: C:/Users/jones/Desktop/EE316-Lab3/Lab3
# Command line: vivado.exe -gui_launcher_event rodinguilauncherevent12564 C:\Users\jones\Desktop\EE316-Lab3\Lab3\Lab3.xpr
# Log file: C:/Users/jones/Desktop/EE316-Lab3/Lab3/vivado.log
# Journal file: C:/Users/jones/Desktop/EE316-Lab3/Lab3\vivado.jou
#-----------------------------------------------------------
start_gui
open_project C:/Users/jones/Desktop/EE316-Lab3/Lab3/Lab3.xpr
Scanning sources...
Finished scanning sources
INFO: [IP_Flow 19-234] Refreshing IP repositories
INFO: [IP_Flow 19-1704] No user IP repositories specified
INFO: [IP_Flow 19-2313] Loaded Vivado IP repository 'C:/Xilinx/Vivado/2019.1/data/ip'.
update_compile_order -fileset sources_1
import_files -norecurse C:/Users/jones/Desktop/EE316-Lab3/Counter/counter.vhd
update_compile_order -fileset sources_1
set_property SOURCE_SET sources_1 [get_filesets sim_1]
import_files -fileset sim_1 -norecurse C:/Users/jones/Desktop/EE316-Lab3/Counter/counter_tb.vhd
update_compile_order -fileset sim_1
export_ip_user_files -of_objects  [get_files C:/Users/jones/Desktop/EE316-Lab3/Lab3/Lab3.srcs/sim_1/imports/Counter/counter_tb.vhd] -no_script -reset -force -quiet
remove_files  -fileset sim_1 C:/Users/jones/Desktop/EE316-Lab3/Lab3/Lab3.srcs/sim_1/imports/Counter/counter_tb.vhd
file delete -force C:/Users/jones/Desktop/EE316-Lab3/Lab3/Lab3.srcs/sim_1/imports/Counter/counter_tb.vhd
set_property used_in_simulation false [get_files  C:/Users/jones/Desktop/EE316-Lab3/Lab3/Lab3.srcs/sources_1/imports/Counter/counter.vhd]
update_compile_order -fileset sources_1
reset_run synth_1
launch_runs impl_1 -to_step write_bitstream -jobs 12
[Tue Mar  1 18:14:22 2022] Launched synth_1...
Run output will be captured here: C:/Users/jones/Desktop/EE316-Lab3/Lab3/Lab3.runs/synth_1/runme.log
[Tue Mar  1 18:14:22 2022] Launched impl_1...
Run output will be captured here: C:/Users/jones/Desktop/EE316-Lab3/Lab3/Lab3.runs/impl_1/runme.log
exit
INFO: [Common 17-206] Exiting Vivado at Tue Mar  1 18:18:53 2022...
