#-----------------------------------------------------------
# Vivado v2019.1.3 (64-bit)
# SW Build 2644227 on Wed Sep  4 09:45:24 MDT 2019
# IP Build 2633630 on Wed Sep  4 12:30:14 MDT 2019
# Start of session at: Tue Mar  1 17:49:07 2022
# Process ID: 12948
# Current directory: C:/Users/jones/Desktop/EE316-Lab3/Lab3
# Command line: vivado.exe -gui_launcher_event rodinguilauncherevent22888 C:\Users\jones\Desktop\EE316-Lab3\Lab3\Lab3.xpr
# Log file: C:/Users/jones/Desktop/EE316-Lab3/Lab3/vivado.log
# Journal file: C:/Users/jones/Desktop/EE316-Lab3/Lab3\vivado.jou
#-----------------------------------------------------------
start_gui
open_project C:/Users/jones/Desktop/EE316-Lab3/Lab3/Lab3.xpr
Scanning sources...
Finished scanning sources
INFO: [IP_Flow 19-234] Refreshing IP repositories
INFO: [IP_Flow 19-1704] No user IP repositories specified
INFO: [Common 17-41] Interrupt caught. Command should exit soon.
INFO: [IP_Flow 19-2313] Loaded Vivado IP repository 'C:/Xilinx/Vivado/2019.1/data/ip'.
INFO: [IP_Flow 19-2338] Canceling the changes to the IP catalog. Reverting the catalog back to its previous state.
INFO: [IP_Flow 19-2340] The IP catalog has been returned to its previous state.
INFO: [Common 17-344] 'open_project' was cancelled
exit
INFO: [Common 17-206] Exiting Vivado at Tue Mar  1 17:49:24 2022...
