#-----------------------------------------------------------
# Vivado v2019.1 (64-bit)
# SW Build 2552052 on Fri May 24 14:49:42 MDT 2019
# IP Build 2548770 on Fri May 24 18:01:18 MDT 2019
# Start of session at: Wed Mar  2 15:04:06 2022
# Process ID: 3624
# Current directory: C:/Users/jones/Desktop/EE316-Lab3-main/Lab3
# Command line: vivado.exe -gui_launcher_event rodinguilauncherevent12500 C:\Users\jones\Desktop\EE316-Lab3-main\Lab3\Lab3.xpr
# Log file: C:/Users/jones/Desktop/EE316-Lab3-main/Lab3/vivado.log
# Journal file: C:/Users/jones/Desktop/EE316-Lab3-main/Lab3\vivado.jou
#-----------------------------------------------------------
start_gui
open_project C:/Users/jones/Desktop/EE316-Lab3-main/Lab3/Lab3.xpr
Scanning sources...
Finished scanning sources
INFO: [IP_Flow 19-234] Refreshing IP repositories
INFO: [IP_Flow 19-1704] No user IP repositories specified
INFO: [IP_Flow 19-2313] Loaded Vivado IP repository 'C:/Xilinx/Vivado/2019.1/data/ip'.
open_project: Time (s): cpu = 00:00:16 ; elapsed = 00:00:06 . Memory (MB): peak = 913.887 ; gain = 220.672
update_compile_order -fileset sources_1
reset_run synth_1
launch_runs impl_1 -to_step write_bitstream -jobs 14
[Wed Mar  2 15:07:34 2022] Launched synth_1...
Run output will be captured here: C:/Users/jones/Desktop/EE316-Lab3-main/Lab3/Lab3.runs/synth_1/runme.log
[Wed Mar  2 15:07:34 2022] Launched impl_1...
Run output will be captured here: C:/Users/jones/Desktop/EE316-Lab3-main/Lab3/Lab3.runs/impl_1/runme.log
launch_runs: Time (s): cpu = 00:00:03 ; elapsed = 00:00:19 . Memory (MB): peak = 946.340 ; gain = 9.777
open_hw
connect_hw_server
INFO: [Labtools 27-2285] Connecting to hw_server url TCP:localhost:3121
INFO: [Labtools 27-2222] Launching hw_server...
INFO: [Labtools 27-2221] Launch Output:

****** Xilinx hw_server v2019.1
  **** Build date : May 24 2019 at 15:13:31
    ** Copyright 1986-2019 Xilinx, Inc. All Rights Reserved.


open_hw_target
INFO: [Labtoolstcl 44-466] Opening hw_target localhost:3121/xilinx_tcf/Digilent/210370AFD299A
open_hw_target: Time (s): cpu = 00:00:04 ; elapsed = 00:00:07 . Memory (MB): peak = 2067.434 ; gain = 1097.938
set_property PROGRAM.FILE {C:/Users/jones/Desktop/EE316-Lab3-main/Lab3/Lab3.runs/impl_1/top_level.bit} [get_hw_devices xc7z007s_1]
current_hw_device [get_hw_devices xc7z007s_1]
refresh_hw_device -update_hw_probes false [lindex [get_hw_devices xc7z007s_1] 0]
INFO: [Labtools 27-1434] Device xc7z007s (JTAG device index = 1) is programmed with a design that has no supported debug core(s) in it.
set_property PROBES.FILE {} [get_hw_devices xc7z007s_1]
set_property FULL_PROBES.FILE {} [get_hw_devices xc7z007s_1]
set_property PROGRAM.FILE {C:/Users/jones/Desktop/EE316-Lab3-main/Lab3/Lab3.runs/impl_1/top_level.bit} [get_hw_devices xc7z007s_1]
program_hw_devices [get_hw_devices xc7z007s_1]
INFO: [Labtools 27-3164] End of startup status: HIGH
refresh_hw_device [lindex [get_hw_devices xc7z007s_1] 0]
INFO: [Labtools 27-1434] Device xc7z007s (JTAG device index = 1) is programmed with a design that has no supported debug core(s) in it.
ERROR: [Labtoolstcl 44-513] HW Target shutdown. Closing target: localhost:3121/xilinx_tcf/Digilent/210370AFD299A
disconnect_hw_server localhost:3121
connect_hw_server
INFO: [Labtools 27-2285] Connecting to hw_server url TCP:localhost:3121
open_hw_target
INFO: [Labtoolstcl 44-466] Opening hw_target localhost:3121/xilinx_tcf/Digilent/210370AFD299A
set_property PROGRAM.FILE {C:/Users/jones/Desktop/EE316-Lab3-main/Lab3/Lab3.runs/impl_1/top_level.bit} [get_hw_devices xc7z007s_1]
current_hw_device [get_hw_devices xc7z007s_1]
refresh_hw_device -update_hw_probes false [lindex [get_hw_devices xc7z007s_1] 0]
INFO: [Labtools 27-1435] Device xc7z007s (JTAG device index = 1) is not programmed (DONE status = 0).
set_property PROBES.FILE {} [get_hw_devices xc7z007s_1]
set_property FULL_PROBES.FILE {} [get_hw_devices xc7z007s_1]
set_property PROGRAM.FILE {C:/Users/jones/Desktop/EE316-Lab3-main/Lab3/Lab3.runs/impl_1/top_level.bit} [get_hw_devices xc7z007s_1]
program_hw_devices [get_hw_devices xc7z007s_1]
INFO: [Labtools 27-3164] End of startup status: HIGH
refresh_hw_device [lindex [get_hw_devices xc7z007s_1] 0]
INFO: [Labtools 27-1434] Device xc7z007s (JTAG device index = 1) is programmed with a design that has no supported debug core(s) in it.
reset_run synth_1
WARNING: [Vivado 12-1017] Problems encountered:
1. Failed to delete one or more files in run directory C:/Users/jones/Desktop/EE316-Lab3-main/Lab3/Lab3.runs/synth_1

launch_runs impl_1 -to_step write_bitstream -jobs 14
[Wed Mar  2 15:11:29 2022] Launched synth_1...
Run output will be captured here: C:/Users/jones/Desktop/EE316-Lab3-main/Lab3/Lab3.runs/synth_1/runme.log
[Wed Mar  2 15:11:29 2022] Launched impl_1...
Run output will be captured here: C:/Users/jones/Desktop/EE316-Lab3-main/Lab3/Lab3.runs/impl_1/runme.log
launch_runs: Time (s): cpu = 00:00:01 ; elapsed = 00:00:18 . Memory (MB): peak = 2121.410 ; gain = 0.000
open_run impl_1
INFO: [Device 21-403] Loading part xc7z007sclg400-1
INFO: [Netlist 29-17] Analyzing 66 Unisim elements for replacement
INFO: [Netlist 29-28] Unisim Transformation completed in 0 CPU seconds
INFO: [Project 1-479] Netlist was created with Vivado 2019.1
INFO: [Project 1-570] Preparing netlist for logic optimization
INFO: [Timing 38-478] Restoring timing data from binary archive.
INFO: [Timing 38-479] Binary timing data restore complete.
INFO: [Project 1-856] Restoring constraints from binary archive.
INFO: [Project 1-853] Binary constraint restore complete.
Reading XDEF placement.
Reading placer database...
Reading XDEF routing.
Read XDEF File: Time (s): cpu = 00:00:00 ; elapsed = 00:00:00.095 . Memory (MB): peak = 3012.992 ; gain = 0.000
Restored from archive | CPU: 0.000000 secs | Memory: 0.000000 MB |
Finished XDEF File Restore: Time (s): cpu = 00:00:00 ; elapsed = 00:00:00.095 . Memory (MB): peak = 3012.992 ; gain = 0.000
Netlist sorting complete. Time (s): cpu = 00:00:00 ; elapsed = 00:00:00 . Memory (MB): peak = 3012.992 ; gain = 0.000
INFO: [Project 1-111] Unisim Transformation Summary:
  A total of 3 instances were transformed.
  IOBUF => IOBUF (IBUF, OBUFT): 3 instances

open_run: Time (s): cpu = 00:00:30 ; elapsed = 00:00:35 . Memory (MB): peak = 3198.180 ; gain = 1076.770
CRITICAL WARNING: [Timing 38-282] The design failed to meet the timing requirements. Please see the timing summary report for details on the timing violations.
set_property PROBES.FILE {} [get_hw_devices xc7z007s_1]
set_property FULL_PROBES.FILE {} [get_hw_devices xc7z007s_1]
set_property PROGRAM.FILE {C:/Users/jones/Desktop/EE316-Lab3-main/Lab3/Lab3.runs/impl_1/top_level.bit} [get_hw_devices xc7z007s_1]
program_hw_devices [get_hw_devices xc7z007s_1]
INFO: [Labtools 27-3164] End of startup status: HIGH
refresh_hw_device [lindex [get_hw_devices xc7z007s_1] 0]
INFO: [Labtools 27-1434] Device xc7z007s (JTAG device index = 1) is programmed with a design that has no supported debug core(s) in it.
set_property PROBES.FILE {} [get_hw_devices xc7z007s_1]
set_property FULL_PROBES.FILE {} [get_hw_devices xc7z007s_1]
set_property PROGRAM.FILE {C:/Users/jones/Desktop/EE316-Lab3-main/Lab3/Lab3.runs/impl_1/top_level.bit} [get_hw_devices xc7z007s_1]
program_hw_devices [get_hw_devices xc7z007s_1]
INFO: [Labtools 27-3164] End of startup status: HIGH
refresh_hw_device [lindex [get_hw_devices xc7z007s_1] 0]
INFO: [Labtools 27-1434] Device xc7z007s (JTAG device index = 1) is programmed with a design that has no supported debug core(s) in it.
reset_run synth_1
WARNING: [Vivado 12-1017] Problems encountered:
1. Failed to delete one or more files in run directory C:/Users/jones/Desktop/EE316-Lab3-main/Lab3/Lab3.runs/synth_1

launch_runs impl_1 -to_step write_bitstream -jobs 14
[Wed Mar  2 15:20:55 2022] Launched synth_1...
Run output will be captured here: C:/Users/jones/Desktop/EE316-Lab3-main/Lab3/Lab3.runs/synth_1/runme.log
[Wed Mar  2 15:20:55 2022] Launched impl_1...
Run output will be captured here: C:/Users/jones/Desktop/EE316-Lab3-main/Lab3/Lab3.runs/impl_1/runme.log
launch_runs: Time (s): cpu = 00:00:01 ; elapsed = 00:00:18 . Memory (MB): peak = 3206.324 ; gain = 0.203
set_property PROBES.FILE {} [get_hw_devices xc7z007s_1]
set_property FULL_PROBES.FILE {} [get_hw_devices xc7z007s_1]
set_property PROGRAM.FILE {C:/Users/jones/Desktop/EE316-Lab3-main/Lab3/Lab3.runs/impl_1/top_level.bit} [get_hw_devices xc7z007s_1]
program_hw_devices [get_hw_devices xc7z007s_1]
INFO: [Labtools 27-3164] End of startup status: HIGH
refresh_hw_device [lindex [get_hw_devices xc7z007s_1] 0]
INFO: [Labtools 27-1434] Device xc7z007s (JTAG device index = 1) is programmed with a design that has no supported debug core(s) in it.
reset_run synth_1
WARNING: [Vivado 12-1017] Problems encountered:
1. Failed to delete one or more files in run directory C:/Users/jones/Desktop/EE316-Lab3-main/Lab3/Lab3.runs/synth_1

launch_runs impl_1 -to_step write_bitstream -jobs 14
[Wed Mar  2 15:25:21 2022] Launched synth_1...
Run output will be captured here: C:/Users/jones/Desktop/EE316-Lab3-main/Lab3/Lab3.runs/synth_1/runme.log
[Wed Mar  2 15:25:21 2022] Launched impl_1...
Run output will be captured here: C:/Users/jones/Desktop/EE316-Lab3-main/Lab3/Lab3.runs/impl_1/runme.log
launch_runs: Time (s): cpu = 00:00:00 ; elapsed = 00:00:18 . Memory (MB): peak = 3208.715 ; gain = 1.977
set_property PROBES.FILE {} [get_hw_devices xc7z007s_1]
set_property FULL_PROBES.FILE {} [get_hw_devices xc7z007s_1]
set_property PROGRAM.FILE {C:/Users/jones/Desktop/EE316-Lab3-main/Lab3/Lab3.runs/impl_1/top_level.bit} [get_hw_devices xc7z007s_1]
program_hw_devices [get_hw_devices xc7z007s_1]
INFO: [Labtools 27-3164] End of startup status: HIGH
refresh_hw_device [lindex [get_hw_devices xc7z007s_1] 0]
INFO: [Labtools 27-1434] Device xc7z007s (JTAG device index = 1) is programmed with a design that has no supported debug core(s) in it.
reset_run synth_1
WARNING: [Vivado 12-1017] Problems encountered:
1. Failed to delete one or more files in run directory C:/Users/jones/Desktop/EE316-Lab3-main/Lab3/Lab3.runs/synth_1

launch_runs impl_1 -to_step write_bitstream -jobs 14
[Wed Mar  2 15:32:23 2022] Launched synth_1...
Run output will be captured here: C:/Users/jones/Desktop/EE316-Lab3-main/Lab3/Lab3.runs/synth_1/runme.log
[Wed Mar  2 15:32:23 2022] Launched impl_1...
Run output will be captured here: C:/Users/jones/Desktop/EE316-Lab3-main/Lab3/Lab3.runs/impl_1/runme.log
launch_runs: Time (s): cpu = 00:00:01 ; elapsed = 00:00:18 . Memory (MB): peak = 3208.715 ; gain = 0.000
reset_run synth_1
WARNING: [Vivado 12-1017] Problems encountered:
1. Failed to delete one or more files in run directory C:/Users/jones/Desktop/EE316-Lab3-main/Lab3/Lab3.runs/synth_1

launch_runs impl_1 -to_step write_bitstream -jobs 14
[Wed Mar  2 15:33:17 2022] Launched synth_1...
Run output will be captured here: C:/Users/jones/Desktop/EE316-Lab3-main/Lab3/Lab3.runs/synth_1/runme.log
[Wed Mar  2 15:33:17 2022] Launched impl_1...
Run output will be captured here: C:/Users/jones/Desktop/EE316-Lab3-main/Lab3/Lab3.runs/impl_1/runme.log
launch_runs: Time (s): cpu = 00:00:01 ; elapsed = 00:00:18 . Memory (MB): peak = 3208.715 ; gain = 0.000
set_property PROBES.FILE {} [get_hw_devices xc7z007s_1]
set_property FULL_PROBES.FILE {} [get_hw_devices xc7z007s_1]
set_property PROGRAM.FILE {C:/Users/jones/Desktop/EE316-Lab3-main/Lab3/Lab3.runs/impl_1/top_level.bit} [get_hw_devices xc7z007s_1]
program_hw_devices [get_hw_devices xc7z007s_1]
INFO: [Labtools 27-3164] End of startup status: HIGH
refresh_hw_device [lindex [get_hw_devices xc7z007s_1] 0]
INFO: [Labtools 27-1434] Device xc7z007s (JTAG device index = 1) is programmed with a design that has no supported debug core(s) in it.
reset_run synth_1
WARNING: [Vivado 12-1017] Problems encountered:
1. Failed to delete one or more files in run directory C:/Users/jones/Desktop/EE316-Lab3-main/Lab3/Lab3.runs/synth_1

launch_runs impl_1 -to_step write_bitstream -jobs 14
[Wed Mar  2 15:41:14 2022] Launched synth_1...
Run output will be captured here: C:/Users/jones/Desktop/EE316-Lab3-main/Lab3/Lab3.runs/synth_1/runme.log
[Wed Mar  2 15:41:14 2022] Launched impl_1...
Run output will be captured here: C:/Users/jones/Desktop/EE316-Lab3-main/Lab3/Lab3.runs/impl_1/runme.log
launch_runs: Time (s): cpu = 00:00:01 ; elapsed = 00:00:19 . Memory (MB): peak = 3209.594 ; gain = 0.879
set_property PROBES.FILE {} [get_hw_devices xc7z007s_1]
set_property FULL_PROBES.FILE {} [get_hw_devices xc7z007s_1]
set_property PROGRAM.FILE {C:/Users/jones/Desktop/EE316-Lab3-main/Lab3/Lab3.runs/impl_1/top_level.bit} [get_hw_devices xc7z007s_1]
program_hw_devices [get_hw_devices xc7z007s_1]
INFO: [Labtools 27-3164] End of startup status: HIGH
refresh_hw_device [lindex [get_hw_devices xc7z007s_1] 0]
INFO: [Labtools 27-1434] Device xc7z007s (JTAG device index = 1) is programmed with a design that has no supported debug core(s) in it.
set_property PROBES.FILE {} [get_hw_devices xc7z007s_1]
set_property FULL_PROBES.FILE {} [get_hw_devices xc7z007s_1]
set_property PROGRAM.FILE {C:/Users/jones/Desktop/EE316-Lab3-main/Lab3/Lab3.runs/impl_1/top_level.bit} [get_hw_devices xc7z007s_1]
program_hw_devices [get_hw_devices xc7z007s_1]
INFO: [Labtools 27-3164] End of startup status: HIGH
refresh_hw_device [lindex [get_hw_devices xc7z007s_1] 0]
INFO: [Labtools 27-1434] Device xc7z007s (JTAG device index = 1) is programmed with a design that has no supported debug core(s) in it.
reset_run synth_1
WARNING: [Vivado 12-1017] Problems encountered:
1. Failed to delete one or more files in run directory C:/Users/jones/Desktop/EE316-Lab3-main/Lab3/Lab3.runs/synth_1

launch_runs impl_1 -to_step write_bitstream -jobs 14
[Wed Mar  2 15:46:50 2022] Launched synth_1...
Run output will be captured here: C:/Users/jones/Desktop/EE316-Lab3-main/Lab3/Lab3.runs/synth_1/runme.log
[Wed Mar  2 15:46:50 2022] Launched impl_1...
Run output will be captured here: C:/Users/jones/Desktop/EE316-Lab3-main/Lab3/Lab3.runs/impl_1/runme.log
launch_runs: Time (s): cpu = 00:00:00 ; elapsed = 00:00:18 . Memory (MB): peak = 3228.625 ; gain = 4.094
reset_run synth_1
WARNING: [Vivado 12-1017] Problems encountered:
1. Failed to delete one or more files in run directory C:/Users/jones/Desktop/EE316-Lab3-main/Lab3/Lab3.runs/synth_1

launch_runs impl_1 -to_step write_bitstream -jobs 14
[Wed Mar  2 15:47:43 2022] Launched synth_1...
Run output will be captured here: C:/Users/jones/Desktop/EE316-Lab3-main/Lab3/Lab3.runs/synth_1/runme.log
[Wed Mar  2 15:47:43 2022] Launched impl_1...
Run output will be captured here: C:/Users/jones/Desktop/EE316-Lab3-main/Lab3/Lab3.runs/impl_1/runme.log
launch_runs: Time (s): cpu = 00:00:01 ; elapsed = 00:00:18 . Memory (MB): peak = 3228.625 ; gain = 0.000
set_property PROBES.FILE {} [get_hw_devices xc7z007s_1]
set_property FULL_PROBES.FILE {} [get_hw_devices xc7z007s_1]
set_property PROGRAM.FILE {C:/Users/jones/Desktop/EE316-Lab3-main/Lab3/Lab3.runs/impl_1/top_level.bit} [get_hw_devices xc7z007s_1]
program_hw_devices [get_hw_devices xc7z007s_1]
INFO: [Labtools 27-3164] End of startup status: HIGH
refresh_hw_device [lindex [get_hw_devices xc7z007s_1] 0]
INFO: [Labtools 27-1434] Device xc7z007s (JTAG device index = 1) is programmed with a design that has no supported debug core(s) in it.
reset_run synth_1
WARNING: [Vivado 12-1017] Problems encountered:
1. Failed to delete one or more files in run directory C:/Users/jones/Desktop/EE316-Lab3-main/Lab3/Lab3.runs/synth_1

launch_runs impl_1 -to_step write_bitstream -jobs 14
[Wed Mar  2 15:58:00 2022] Launched synth_1...
Run output will be captured here: C:/Users/jones/Desktop/EE316-Lab3-main/Lab3/Lab3.runs/synth_1/runme.log
[Wed Mar  2 15:58:00 2022] Launched impl_1...
Run output will be captured here: C:/Users/jones/Desktop/EE316-Lab3-main/Lab3/Lab3.runs/impl_1/runme.log
launch_runs: Time (s): cpu = 00:00:01 ; elapsed = 00:00:18 . Memory (MB): peak = 3242.211 ; gain = 0.000
set_property PROBES.FILE {} [get_hw_devices xc7z007s_1]
set_property FULL_PROBES.FILE {} [get_hw_devices xc7z007s_1]
set_property PROGRAM.FILE {C:/Users/jones/Desktop/EE316-Lab3-main/Lab3/Lab3.runs/impl_1/top_level.bit} [get_hw_devices xc7z007s_1]
program_hw_devices [get_hw_devices xc7z007s_1]
INFO: [Labtools 27-3164] End of startup status: HIGH
refresh_hw_device [lindex [get_hw_devices xc7z007s_1] 0]
INFO: [Labtools 27-1434] Device xc7z007s (JTAG device index = 1) is programmed with a design that has no supported debug core(s) in it.
reset_run synth_1
WARNING: [Vivado 12-1017] Problems encountered:
1. Failed to delete one or more files in run directory C:/Users/jones/Desktop/EE316-Lab3-main/Lab3/Lab3.runs/synth_1

launch_runs impl_1 -to_step write_bitstream -jobs 14
[Wed Mar  2 16:04:57 2022] Launched synth_1...
Run output will be captured here: C:/Users/jones/Desktop/EE316-Lab3-main/Lab3/Lab3.runs/synth_1/runme.log
[Wed Mar  2 16:04:57 2022] Launched impl_1...
Run output will be captured here: C:/Users/jones/Desktop/EE316-Lab3-main/Lab3/Lab3.runs/impl_1/runme.log
launch_runs: Time (s): cpu = 00:00:01 ; elapsed = 00:00:18 . Memory (MB): peak = 3242.211 ; gain = 0.000
set_property PROBES.FILE {} [get_hw_devices xc7z007s_1]
set_property FULL_PROBES.FILE {} [get_hw_devices xc7z007s_1]
set_property PROGRAM.FILE {C:/Users/jones/Desktop/EE316-Lab3-main/Lab3/Lab3.runs/impl_1/top_level.bit} [get_hw_devices xc7z007s_1]
program_hw_devices [get_hw_devices xc7z007s_1]
INFO: [Labtools 27-3164] End of startup status: HIGH
refresh_hw_device [lindex [get_hw_devices xc7z007s_1] 0]
INFO: [Labtools 27-1434] Device xc7z007s (JTAG device index = 1) is programmed with a design that has no supported debug core(s) in it.
reset_run synth_1
WARNING: [Vivado 12-1017] Problems encountered:
1. Failed to delete one or more files in run directory C:/Users/jones/Desktop/EE316-Lab3-main/Lab3/Lab3.runs/synth_1

launch_runs impl_1 -to_step write_bitstream -jobs 14
[Wed Mar  2 16:12:09 2022] Launched synth_1...
Run output will be captured here: C:/Users/jones/Desktop/EE316-Lab3-main/Lab3/Lab3.runs/synth_1/runme.log
[Wed Mar  2 16:12:09 2022] Launched impl_1...
Run output will be captured here: C:/Users/jones/Desktop/EE316-Lab3-main/Lab3/Lab3.runs/impl_1/runme.log
launch_runs: Time (s): cpu = 00:00:01 ; elapsed = 00:00:18 . Memory (MB): peak = 3242.211 ; gain = 0.000
set_property PROBES.FILE {} [get_hw_devices xc7z007s_1]
set_property FULL_PROBES.FILE {} [get_hw_devices xc7z007s_1]
set_property PROGRAM.FILE {C:/Users/jones/Desktop/EE316-Lab3-main/Lab3/Lab3.runs/impl_1/top_level.bit} [get_hw_devices xc7z007s_1]
program_hw_devices [get_hw_devices xc7z007s_1]
INFO: [Labtools 27-3164] End of startup status: HIGH
refresh_hw_device [lindex [get_hw_devices xc7z007s_1] 0]
INFO: [Labtools 27-1434] Device xc7z007s (JTAG device index = 1) is programmed with a design that has no supported debug core(s) in it.
reset_run synth_1
WARNING: [Vivado 12-1017] Problems encountered:
1. Failed to delete one or more files in run directory C:/Users/jones/Desktop/EE316-Lab3-main/Lab3/Lab3.runs/synth_1

launch_runs impl_1 -to_step write_bitstream -jobs 14
[Wed Mar  2 16:15:48 2022] Launched synth_1...
Run output will be captured here: C:/Users/jones/Desktop/EE316-Lab3-main/Lab3/Lab3.runs/synth_1/runme.log
[Wed Mar  2 16:15:48 2022] Launched impl_1...
Run output will be captured here: C:/Users/jones/Desktop/EE316-Lab3-main/Lab3/Lab3.runs/impl_1/runme.log
launch_runs: Time (s): cpu = 00:00:01 ; elapsed = 00:00:18 . Memory (MB): peak = 3242.211 ; gain = 0.000
set_property PROBES.FILE {} [get_hw_devices xc7z007s_1]
set_property FULL_PROBES.FILE {} [get_hw_devices xc7z007s_1]
set_property PROGRAM.FILE {C:/Users/jones/Desktop/EE316-Lab3-main/Lab3/Lab3.runs/impl_1/top_level.bit} [get_hw_devices xc7z007s_1]
program_hw_devices [get_hw_devices xc7z007s_1]
INFO: [Labtools 27-3164] End of startup status: HIGH
refresh_hw_device [lindex [get_hw_devices xc7z007s_1] 0]
INFO: [Labtools 27-1434] Device xc7z007s (JTAG device index = 1) is programmed with a design that has no supported debug core(s) in it.
reset_run synth_1
WARNING: [Vivado 12-1017] Problems encountered:
1. Failed to delete one or more files in run directory C:/Users/jones/Desktop/EE316-Lab3-main/Lab3/Lab3.runs/synth_1

launch_runs impl_1 -to_step write_bitstream -jobs 14
[Wed Mar  2 16:31:48 2022] Launched synth_1...
Run output will be captured here: C:/Users/jones/Desktop/EE316-Lab3-main/Lab3/Lab3.runs/synth_1/runme.log
[Wed Mar  2 16:31:48 2022] Launched impl_1...
Run output will be captured here: C:/Users/jones/Desktop/EE316-Lab3-main/Lab3/Lab3.runs/impl_1/runme.log
launch_runs: Time (s): cpu = 00:00:01 ; elapsed = 00:00:18 . Memory (MB): peak = 3245.539 ; gain = 0.465
reset_run synth_1
WARNING: [Vivado 12-1017] Problems encountered:
1. Failed to delete one or more files in run directory C:/Users/jones/Desktop/EE316-Lab3-main/Lab3/Lab3.runs/synth_1

launch_runs impl_1 -to_step write_bitstream -jobs 14
[Wed Mar  2 16:32:46 2022] Launched synth_1...
Run output will be captured here: C:/Users/jones/Desktop/EE316-Lab3-main/Lab3/Lab3.runs/synth_1/runme.log
[Wed Mar  2 16:32:46 2022] Launched impl_1...
Run output will be captured here: C:/Users/jones/Desktop/EE316-Lab3-main/Lab3/Lab3.runs/impl_1/runme.log
launch_runs: Time (s): cpu = 00:00:01 ; elapsed = 00:00:18 . Memory (MB): peak = 3245.949 ; gain = 0.410
reset_run synth_1
WARNING: [Vivado 12-1017] Problems encountered:
1. Failed to delete one or more files in run directory C:/Users/jones/Desktop/EE316-Lab3-main/Lab3/Lab3.runs/synth_1

launch_runs impl_1 -to_step write_bitstream -jobs 14
[Wed Mar  2 16:33:28 2022] Launched synth_1...
Run output will be captured here: C:/Users/jones/Desktop/EE316-Lab3-main/Lab3/Lab3.runs/synth_1/runme.log
[Wed Mar  2 16:33:28 2022] Launched impl_1...
Run output will be captured here: C:/Users/jones/Desktop/EE316-Lab3-main/Lab3/Lab3.runs/impl_1/runme.log
launch_runs: Time (s): cpu = 00:00:00 ; elapsed = 00:00:18 . Memory (MB): peak = 3246.703 ; gain = 0.754
set_property PROBES.FILE {} [get_hw_devices xc7z007s_1]
set_property FULL_PROBES.FILE {} [get_hw_devices xc7z007s_1]
set_property PROGRAM.FILE {C:/Users/jones/Desktop/EE316-Lab3-main/Lab3/Lab3.runs/impl_1/top_level.bit} [get_hw_devices xc7z007s_1]
program_hw_devices [get_hw_devices xc7z007s_1]
INFO: [Labtools 27-3164] End of startup status: HIGH
refresh_hw_device [lindex [get_hw_devices xc7z007s_1] 0]
INFO: [Labtools 27-1434] Device xc7z007s (JTAG device index = 1) is programmed with a design that has no supported debug core(s) in it.
set_property PROBES.FILE {} [get_hw_devices xc7z007s_1]
set_property FULL_PROBES.FILE {} [get_hw_devices xc7z007s_1]
set_property PROGRAM.FILE {C:/Users/jones/Desktop/EE316-Lab3-main/Lab3/Lab3.runs/impl_1/top_level.bit} [get_hw_devices xc7z007s_1]
program_hw_devices [get_hw_devices xc7z007s_1]
INFO: [Labtools 27-3164] End of startup status: HIGH
refresh_hw_device [lindex [get_hw_devices xc7z007s_1] 0]
INFO: [Labtools 27-1434] Device xc7z007s (JTAG device index = 1) is programmed with a design that has no supported debug core(s) in it.
reset_run synth_1
WARNING: [Vivado 12-1017] Problems encountered:
1. Failed to delete one or more files in run directory C:/Users/jones/Desktop/EE316-Lab3-main/Lab3/Lab3.runs/synth_1

launch_runs impl_1 -to_step write_bitstream -jobs 14
[Wed Mar  2 16:43:58 2022] Launched synth_1...
Run output will be captured here: C:/Users/jones/Desktop/EE316-Lab3-main/Lab3/Lab3.runs/synth_1/runme.log
[Wed Mar  2 16:43:58 2022] Launched impl_1...
Run output will be captured here: C:/Users/jones/Desktop/EE316-Lab3-main/Lab3/Lab3.runs/impl_1/runme.log
launch_runs: Time (s): cpu = 00:00:00 ; elapsed = 00:00:18 . Memory (MB): peak = 3252.020 ; gain = 1.496
set_property PROBES.FILE {} [get_hw_devices xc7z007s_1]
set_property FULL_PROBES.FILE {} [get_hw_devices xc7z007s_1]
set_property PROGRAM.FILE {C:/Users/jones/Desktop/EE316-Lab3-main/Lab3/Lab3.runs/impl_1/top_level.bit} [get_hw_devices xc7z007s_1]
program_hw_devices [get_hw_devices xc7z007s_1]
INFO: [Labtools 27-3164] End of startup status: HIGH
refresh_hw_device [lindex [get_hw_devices xc7z007s_1] 0]
INFO: [Labtools 27-1434] Device xc7z007s (JTAG device index = 1) is programmed with a design that has no supported debug core(s) in it.
reset_run synth_1
WARNING: [Vivado 12-1017] Problems encountered:
1. Failed to delete one or more files in run directory C:/Users/jones/Desktop/EE316-Lab3-main/Lab3/Lab3.runs/synth_1

launch_runs impl_1 -to_step write_bitstream -jobs 14
[Wed Mar  2 16:49:05 2022] Launched synth_1...
Run output will be captured here: C:/Users/jones/Desktop/EE316-Lab3-main/Lab3/Lab3.runs/synth_1/runme.log
[Wed Mar  2 16:49:05 2022] Launched impl_1...
Run output will be captured here: C:/Users/jones/Desktop/EE316-Lab3-main/Lab3/Lab3.runs/impl_1/runme.log
launch_runs: Time (s): cpu = 00:00:00 ; elapsed = 00:00:18 . Memory (MB): peak = 3252.488 ; gain = 0.000
set_property PROBES.FILE {} [get_hw_devices xc7z007s_1]
set_property FULL_PROBES.FILE {} [get_hw_devices xc7z007s_1]
set_property PROGRAM.FILE {C:/Users/jones/Desktop/EE316-Lab3-main/Lab3/Lab3.runs/impl_1/top_level.bit} [get_hw_devices xc7z007s_1]
program_hw_devices [get_hw_devices xc7z007s_1]
INFO: [Labtools 27-3164] End of startup status: HIGH
refresh_hw_device [lindex [get_hw_devices xc7z007s_1] 0]
INFO: [Labtools 27-1434] Device xc7z007s (JTAG device index = 1) is programmed with a design that has no supported debug core(s) in it.
set_property PROBES.FILE {} [get_hw_devices xc7z007s_1]
set_property FULL_PROBES.FILE {} [get_hw_devices xc7z007s_1]
set_property PROGRAM.FILE {C:/Users/jones/Desktop/EE316-Lab3-main/Lab3/Lab3.runs/impl_1/top_level.bit} [get_hw_devices xc7z007s_1]
program_hw_devices [get_hw_devices xc7z007s_1]
INFO: [Labtools 27-3164] End of startup status: HIGH
refresh_hw_device [lindex [get_hw_devices xc7z007s_1] 0]
INFO: [Labtools 27-1434] Device xc7z007s (JTAG device index = 1) is programmed with a design that has no supported debug core(s) in it.
set_property PROBES.FILE {} [get_hw_devices xc7z007s_1]
set_property FULL_PROBES.FILE {} [get_hw_devices xc7z007s_1]
set_property PROGRAM.FILE {C:/Users/jones/Desktop/EE316-Lab3-main/Lab3/Lab3.runs/impl_1/top_level.bit} [get_hw_devices xc7z007s_1]
program_hw_devices [get_hw_devices xc7z007s_1]
INFO: [Labtools 27-3164] End of startup status: HIGH
refresh_hw_device [lindex [get_hw_devices xc7z007s_1] 0]
INFO: [Labtools 27-1434] Device xc7z007s (JTAG device index = 1) is programmed with a design that has no supported debug core(s) in it.
close_hw
refresh_design
INFO: [Netlist 29-17] Analyzing 31 Unisim elements for replacement
INFO: [Netlist 29-28] Unisim Transformation completed in 0 CPU seconds
INFO: [Project 1-479] Netlist was created with Vivado 2019.1
INFO: [Project 1-570] Preparing netlist for logic optimization
INFO: [Common 17-41] Interrupt caught. Command should exit soon.
INFO: [Timing 38-478] Restoring timing data from binary archive.
INFO: [Timing 38-479] Binary timing data restore complete.
INFO: [Project 1-856] Restoring constraints from binary archive.
INFO: [Project 1-853] Binary constraint restore complete.
Reading XDEF placement.
Reading placer database...
Reading XDEF routing.
Restored from archive | CPU: 0.000000 secs | Memory: 0.000000 MB |
Finished XDEF File Restore: Time (s): cpu = 00:00:00 ; elapsed = 00:00:00.025 . Memory (MB): peak = 3335.730 ; gain = 0.000
INFO: [Common 17-344] 'refresh_design' was cancelled
open_hw
connect_hw_server
INFO: [Labtools 27-2285] Connecting to hw_server url TCP:localhost:3121
open_hw_target
INFO: [Labtoolstcl 44-466] Opening hw_target localhost:3121/xilinx_tcf/Digilent/210370AFD299A
set_property PROGRAM.FILE {C:/Users/jones/Desktop/EE316-Lab3-main/Lab3/Lab3.runs/impl_1/top_level.bit} [get_hw_devices xc7z007s_1]
current_hw_device [get_hw_devices xc7z007s_1]
refresh_hw_device -update_hw_probes false [lindex [get_hw_devices xc7z007s_1] 0]
INFO: [Labtools 27-1435] Device xc7z007s (JTAG device index = 1) is not programmed (DONE status = 0).
set_property PROBES.FILE {} [get_hw_devices xc7z007s_1]
set_property FULL_PROBES.FILE {} [get_hw_devices xc7z007s_1]
set_property PROGRAM.FILE {C:/Users/jones/Desktop/EE316-Lab3-main/Lab3/Lab3.runs/impl_1/top_level.bit} [get_hw_devices xc7z007s_1]
program_hw_devices [get_hw_devices xc7z007s_1]
INFO: [Labtools 27-3164] End of startup status: HIGH
refresh_hw_device [lindex [get_hw_devices xc7z007s_1] 0]
INFO: [Labtools 27-1434] Device xc7z007s (JTAG device index = 1) is programmed with a design that has no supported debug core(s) in it.
refresh_hw_device [lindex [get_hw_devices xc7z007s_1] 0]
INFO: [Labtools 27-1434] Device xc7z007s (JTAG device index = 1) is programmed with a design that has no supported debug core(s) in it.
set_property PROBES.FILE {} [get_hw_devices xc7z007s_1]
set_property FULL_PROBES.FILE {} [get_hw_devices xc7z007s_1]
set_property PROGRAM.FILE {C:/Users/jones/Desktop/EE316-Lab3-main/Lab3/Lab3.runs/impl_1/top_level.bit} [get_hw_devices xc7z007s_1]
program_hw_devices [get_hw_devices xc7z007s_1]
INFO: [Labtools 27-3164] End of startup status: HIGH
refresh_hw_device [lindex [get_hw_devices xc7z007s_1] 0]
INFO: [Labtools 27-1434] Device xc7z007s (JTAG device index = 1) is programmed with a design that has no supported debug core(s) in it.
set_property PROBES.FILE {} [get_hw_devices xc7z007s_1]
set_property FULL_PROBES.FILE {} [get_hw_devices xc7z007s_1]
set_property PROGRAM.FILE {C:/Users/jones/Desktop/EE316-Lab3-main/Lab3/Lab3.runs/impl_1/top_level.bit} [get_hw_devices xc7z007s_1]
program_hw_devices [get_hw_devices xc7z007s_1]
INFO: [Labtools 27-3164] End of startup status: HIGH
refresh_hw_device [lindex [get_hw_devices xc7z007s_1] 0]
INFO: [Labtools 27-1434] Device xc7z007s (JTAG device index = 1) is programmed with a design that has no supported debug core(s) in it.
exit
