#-----------------------------------------------------------
# Vivado v2019.1.3 (64-bit)
# SW Build 2644227 on Wed Sep  4 09:45:24 MDT 2019
# IP Build 2633630 on Wed Sep  4 12:30:14 MDT 2019
# Start of session at: Tue Feb 15 15:43:24 2022
# Process ID: 24568
# Current directory: C:/Users/jones/Desktop/EE316-Lab3/Lab3
# Command line: vivado.exe -gui_launcher_event rodinguilauncherevent25212 C:\Users\jones\Desktop\EE316-Lab3\Lab3\Lab3.xpr
# Log file: C:/Users/jones/Desktop/EE316-Lab3/Lab3/vivado.log
# Journal file: C:/Users/jones/Desktop/EE316-Lab3/Lab3\vivado.jou
#-----------------------------------------------------------
start_gui
open_project C:/Users/jones/Desktop/EE316-Lab3/Lab3/Lab3.xpr
Scanning sources...
Finished scanning sources
WARNING: [filemgmt 56-3] IPUserFilesDir: Could not find the directory 'C:/Users/jones/Desktop/EE316-Lab3/Lab3/Lab3.ip_user_files'.
INFO: [IP_Flow 19-234] Refreshing IP repositories
INFO: [IP_Flow 19-1704] No user IP repositories specified
INFO: [IP_Flow 19-2313] Loaded Vivado IP repository 'C:/Xilinx/Vivado/2019.1/data/ip'.
open_project: Time (s): cpu = 00:00:06 ; elapsed = 00:00:05 . Memory (MB): peak = 820.922 ; gain = 164.328
add_files -fileset constrs_1 -norecurse {{C:/Xilinx/XDC Files/Cora-Z7-07S-Master.xdc}}
import_files -fileset constrs_1 {{C:/Xilinx/XDC Files/Cora-Z7-07S-Master.xdc}}
import_files -norecurse {{C:/Users/jones/OneDrive - clarkson.edu/Clarkson Documents/Spring 2022/EE 316/EE316-Lab2/Lab2/reset_delay.vhd} {C:/Users/jones/OneDrive - clarkson.edu/Clarkson Documents/Spring 2022/EE 316/EE316-Lab2/Lab2/PWM.vhd} {C:/Users/jones/OneDrive - clarkson.edu/Clarkson Documents/Spring 2022/EE 316/EE316-Lab2/Lab2/system_controller.vhd} {C:/Users/jones/OneDrive - clarkson.edu/Clarkson Documents/Spring 2022/EE 316/EE316-Lab2/Lab2/i2c_user_logic.vhd} {C:/Users/jones/OneDrive - clarkson.edu/Clarkson Documents/Spring 2022/EE 316/EE316-Lab2/Lab2/i2c_master.vhd}}
update_compile_order -fileset sources_1
update_compile_order -fileset sources_1
export_ip_user_files -of_objects  [get_files C:/Users/jones/Desktop/EE316-Lab3/Lab3/Lab3.srcs/sources_1/imports/Lab2/system_controller.vhd] -no_script -reset -force -quiet
remove_files  C:/Users/jones/Desktop/EE316-Lab3/Lab3/Lab3.srcs/sources_1/imports/Lab2/system_controller.vhd
file delete -force C:/Users/jones/Desktop/EE316-Lab3/Lab3/Lab3.srcs/sources_1/imports/Lab2/system_controller.vhd
exit
INFO: [Common 17-206] Exiting Vivado at Tue Feb 15 15:51:54 2022...
