#-----------------------------------------------------------
# Vivado v2019.1 (64-bit)
# SW Build 2552052 on Fri May 24 14:49:42 MDT 2019
# IP Build 2548770 on Fri May 24 18:01:18 MDT 2019
# Start of session at: Thu Mar  3 13:21:30 2022
# Process ID: 2376
# Current directory: C:/Users/jones/Desktop/EE316-Lab3/Lab3
# Command line: vivado.exe -gui_launcher_event rodinguilauncherevent3076 C:\Users\jones\Desktop\EE316-Lab3\Lab3\Lab3.xpr
# Log file: C:/Users/jones/Desktop/EE316-Lab3/Lab3/vivado.log
# Journal file: C:/Users/jones/Desktop/EE316-Lab3/Lab3\vivado.jou
#-----------------------------------------------------------
start_gui
open_project C:/Users/jones/Desktop/EE316-Lab3/Lab3/Lab3.xpr
INFO: [Project 1-313] Project file moved from 'C:/Users/jones/Desktop/EE316-Lab3-main/Lab3' since last save.
Scanning sources...
Finished scanning sources
INFO: [IP_Flow 19-234] Refreshing IP repositories
INFO: [IP_Flow 19-1704] No user IP repositories specified
INFO: [IP_Flow 19-2313] Loaded Vivado IP repository 'C:/Xilinx/Vivado/2019.1/data/ip'.
open_project: Time (s): cpu = 00:00:13 ; elapsed = 00:00:06 . Memory (MB): peak = 901.770 ; gain = 191.895
update_compile_order -fileset sources_1
open_hw
connect_hw_server
INFO: [Labtools 27-2285] Connecting to hw_server url TCP:localhost:3121
open_hw_target
INFO: [Labtoolstcl 44-466] Opening hw_target localhost:3121/xilinx_tcf/Digilent/210370AFD299A
open_hw_target: Time (s): cpu = 00:00:04 ; elapsed = 00:00:05 . Memory (MB): peak = 2064.840 ; gain = 1115.430
set_property PROGRAM.FILE {C:/Users/jones/Desktop/EE316-Lab3/Lab3/Lab3.runs/impl_1/top_level.bit} [get_hw_devices xc7z007s_1]
current_hw_device [get_hw_devices xc7z007s_1]
refresh_hw_device -update_hw_probes false [lindex [get_hw_devices xc7z007s_1] 0]
INFO: [Labtools 27-1435] Device xc7z007s (JTAG device index = 1) is not programmed (DONE status = 0).
set_property PROBES.FILE {} [get_hw_devices xc7z007s_1]
set_property FULL_PROBES.FILE {} [get_hw_devices xc7z007s_1]
set_property PROGRAM.FILE {C:/Users/jones/Desktop/EE316-Lab3/Lab3/Lab3.runs/impl_1/top_level.bit} [get_hw_devices xc7z007s_1]
program_hw_devices [get_hw_devices xc7z007s_1]
INFO: [Labtools 27-3164] End of startup status: HIGH
refresh_hw_device [lindex [get_hw_devices xc7z007s_1] 0]
INFO: [Labtools 27-1434] Device xc7z007s (JTAG device index = 1) is programmed with a design that has no supported debug core(s) in it.
reset_run synth_1
WARNING: [Vivado 12-1017] Problems encountered:
1. Failed to delete one or more files in run directory C:/Users/jones/Desktop/EE316-Lab3/Lab3/Lab3.runs/synth_1

launch_runs impl_1 -to_step write_bitstream -jobs 14
[Thu Mar  3 13:30:23 2022] Launched synth_1...
Run output will be captured here: C:/Users/jones/Desktop/EE316-Lab3/Lab3/Lab3.runs/synth_1/runme.log
[Thu Mar  3 13:30:23 2022] Launched impl_1...
Run output will be captured here: C:/Users/jones/Desktop/EE316-Lab3/Lab3/Lab3.runs/impl_1/runme.log
launch_runs: Time (s): cpu = 00:00:01 ; elapsed = 00:00:18 . Memory (MB): peak = 2149.844 ; gain = 5.293
set_property PROBES.FILE {} [get_hw_devices xc7z007s_1]
set_property FULL_PROBES.FILE {} [get_hw_devices xc7z007s_1]
set_property PROGRAM.FILE {C:/Users/jones/Desktop/EE316-Lab3/Lab3/Lab3.runs/impl_1/top_level.bit} [get_hw_devices xc7z007s_1]
program_hw_devices [get_hw_devices xc7z007s_1]
INFO: [Labtools 27-3164] End of startup status: HIGH
refresh_hw_device [lindex [get_hw_devices xc7z007s_1] 0]
INFO: [Labtools 27-1434] Device xc7z007s (JTAG device index = 1) is programmed with a design that has no supported debug core(s) in it.
reset_run synth_1
WARNING: [Vivado 12-1017] Problems encountered:
1. Failed to delete one or more files in run directory C:/Users/jones/Desktop/EE316-Lab3/Lab3/Lab3.runs/synth_1

launch_runs impl_1 -to_step write_bitstream -jobs 14
[Thu Mar  3 13:34:49 2022] Launched synth_1...
Run output will be captured here: C:/Users/jones/Desktop/EE316-Lab3/Lab3/Lab3.runs/synth_1/runme.log
[Thu Mar  3 13:34:49 2022] Launched impl_1...
Run output will be captured here: C:/Users/jones/Desktop/EE316-Lab3/Lab3/Lab3.runs/impl_1/runme.log
launch_runs: Time (s): cpu = 00:00:01 ; elapsed = 00:00:18 . Memory (MB): peak = 2149.844 ; gain = 0.000
set_property PROBES.FILE {} [get_hw_devices xc7z007s_1]
set_property FULL_PROBES.FILE {} [get_hw_devices xc7z007s_1]
set_property PROGRAM.FILE {C:/Users/jones/Desktop/EE316-Lab3/Lab3/Lab3.runs/impl_1/top_level.bit} [get_hw_devices xc7z007s_1]
program_hw_devices [get_hw_devices xc7z007s_1]
INFO: [Labtools 27-3164] End of startup status: HIGH
refresh_hw_device [lindex [get_hw_devices xc7z007s_1] 0]
INFO: [Labtools 27-1434] Device xc7z007s (JTAG device index = 1) is programmed with a design that has no supported debug core(s) in it.
exit
INFO: [Common 17-206] Exiting Vivado at Thu Mar  3 13:46:43 2022...
